[ 2016-12-15T09:04:22+08:00 ] 127.0.0.1 /index.php/home/uci/getNewsList
INFO: [ app_init ] --START--
INFO: Run Behavior\BuildLiteBehavior [ RunTime:0.000019s ]
INFO: [ app_init ] --END-- [ RunTime:0.000310s ]
INFO: [ app_begin ] --START--
INFO: Run Behavior\ReadHtmlCacheBehavior [ RunTime:0.000380s ]
INFO: [ app_begin ] --END-- [ RunTime:0.000459s ]
SQL: SHOW COLUMNS FROM `news` [ RunTime:0.0018s ]
SQL: SELECT news.id,`title`,news.type_id,`author_id`,name as author_name,`time` FROM `news` INNER JOIN user ON news.author_id=user.id  WHERE ( news.isDelete=0 )  [ RunTime:0.0004s ]

[ 2016-12-15T09:04:23+08:00 ] 127.0.0.1 /index.php/home/uci/getDeletedNewsList
INFO: [ app_init ] --START--
INFO: Run Behavior\BuildLiteBehavior [ RunTime:0.000017s ]
INFO: [ app_init ] --END-- [ RunTime:0.000291s ]
INFO: [ app_begin ] --START--
INFO: Run Behavior\ReadHtmlCacheBehavior [ RunTime:0.000376s ]
INFO: [ app_begin ] --END-- [ RunTime:0.000453s ]
SQL: SHOW COLUMNS FROM `news` [ RunTime:0.0013s ]
SQL: SELECT news.id,`title`,news.type_id,`author_id`,name as author_name,`time` FROM `news` INNER JOIN user ON news.author_id=user.id  WHERE ( news.isDelete=1 )  [ RunTime:0.0003s ]

[ 2016-12-15T09:15:51+08:00 ] 127.0.0.1 /index.php/home/uci/getNewsList
INFO: [ app_init ] --START--
INFO: Run Behavior\BuildLiteBehavior [ RunTime:0.000018s ]
INFO: [ app_init ] --END-- [ RunTime:0.000290s ]
INFO: [ app_begin ] --START--
INFO: Run Behavior\ReadHtmlCacheBehavior [ RunTime:0.000441s ]
INFO: [ app_begin ] --END-- [ RunTime:0.000559s ]
SQL: SHOW COLUMNS FROM `news` [ RunTime:0.0016s ]
SQL: SELECT news.id,`title`,news.type_id,`author_id`,name as author_name,`time` FROM `news` INNER JOIN user ON news.author_id=user.id  WHERE ( news.isDelete=0 )  [ RunTime:0.0003s ]

[ 2016-12-15T09:15:52+08:00 ] 127.0.0.1 /index.php/home/uci/getDeletedNewsList
INFO: [ app_init ] --START--
INFO: Run Behavior\BuildLiteBehavior [ RunTime:0.000027s ]
INFO: [ app_init ] --END-- [ RunTime:0.000333s ]
INFO: [ app_begin ] --START--
INFO: Run Behavior\ReadHtmlCacheBehavior [ RunTime:0.000364s ]
INFO: [ app_begin ] --END-- [ RunTime:0.000442s ]
SQL: SHOW COLUMNS FROM `news` [ RunTime:0.0013s ]
SQL: SELECT news.id,`title`,news.type_id,`author_id`,name as author_name,`time` FROM `news` INNER JOIN user ON news.author_id=user.id  WHERE ( news.isDelete=1 )  [ RunTime:0.0003s ]

[ 2016-12-15T09:15:53+08:00 ] 127.0.0.1 /index.php/home/uci/getNewsList
INFO: [ app_init ] --START--
INFO: Run Behavior\BuildLiteBehavior [ RunTime:0.000016s ]
INFO: [ app_init ] --END-- [ RunTime:0.000267s ]
INFO: [ app_begin ] --START--
INFO: Run Behavior\ReadHtmlCacheBehavior [ RunTime:0.000316s ]
INFO: [ app_begin ] --END-- [ RunTime:0.000392s ]
SQL: SHOW COLUMNS FROM `news` [ RunTime:0.0014s ]
SQL: SELECT news.id,`title`,news.type_id,`author_id`,name as author_name,`time` FROM `news` INNER JOIN user ON news.author_id=user.id  WHERE ( news.isDelete=0 )  [ RunTime:0.0003s ]

[ 2016-12-15T09:15:54+08:00 ] 127.0.0.1 /index.php/home/uci/getDeletedNewsList
INFO: [ app_init ] --START--
INFO: Run Behavior\BuildLiteBehavior [ RunTime:0.000036s ]
INFO: [ app_init ] --END-- [ RunTime:0.000330s ]
INFO: [ app_begin ] --START--
INFO: Run Behavior\ReadHtmlCacheBehavior [ RunTime:0.000409s ]
INFO: [ app_begin ] --END-- [ RunTime:0.000488s ]
SQL: SHOW COLUMNS FROM `news` [ RunTime:0.0015s ]
SQL: SELECT news.id,`title`,news.type_id,`author_id`,name as author_name,`time` FROM `news` INNER JOIN user ON news.author_id=user.id  WHERE ( news.isDelete=1 )  [ RunTime:0.0002s ]

[ 2016-12-15T09:15:54+08:00 ] 127.0.0.1 /index.php/home/uci/getNewsList
INFO: [ app_init ] --START--
INFO: Run Behavior\BuildLiteBehavior [ RunTime:0.000017s ]
INFO: [ app_init ] --END-- [ RunTime:0.000271s ]
INFO: [ app_begin ] --START--
INFO: Run Behavior\ReadHtmlCacheBehavior [ RunTime:0.000321s ]
INFO: [ app_begin ] --END-- [ RunTime:0.000409s ]
SQL: SHOW COLUMNS FROM `news` [ RunTime:0.0015s ]
SQL: SELECT news.id,`title`,news.type_id,`author_id`,name as author_name,`time` FROM `news` INNER JOIN user ON news.author_id=user.id  WHERE ( news.isDelete=0 )  [ RunTime:0.0003s ]

[ 2016-12-15T09:16:07+08:00 ] 127.0.0.1 /index.php/home/uci/getNewsList
INFO: [ app_init ] --START--
INFO: Run Behavior\BuildLiteBehavior [ RunTime:0.000019s ]
INFO: [ app_init ] --END-- [ RunTime:0.000287s ]
INFO: [ app_begin ] --START--
INFO: Run Behavior\ReadHtmlCacheBehavior [ RunTime:0.000351s ]
INFO: [ app_begin ] --END-- [ RunTime:0.000434s ]
SQL: SHOW COLUMNS FROM `news` [ RunTime:0.0013s ]
SQL: SELECT news.id,`title`,news.type_id,`author_id`,name as author_name,`time` FROM `news` INNER JOIN user ON news.author_id=user.id  WHERE ( news.isDelete=0 )  [ RunTime:0.0002s ]

[ 2016-12-15T09:16:34+08:00 ] 127.0.0.1 /index.php/home/uci/getNewsList
INFO: [ app_init ] --START--
INFO: Run Behavior\BuildLiteBehavior [ RunTime:0.000020s ]
INFO: [ app_init ] --END-- [ RunTime:0.000438s ]
INFO: [ app_begin ] --START--
INFO: Run Behavior\ReadHtmlCacheBehavior [ RunTime:0.000389s ]
INFO: [ app_begin ] --END-- [ RunTime:0.000470s ]
SQL: SHOW COLUMNS FROM `news` [ RunTime:0.0014s ]
SQL: SELECT news.id,`title`,news.type_id,`author_id`,name as author_name,`time` FROM `news` INNER JOIN user ON news.author_id=user.id  WHERE ( news.isDelete=0 )  [ RunTime:0.0003s ]

[ 2016-12-15T09:27:16+08:00 ] 127.0.0.1 /index.php/home/uci/getNewsDetails?id=4
INFO: [ app_init ] --START--
INFO: Run Behavior\BuildLiteBehavior [ RunTime:0.000024s ]
INFO: [ app_init ] --END-- [ RunTime:0.000360s ]
INFO: [ app_begin ] --START--
INFO: Run Behavior\ReadHtmlCacheBehavior [ RunTime:0.000758s ]
INFO: [ app_begin ] --END-- [ RunTime:0.000931s ]
SQL: SHOW COLUMNS FROM `news` [ RunTime:0.0015s ]
SQL: SELECT * FROM `news` WHERE ( id=4 AND isDelete=0 ) LIMIT 1   [ RunTime:0.0002s ]

[ 2016-12-15T09:34:27+08:00 ] 127.0.0.1 /index.php/home/uci/getNewsDetails?id=4
INFO: [ app_init ] --START--
INFO: Run Behavior\BuildLiteBehavior [ RunTime:0.000025s ]
INFO: [ app_init ] --END-- [ RunTime:0.000459s ]
INFO: [ app_begin ] --START--
INFO: Run Behavior\ReadHtmlCacheBehavior [ RunTime:0.000513s ]
INFO: [ app_begin ] --END-- [ RunTime:0.000631s ]
SQL: SHOW COLUMNS FROM `news` [ RunTime:0.0029s ]
SQL: SELECT * FROM `news` WHERE ( id=4 AND isDelete=0 ) LIMIT 1   [ RunTime:0.0006s ]

[ 2016-12-15T09:34:36+08:00 ] 127.0.0.1 /index.php/home/uci/getNewsDetails?id=4
INFO: [ app_init ] --START--
INFO: Run Behavior\BuildLiteBehavior [ RunTime:0.000020s ]
INFO: [ app_init ] --END-- [ RunTime:0.000332s ]
INFO: [ app_begin ] --START--
INFO: Run Behavior\ReadHtmlCacheBehavior [ RunTime:0.000420s ]
INFO: [ app_begin ] --END-- [ RunTime:0.000511s ]
SQL: SHOW COLUMNS FROM `news` [ RunTime:0.0015s ]
SQL: SELECT * FROM `news` WHERE ( id=4 AND isDelete=0 ) LIMIT 1   [ RunTime:0.0002s ]

[ 2016-12-15T09:34:46+08:00 ] 127.0.0.1 /index.php/home/uci/getNewsDetails?id=4
INFO: [ app_init ] --START--
INFO: Run Behavior\BuildLiteBehavior [ RunTime:0.000024s ]
INFO: [ app_init ] --END-- [ RunTime:0.000344s ]
INFO: [ app_begin ] --START--
INFO: Run Behavior\ReadHtmlCacheBehavior [ RunTime:0.000361s ]
INFO: [ app_begin ] --END-- [ RunTime:0.000450s ]
SQL: SHOW COLUMNS FROM `news` [ RunTime:0.0013s ]
SQL: SELECT * FROM `news` WHERE ( id=4 AND isDelete=0 ) LIMIT 1   [ RunTime:0.0002s ]

[ 2016-12-15T09:34:55+08:00 ] 127.0.0.1 /index.php/home/uci/getNewsDetails?id=4
INFO: [ app_init ] --START--
INFO: Run Behavior\BuildLiteBehavior [ RunTime:0.000023s ]
INFO: [ app_init ] --END-- [ RunTime:0.000402s ]
INFO: [ app_begin ] --START--
INFO: Run Behavior\ReadHtmlCacheBehavior [ RunTime:0.000451s ]
INFO: [ app_begin ] --END-- [ RunTime:0.000555s ]
SQL: SHOW COLUMNS FROM `news` [ RunTime:0.0018s ]
SQL: SELECT * FROM `news` WHERE ( id=4 AND isDelete=0 ) LIMIT 1   [ RunTime:0.0003s ]

[ 2016-12-15T09:35:03+08:00 ] 127.0.0.1 /index.php/home/uci/getNewsDetails?id=4
INFO: [ app_init ] --START--
INFO: Run Behavior\BuildLiteBehavior [ RunTime:0.000021s ]
INFO: [ app_init ] --END-- [ RunTime:0.000334s ]
INFO: [ app_begin ] --START--
INFO: Run Behavior\ReadHtmlCacheBehavior [ RunTime:0.000444s ]
INFO: [ app_begin ] --END-- [ RunTime:0.000532s ]
SQL: SHOW COLUMNS FROM `news` [ RunTime:0.0023s ]
SQL: SELECT * FROM `news` WHERE ( id=4 AND isDelete=0 ) LIMIT 1   [ RunTime:0.0004s ]

[ 2016-12-15T09:35:41+08:00 ] 127.0.0.1 /index.php/home/uci/getNewsDetails?id=4
INFO: [ app_init ] --START--
INFO: Run Behavior\BuildLiteBehavior [ RunTime:0.000021s ]
INFO: [ app_init ] --END-- [ RunTime:0.000321s ]
INFO: [ app_begin ] --START--
INFO: Run Behavior\ReadHtmlCacheBehavior [ RunTime:0.000367s ]
INFO: [ app_begin ] --END-- [ RunTime:0.000459s ]
SQL: SHOW COLUMNS FROM `news` [ RunTime:0.0019s ]
SQL: SELECT * FROM `news` WHERE ( id=4 AND isDelete=0 ) LIMIT 1   [ RunTime:0.0004s ]

[ 2016-12-15T09:37:02+08:00 ] 127.0.0.1 /index.php/home/uci/getNewsList
INFO: [ app_init ] --START--
INFO: Run Behavior\BuildLiteBehavior [ RunTime:0.000017s ]
INFO: [ app_init ] --END-- [ RunTime:0.000322s ]
INFO: [ app_begin ] --START--
INFO: Run Behavior\ReadHtmlCacheBehavior [ RunTime:0.000381s ]
INFO: [ app_begin ] --END-- [ RunTime:0.000460s ]
SQL: SHOW COLUMNS FROM `news` [ RunTime:0.0013s ]
SQL: SELECT news.id,`title`,news.type_id,`author_id`,name as author_name,`time` FROM `news` INNER JOIN user ON news.author_id=user.id  WHERE ( news.isDelete=0 )  [ RunTime:0.0003s ]

[ 2016-12-15T09:37:05+08:00 ] 127.0.0.1 /index.php/home/uci/getNewsDetails?id=49
INFO: [ app_init ] --START--
INFO: Run Behavior\BuildLiteBehavior [ RunTime:0.000022s ]
INFO: [ app_init ] --END-- [ RunTime:0.000328s ]
INFO: [ app_begin ] --START--
INFO: Run Behavior\ReadHtmlCacheBehavior [ RunTime:0.000398s ]
INFO: [ app_begin ] --END-- [ RunTime:0.000494s ]
SQL: SHOW COLUMNS FROM `news` [ RunTime:0.0015s ]
SQL: SELECT * FROM `news` WHERE ( id=49 AND isDelete=0 ) LIMIT 1   [ RunTime:0.0003s ]

[ 2016-12-15T09:41:59+08:00 ] 127.0.0.1 /index.php/home/uci/getNewsDetails?id=49
INFO: [ app_init ] --START--
INFO: Run Behavior\BuildLiteBehavior [ RunTime:0.000019s ]
INFO: [ app_init ] --END-- [ RunTime:0.000330s ]
INFO: [ app_begin ] --START--
INFO: Run Behavior\ReadHtmlCacheBehavior [ RunTime:0.001072s ]
INFO: [ app_begin ] --END-- [ RunTime:0.001353s ]
SQL: SHOW COLUMNS FROM `news` [ RunTime:0.0034s ]
SQL: SELECT * FROM `news` WHERE ( id=49 AND isDelete=0 ) LIMIT 1   [ RunTime:0.0005s ]

[ 2016-12-15T09:42:47+08:00 ] 127.0.0.1 /index.php/home/uci/getNewsDetails?id=49
INFO: [ app_init ] --START--
INFO: Run Behavior\BuildLiteBehavior [ RunTime:0.000029s ]
INFO: [ app_init ] --END-- [ RunTime:0.000637s ]
INFO: [ app_begin ] --START--
INFO: Run Behavior\ReadHtmlCacheBehavior [ RunTime:0.000587s ]
INFO: [ app_begin ] --END-- [ RunTime:0.000694s ]
SQL: SHOW COLUMNS FROM `news` [ RunTime:0.0032s ]
SQL: SELECT * FROM `news` WHERE ( id=49 AND isDelete=0 ) LIMIT 1   [ RunTime:0.0007s ]

[ 2016-12-15T09:45:39+08:00 ] 127.0.0.1 /index.php/home/uci/getNewsDetails?id=49
INFO: [ app_init ] --START--
INFO: Run Behavior\BuildLiteBehavior [ RunTime:0.000022s ]
INFO: [ app_init ] --END-- [ RunTime:0.000394s ]
INFO: [ app_begin ] --START--
INFO: Run Behavior\ReadHtmlCacheBehavior [ RunTime:0.000444s ]
INFO: [ app_begin ] --END-- [ RunTime:0.000541s ]
SQL: SHOW COLUMNS FROM `news` [ RunTime:0.0043s ]
SQL: SELECT * FROM `news` WHERE ( id=49 AND isDelete=0 ) LIMIT 1   [ RunTime:0.0003s ]

[ 2016-12-15T09:46:11+08:00 ] 127.0.0.1 /index.php/home/uci/getNewsDetails?id=49
INFO: [ app_init ] --START--
INFO: Run Behavior\BuildLiteBehavior [ RunTime:0.000021s ]
INFO: [ app_init ] --END-- [ RunTime:0.000329s ]
INFO: [ app_begin ] --START--
INFO: Run Behavior\ReadHtmlCacheBehavior [ RunTime:0.001787s ]
INFO: [ app_begin ] --END-- [ RunTime:0.002039s ]
SQL: SHOW COLUMNS FROM `news` [ RunTime:0.0018s ]
SQL: SELECT * FROM `news` WHERE ( id=49 AND isDelete=0 ) LIMIT 1   [ RunTime:0.0015s ]

[ 2016-12-15T09:46:39+08:00 ] 127.0.0.1 /index.php/home/uci/getNewsDetails?id=49
INFO: [ app_init ] --START--
INFO: Run Behavior\BuildLiteBehavior [ RunTime:0.000024s ]
INFO: [ app_init ] --END-- [ RunTime:0.000508s ]
INFO: [ app_begin ] --START--
INFO: Run Behavior\ReadHtmlCacheBehavior [ RunTime:0.000462s ]
INFO: [ app_begin ] --END-- [ RunTime:0.000572s ]
SQL: SHOW COLUMNS FROM `news` [ RunTime:0.0018s ]
SQL: SELECT * FROM `news` WHERE ( id=49 AND isDelete=0 ) LIMIT 1   [ RunTime:0.0006s ]

[ 2016-12-15T09:46:54+08:00 ] 127.0.0.1 /index.php/home/uci/getNewsDetails?id=49
INFO: [ app_init ] --START--
INFO: Run Behavior\BuildLiteBehavior [ RunTime:0.000020s ]
INFO: [ app_init ] --END-- [ RunTime:0.000301s ]
INFO: [ app_begin ] --START--
INFO: Run Behavior\ReadHtmlCacheBehavior [ RunTime:0.000368s ]
INFO: [ app_begin ] --END-- [ RunTime:0.000458s ]
SQL: SHOW COLUMNS FROM `news` [ RunTime:0.0019s ]
SQL: SELECT * FROM `news` WHERE ( id=49 AND isDelete=0 ) LIMIT 1   [ RunTime:0.0003s ]

[ 2016-12-15T09:51:22+08:00 ] 127.0.0.1 /index.php/home/uci/getNewsDetails?id=49
INFO: [ app_init ] --START--
INFO: Run Behavior\BuildLiteBehavior [ RunTime:0.000029s ]
INFO: [ app_init ] --END-- [ RunTime:0.000445s ]
INFO: [ app_begin ] --START--
INFO: Run Behavior\ReadHtmlCacheBehavior [ RunTime:0.000441s ]
INFO: [ app_begin ] --END-- [ RunTime:0.000537s ]
SQL: SHOW COLUMNS FROM `news` [ RunTime:0.0016s ]
SQL: SELECT * FROM `news` WHERE ( id=49 AND isDelete=0 ) LIMIT 1   [ RunTime:0.0002s ]

[ 2016-12-15T09:52:21+08:00 ] 127.0.0.1 /index.php/home/uci/getNewsDetails?id=49
INFO: [ app_init ] --START--
INFO: Run Behavior\BuildLiteBehavior [ RunTime:0.000021s ]
INFO: [ app_init ] --END-- [ RunTime:0.000316s ]
INFO: [ app_begin ] --START--
INFO: Run Behavior\ReadHtmlCacheBehavior [ RunTime:0.000409s ]
INFO: [ app_begin ] --END-- [ RunTime:0.000492s ]
SQL: SHOW COLUMNS FROM `news` [ RunTime:0.0017s ]
SQL: SELECT * FROM `news` WHERE ( id=49 AND isDelete=0 ) LIMIT 1   [ RunTime:0.0004s ]

[ 2016-12-15T09:55:11+08:00 ] 127.0.0.1 /index.php/home/uci/getNewsDetails?id=49
INFO: [ app_init ] --START--
INFO: Run Behavior\BuildLiteBehavior [ RunTime:0.000043s ]
INFO: [ app_init ] --END-- [ RunTime:0.000466s ]
INFO: [ app_begin ] --START--
INFO: Run Behavior\ReadHtmlCacheBehavior [ RunTime:0.000810s ]
INFO: [ app_begin ] --END-- [ RunTime:0.001015s ]
SQL: SHOW COLUMNS FROM `news` [ RunTime:0.0033s ]
SQL: SELECT * FROM `news` WHERE ( id=49 AND isDelete=0 ) LIMIT 1   [ RunTime:0.0003s ]

[ 2016-12-15T09:56:06+08:00 ] 127.0.0.1 /
INFO: [ app_init ] --START--
INFO: Run Behavior\BuildLiteBehavior [ RunTime:0.000019s ]
INFO: [ app_init ] --END-- [ RunTime:0.000327s ]
INFO: [ app_begin ] --START--
INFO: Run Behavior\ReadHtmlCacheBehavior [ RunTime:0.000412s ]
INFO: [ app_begin ] --END-- [ RunTime:0.000496s ]

[ 2016-12-15T10:00:09+08:00 ] 127.0.0.1 /index.php/home/uci/getNewsDetails?id=49
INFO: [ app_init ] --START--
INFO: Run Behavior\BuildLiteBehavior [ RunTime:0.000020s ]
INFO: [ app_init ] --END-- [ RunTime:0.000339s ]
INFO: [ app_begin ] --START--
INFO: Run Behavior\ReadHtmlCacheBehavior [ RunTime:0.000432s ]
INFO: [ app_begin ] --END-- [ RunTime:0.000524s ]
SQL: SHOW COLUMNS FROM `news` [ RunTime:0.0019s ]
SQL: SELECT * FROM `news` WHERE ( id=49 AND isDelete=0 ) LIMIT 1   [ RunTime:0.0003s ]

[ 2016-12-15T10:01:10+08:00 ] 127.0.0.1 /index.php/home/uci/getNewsDetails?id=49
INFO: [ app_init ] --START--
INFO: Run Behavior\BuildLiteBehavior [ RunTime:0.000021s ]
INFO: [ app_init ] --END-- [ RunTime:0.000330s ]
INFO: [ app_begin ] --START--
INFO: Run Behavior\ReadHtmlCacheBehavior [ RunTime:0.000436s ]
INFO: [ app_begin ] --END-- [ RunTime:0.000535s ]
SQL: SHOW COLUMNS FROM `news` [ RunTime:0.0021s ]
SQL: SELECT * FROM `news` WHERE ( id=49 AND isDelete=0 ) LIMIT 1   [ RunTime:0.0022s ]

[ 2016-12-15T10:08:52+08:00 ] 127.0.0.1 /index.php/home/uci/getNewsDetails?id=49
INFO: [ app_init ] --START--
INFO: Run Behavior\BuildLiteBehavior [ RunTime:0.000020s ]
INFO: [ app_init ] --END-- [ RunTime:0.000331s ]
INFO: [ app_begin ] --START--
INFO: Run Behavior\ReadHtmlCacheBehavior [ RunTime:0.000990s ]
INFO: [ app_begin ] --END-- [ RunTime:0.001087s ]
SQL: SHOW COLUMNS FROM `news` [ RunTime:0.0020s ]
SQL: SELECT * FROM `news` WHERE ( id=49 AND isDelete=0 ) LIMIT 1   [ RunTime:0.0003s ]

[ 2016-12-15T10:08:57+08:00 ] 127.0.0.1 /index.php/home/uci/upload
INFO: [ app_init ] --START--
INFO: Run Behavior\BuildLiteBehavior [ RunTime:0.000021s ]
INFO: [ app_init ] --END-- [ RunTime:0.000317s ]
INFO: [ app_begin ] --START--
INFO: Run Behavior\ReadHtmlCacheBehavior [ RunTime:0.000615s ]
INFO: [ app_begin ] --END-- [ RunTime:0.000819s ]
NOTIC: [2] call_user_func() expects parameter 1 to be a valid callback, no array or string given D:\wamp\www\ThinkPHP\Library\Think\Upload.class.php 第 170 行.

[ 2016-12-15T10:11:02+08:00 ] 127.0.0.1 /index.php/home/uci/getNewsDetails?id=49
INFO: [ app_init ] --START--
INFO: Run Behavior\BuildLiteBehavior [ RunTime:0.000019s ]
INFO: [ app_init ] --END-- [ RunTime:0.000322s ]
INFO: [ app_begin ] --START--
INFO: Run Behavior\ReadHtmlCacheBehavior [ RunTime:0.000484s ]
INFO: [ app_begin ] --END-- [ RunTime:0.000583s ]
SQL: SHOW COLUMNS FROM `news` [ RunTime:0.0024s ]
SQL: SELECT * FROM `news` WHERE ( id=49 AND isDelete=0 ) LIMIT 1   [ RunTime:0.0028s ]

[ 2016-12-15T10:11:10+08:00 ] 127.0.0.1 /index.php/home/uci/upload
INFO: [ app_init ] --START--
INFO: Run Behavior\BuildLiteBehavior [ RunTime:0.000021s ]
INFO: [ app_init ] --END-- [ RunTime:0.000309s ]
INFO: [ app_begin ] --START--
INFO: Run Behavior\ReadHtmlCacheBehavior [ RunTime:0.000359s ]
INFO: [ app_begin ] --END-- [ RunTime:0.000449s ]
NOTIC: [2] call_user_func() expects parameter 1 to be a valid callback, no array or string given D:\wamp\www\ThinkPHP\Library\Think\Upload.class.php 第 170 行.

[ 2016-12-15T10:14:04+08:00 ] 127.0.0.1 /index.php/home/uci/getNewsDetails?id=49
INFO: [ app_init ] --START--
INFO: Run Behavior\BuildLiteBehavior [ RunTime:0.000020s ]
INFO: [ app_init ] --END-- [ RunTime:0.000334s ]
INFO: [ app_begin ] --START--
INFO: Run Behavior\ReadHtmlCacheBehavior [ RunTime:0.000469s ]
INFO: [ app_begin ] --END-- [ RunTime:0.000566s ]
SQL: SHOW COLUMNS FROM `news` [ RunTime:0.0016s ]
SQL: SELECT * FROM `news` WHERE ( id=49 AND isDelete=0 ) LIMIT 1   [ RunTime:0.0002s ]

[ 2016-12-15T10:14:08+08:00 ] 127.0.0.1 /index.php/home/uci/upload
INFO: [ app_init ] --START--
INFO: Run Behavior\BuildLiteBehavior [ RunTime:0.000026s ]
INFO: [ app_init ] --END-- [ RunTime:0.000453s ]
INFO: [ app_begin ] --START--
INFO: Run Behavior\ReadHtmlCacheBehavior [ RunTime:0.001145s ]
INFO: [ app_begin ] --END-- [ RunTime:0.001470s ]
NOTIC: [2] call_user_func() expects parameter 1 to be a valid callback, no array or string given D:\wamp\www\ThinkPHP\Library\Think\Upload.class.php 第 170 行.

[ 2016-12-15T10:15:13+08:00 ] 127.0.0.1 /index.php/home/uci/getNewsDetails?id=49
INFO: [ app_init ] --START--
INFO: Run Behavior\BuildLiteBehavior [ RunTime:0.000027s ]
INFO: [ app_init ] --END-- [ RunTime:0.000356s ]
INFO: [ app_begin ] --START--
INFO: Run Behavior\ReadHtmlCacheBehavior [ RunTime:0.000473s ]
INFO: [ app_begin ] --END-- [ RunTime:0.000586s ]
SQL: SHOW COLUMNS FROM `news` [ RunTime:0.0034s ]
SQL: SELECT * FROM `news` WHERE ( id=49 AND isDelete=0 ) LIMIT 1   [ RunTime:0.0024s ]

[ 2016-12-15T10:15:17+08:00 ] 127.0.0.1 /index.php/home/uci/upload
INFO: [ app_init ] --START--
INFO: Run Behavior\BuildLiteBehavior [ RunTime:0.000031s ]
INFO: [ app_init ] --END-- [ RunTime:0.000998s ]
INFO: [ app_begin ] --START--
INFO: Run Behavior\ReadHtmlCacheBehavior [ RunTime:0.000382s ]
INFO: [ app_begin ] --END-- [ RunTime:0.000481s ]
NOTIC: [2] call_user_func() expects parameter 1 to be a valid callback, no array or string given D:\wamp\www\ThinkPHP\Library\Think\Upload.class.php 第 170 行.

[ 2016-12-15T10:17:46+08:00 ] 127.0.0.1 /index.php/home/uci/getNewsDetails?id=49
INFO: [ app_init ] --START--
INFO: Run Behavior\BuildLiteBehavior [ RunTime:0.000023s ]
INFO: [ app_init ] --END-- [ RunTime:0.000340s ]
INFO: [ app_begin ] --START--
INFO: Run Behavior\ReadHtmlCacheBehavior [ RunTime:0.000525s ]
INFO: [ app_begin ] --END-- [ RunTime:0.000639s ]
SQL: SHOW COLUMNS FROM `news` [ RunTime:0.0023s ]
SQL: SELECT * FROM `news` WHERE ( id=49 AND isDelete=0 ) LIMIT 1   [ RunTime:0.0003s ]

[ 2016-12-15T10:17:49+08:00 ] 127.0.0.1 /index.php/home/uci/upload
INFO: [ app_init ] --START--
INFO: Run Behavior\BuildLiteBehavior [ RunTime:0.000033s ]
INFO: [ app_init ] --END-- [ RunTime:0.000664s ]
INFO: [ app_begin ] --START--
INFO: Run Behavior\ReadHtmlCacheBehavior [ RunTime:0.000795s ]
INFO: [ app_begin ] --END-- [ RunTime:0.000985s ]
NOTIC: [2] call_user_func() expects parameter 1 to be a valid callback, no array or string given D:\wamp\www\ThinkPHP\Library\Think\Upload.class.php 第 170 行.

[ 2016-12-15T10:24:07+08:00 ] 127.0.0.1 /index.php/home/uci/getNewsDetails?id=49
INFO: [ app_init ] --START--
INFO: Run Behavior\BuildLiteBehavior [ RunTime:0.000035s ]
INFO: [ app_init ] --END-- [ RunTime:0.000344s ]
INFO: [ app_begin ] --START--
INFO: Run Behavior\ReadHtmlCacheBehavior [ RunTime:0.000678s ]
INFO: [ app_begin ] --END-- [ RunTime:0.000832s ]
SQL: SHOW COLUMNS FROM `news` [ RunTime:0.0037s ]
SQL: SELECT * FROM `news` WHERE ( id=49 AND isDelete=0 ) LIMIT 1   [ RunTime:0.0004s ]

[ 2016-12-15T10:24:10+08:00 ] 127.0.0.1 /index.php/home/uci/upload
INFO: [ app_init ] --START--
INFO: Run Behavior\BuildLiteBehavior [ RunTime:0.000069s ]
INFO: [ app_init ] --END-- [ RunTime:0.000654s ]
INFO: [ app_begin ] --START--
INFO: Run Behavior\ReadHtmlCacheBehavior [ RunTime:0.001154s ]
INFO: [ app_begin ] --END-- [ RunTime:0.001396s ]
NOTIC: [2] call_user_func() expects parameter 1 to be a valid callback, no array or string given D:\wamp\www\ThinkPHP\Library\Think\Upload.class.php 第 170 行.

[ 2016-12-15T10:27:29+08:00 ] 127.0.0.1 /index.php/home/uci/getNewsDetails?id=49
INFO: [ app_init ] --START--
INFO: Run Behavior\BuildLiteBehavior [ RunTime:0.000081s ]
INFO: [ app_init ] --END-- [ RunTime:0.000847s ]
INFO: [ app_begin ] --START--
INFO: Run Behavior\ReadHtmlCacheBehavior [ RunTime:0.000529s ]
INFO: [ app_begin ] --END-- [ RunTime:0.000626s ]
SQL: SHOW COLUMNS FROM `news` [ RunTime:0.0017s ]
SQL: SELECT * FROM `news` WHERE ( id=49 AND isDelete=0 ) LIMIT 1   [ RunTime:0.0018s ]

[ 2016-12-15T10:27:33+08:00 ] 127.0.0.1 /index.php/home/uci/upload
INFO: [ app_init ] --START--
INFO: Run Behavior\BuildLiteBehavior [ RunTime:0.000020s ]
INFO: [ app_init ] --END-- [ RunTime:0.000342s ]
INFO: [ app_begin ] --START--
INFO: Run Behavior\ReadHtmlCacheBehavior [ RunTime:0.000626s ]
INFO: [ app_begin ] --END-- [ RunTime:0.000733s ]
NOTIC: [2] call_user_func() expects parameter 1 to be a valid callback, no array or string given D:\wamp\www\ThinkPHP\Library\Think\Upload.class.php 第 170 行.

[ 2016-12-15T10:28:04+08:00 ] 127.0.0.1 /index.php/home/uci/getNewsDetails?id=49
INFO: [ app_init ] --START--
INFO: Run Behavior\BuildLiteBehavior [ RunTime:0.000078s ]
INFO: [ app_init ] --END-- [ RunTime:0.000558s ]
INFO: [ app_begin ] --START--
INFO: Run Behavior\ReadHtmlCacheBehavior [ RunTime:0.000458s ]
INFO: [ app_begin ] --END-- [ RunTime:0.000548s ]
SQL: SHOW COLUMNS FROM `news` [ RunTime:0.0018s ]
SQL: SELECT * FROM `news` WHERE ( id=49 AND isDelete=0 ) LIMIT 1   [ RunTime:0.0003s ]

[ 2016-12-15T10:28:07+08:00 ] 127.0.0.1 /index.php/home/uci/upload
INFO: [ app_init ] --START--
INFO: Run Behavior\BuildLiteBehavior [ RunTime:0.000020s ]
INFO: [ app_init ] --END-- [ RunTime:0.000324s ]
INFO: [ app_begin ] --START--
INFO: Run Behavior\ReadHtmlCacheBehavior [ RunTime:0.000513s ]
INFO: [ app_begin ] --END-- [ RunTime:0.000617s ]
NOTIC: [2] call_user_func() expects parameter 1 to be a valid callback, no array or string given D:\wamp\www\ThinkPHP\Library\Think\Upload.class.php 第 170 行.

[ 2016-12-15T10:28:08+08:00 ] 127.0.0.1 /
INFO: [ app_init ] --START--
INFO: Run Behavior\BuildLiteBehavior [ RunTime:0.000037s ]
INFO: [ app_init ] --END-- [ RunTime:0.000411s ]
INFO: [ app_begin ] --START--
INFO: Run Behavior\ReadHtmlCacheBehavior [ RunTime:0.000545s ]
INFO: [ app_begin ] --END-- [ RunTime:0.000668s ]

[ 2016-12-15T10:28:42+08:00 ] 127.0.0.1 /index.php/home/uci/getNewsDetails?id=49
INFO: [ app_init ] --START--
INFO: Run Behavior\BuildLiteBehavior [ RunTime:0.000020s ]
INFO: [ app_init ] --END-- [ RunTime:0.000331s ]
INFO: [ app_begin ] --START--
INFO: Run Behavior\ReadHtmlCacheBehavior [ RunTime:0.000419s ]
INFO: [ app_begin ] --END-- [ RunTime:0.000506s ]
SQL: SHOW COLUMNS FROM `news` [ RunTime:0.0015s ]
SQL: SELECT * FROM `news` WHERE ( id=49 AND isDelete=0 ) LIMIT 1   [ RunTime:0.0005s ]

[ 2016-12-15T10:28:46+08:00 ] 127.0.0.1 /index.php/home/uci/upload
INFO: [ app_init ] --START--
INFO: Run Behavior\BuildLiteBehavior [ RunTime:0.000025s ]
INFO: [ app_init ] --END-- [ RunTime:0.000329s ]
INFO: [ app_begin ] --START--
INFO: Run Behavior\ReadHtmlCacheBehavior [ RunTime:0.000586s ]
INFO: [ app_begin ] --END-- [ RunTime:0.000698s ]
NOTIC: [2] call_user_func() expects parameter 1 to be a valid callback, no array or string given D:\wamp\www\ThinkPHP\Library\Think\Upload.class.php 第 170 行.

[ 2016-12-15T10:28:48+08:00 ] 127.0.0.1 /
INFO: [ app_init ] --START--
INFO: Run Behavior\BuildLiteBehavior [ RunTime:0.000076s ]
INFO: [ app_init ] --END-- [ RunTime:0.000877s ]
INFO: [ app_begin ] --START--
INFO: Run Behavior\ReadHtmlCacheBehavior [ RunTime:0.000577s ]
INFO: [ app_begin ] --END-- [ RunTime:0.000699s ]

[ 2016-12-15T10:29:10+08:00 ] 127.0.0.1 /index.php/home/uci/getNewsDetails?id=49
INFO: [ app_init ] --START--
INFO: Run Behavior\BuildLiteBehavior [ RunTime:0.000024s ]
INFO: [ app_init ] --END-- [ RunTime:0.000883s ]
INFO: [ app_begin ] --START--
INFO: Run Behavior\ReadHtmlCacheBehavior [ RunTime:0.000878s ]
INFO: [ app_begin ] --END-- [ RunTime:0.001114s ]
SQL: SHOW COLUMNS FROM `news` [ RunTime:0.0022s ]
SQL: SELECT * FROM `news` WHERE ( id=49 AND isDelete=0 ) LIMIT 1   [ RunTime:0.0009s ]

[ 2016-12-15T10:29:12+08:00 ] 127.0.0.1 /index.php/home/uci/upload
INFO: [ app_init ] --START--
INFO: Run Behavior\BuildLiteBehavior [ RunTime:0.000021s ]
INFO: [ app_init ] --END-- [ RunTime:0.000346s ]
INFO: [ app_begin ] --START--
INFO: Run Behavior\ReadHtmlCacheBehavior [ RunTime:0.000496s ]
INFO: [ app_begin ] --END-- [ RunTime:0.000586s ]
NOTIC: [2] call_user_func() expects parameter 1 to be a valid callback, no array or string given D:\wamp\www\ThinkPHP\Library\Think\Upload.class.php 第 170 行.

[ 2016-12-15T10:29:25+08:00 ] 127.0.0.1 /index.php/home/uci/getNewsDetails?id=49
INFO: [ app_init ] --START--
INFO: Run Behavior\BuildLiteBehavior [ RunTime:0.000021s ]
INFO: [ app_init ] --END-- [ RunTime:0.000343s ]
INFO: [ app_begin ] --START--
INFO: Run Behavior\ReadHtmlCacheBehavior [ RunTime:0.000472s ]
INFO: [ app_begin ] --END-- [ RunTime:0.000571s ]
SQL: SHOW COLUMNS FROM `news` [ RunTime:0.0013s ]
SQL: SELECT * FROM `news` WHERE ( id=49 AND isDelete=0 ) LIMIT 1   [ RunTime:0.0016s ]

[ 2016-12-15T10:29:28+08:00 ] 127.0.0.1 /index.php/home/uci/upload
INFO: [ app_init ] --START--
INFO: Run Behavior\BuildLiteBehavior [ RunTime:0.000049s ]
INFO: [ app_init ] --END-- [ RunTime:0.000453s ]
INFO: [ app_begin ] --START--
INFO: Run Behavior\ReadHtmlCacheBehavior [ RunTime:0.000661s ]
INFO: [ app_begin ] --END-- [ RunTime:0.000856s ]
NOTIC: [2] call_user_func() expects parameter 1 to be a valid callback, no array or string given D:\wamp\www\ThinkPHP\Library\Think\Upload.class.php 第 170 行.

[ 2016-12-15T10:29:51+08:00 ] 127.0.0.1 /index.php/home/uci/upload
INFO: [ app_init ] --START--
INFO: Run Behavior\BuildLiteBehavior [ RunTime:0.000023s ]
INFO: [ app_init ] --END-- [ RunTime:0.000354s ]
INFO: [ app_begin ] --START--
INFO: Run Behavior\ReadHtmlCacheBehavior [ RunTime:0.000467s ]
INFO: [ app_begin ] --END-- [ RunTime:0.000565s ]
NOTIC: [2] call_user_func() expects parameter 1 to be a valid callback, no array or string given D:\wamp\www\ThinkPHP\Library\Think\Upload.class.php 第 170 行.

[ 2016-12-15T10:30:14+08:00 ] 127.0.0.1 /index.php/home/uci/getNewsDetails?id=49
INFO: [ app_init ] --START--
INFO: Run Behavior\BuildLiteBehavior [ RunTime:0.000021s ]
INFO: [ app_init ] --END-- [ RunTime:0.000338s ]
INFO: [ app_begin ] --START--
INFO: Run Behavior\ReadHtmlCacheBehavior [ RunTime:0.000612s ]
INFO: [ app_begin ] --END-- [ RunTime:0.000712s ]
SQL: SHOW COLUMNS FROM `news` [ RunTime:0.0014s ]
SQL: SELECT * FROM `news` WHERE ( id=49 AND isDelete=0 ) LIMIT 1   [ RunTime:0.0003s ]

[ 2016-12-15T10:30:17+08:00 ] 127.0.0.1 /index.php/home/uci/upload
INFO: [ app_init ] --START--
INFO: Run Behavior\BuildLiteBehavior [ RunTime:0.000021s ]
INFO: [ app_init ] --END-- [ RunTime:0.000355s ]
INFO: [ app_begin ] --START--
INFO: Run Behavior\ReadHtmlCacheBehavior [ RunTime:0.000832s ]
INFO: [ app_begin ] --END-- [ RunTime:0.000980s ]
NOTIC: [2] call_user_func() expects parameter 1 to be a valid callback, no array or string given D:\wamp\www\ThinkPHP\Library\Think\Upload.class.php 第 170 行.

[ 2016-12-15T10:31:28+08:00 ] 127.0.0.1 /index.php/home/uci/getNewsDetails?id=49
INFO: [ app_init ] --START--
INFO: Run Behavior\BuildLiteBehavior [ RunTime:0.000022s ]
INFO: [ app_init ] --END-- [ RunTime:0.000341s ]
INFO: [ app_begin ] --START--
INFO: Run Behavior\ReadHtmlCacheBehavior [ RunTime:0.000499s ]
INFO: [ app_begin ] --END-- [ RunTime:0.000599s ]
SQL: SHOW COLUMNS FROM `news` [ RunTime:0.0027s ]
SQL: SELECT * FROM `news` WHERE ( id=49 AND isDelete=0 ) LIMIT 1   [ RunTime:0.0010s ]

[ 2016-12-15T10:31:32+08:00 ] 127.0.0.1 /index.php/home/uci/upload
INFO: [ app_init ] --START--
INFO: Run Behavior\BuildLiteBehavior [ RunTime:0.000022s ]
INFO: [ app_init ] --END-- [ RunTime:0.000444s ]
INFO: [ app_begin ] --START--
INFO: Run Behavior\ReadHtmlCacheBehavior [ RunTime:0.000708s ]
INFO: [ app_begin ] --END-- [ RunTime:0.000834s ]
NOTIC: [2] call_user_func() expects parameter 1 to be a valid callback, no array or string given D:\wamp\www\ThinkPHP\Library\Think\Upload.class.php 第 170 行.

[ 2016-12-15T10:32:21+08:00 ] 127.0.0.1 /index.php/home/uci/getNewsList
INFO: [ app_init ] --START--
INFO: Run Behavior\BuildLiteBehavior [ RunTime:0.000054s ]
INFO: [ app_init ] --END-- [ RunTime:0.000851s ]
INFO: [ app_begin ] --START--
INFO: Run Behavior\ReadHtmlCacheBehavior [ RunTime:0.000685s ]
INFO: [ app_begin ] --END-- [ RunTime:0.000783s ]
SQL: SHOW COLUMNS FROM `news` [ RunTime:0.0015s ]
SQL: SELECT news.id,`title`,news.type_id,`author_id`,name as author_name,`time` FROM `news` INNER JOIN user ON news.author_id=user.id  WHERE ( news.isDelete=0 )  [ RunTime:0.0003s ]

[ 2016-12-15T10:32:27+08:00 ] 127.0.0.1 /index.php/home/uci/getNewsDetails?id=49
INFO: [ app_init ] --START--
INFO: Run Behavior\BuildLiteBehavior [ RunTime:0.000020s ]
INFO: [ app_init ] --END-- [ RunTime:0.000307s ]
INFO: [ app_begin ] --START--
INFO: Run Behavior\ReadHtmlCacheBehavior [ RunTime:0.000522s ]
INFO: [ app_begin ] --END-- [ RunTime:0.000635s ]
SQL: SHOW COLUMNS FROM `news` [ RunTime:0.0028s ]
SQL: SELECT * FROM `news` WHERE ( id=49 AND isDelete=0 ) LIMIT 1   [ RunTime:0.0008s ]

[ 2016-12-15T10:32:37+08:00 ] 127.0.0.1 /index.php/home/uci/getNewsDetails?id=49
INFO: [ app_init ] --START--
INFO: Run Behavior\BuildLiteBehavior [ RunTime:0.000027s ]
INFO: [ app_init ] --END-- [ RunTime:0.000378s ]
INFO: [ app_begin ] --START--
INFO: Run Behavior\ReadHtmlCacheBehavior [ RunTime:0.000613s ]
INFO: [ app_begin ] --END-- [ RunTime:0.000770s ]
SQL: SHOW COLUMNS FROM `news` [ RunTime:0.0074s ]
SQL: SELECT * FROM `news` WHERE ( id=49 AND isDelete=0 ) LIMIT 1   [ RunTime:0.0011s ]

[ 2016-12-15T10:32:41+08:00 ] 127.0.0.1 /index.php/home/uci/upload
INFO: [ app_init ] --START--
INFO: Run Behavior\BuildLiteBehavior [ RunTime:0.000018s ]
INFO: [ app_init ] --END-- [ RunTime:0.000311s ]
INFO: [ app_begin ] --START--
INFO: Run Behavior\ReadHtmlCacheBehavior [ RunTime:0.000436s ]
INFO: [ app_begin ] --END-- [ RunTime:0.000528s ]
NOTIC: [2] call_user_func() expects parameter 1 to be a valid callback, no array or string given D:\wamp\www\ThinkPHP\Library\Think\Upload.class.php 第 170 行.

[ 2016-12-15T10:34:06+08:00 ] 127.0.0.1 /index.php/home/uci/getNewsDetails?id=49
INFO: [ app_init ] --START--
INFO: Run Behavior\BuildLiteBehavior [ RunTime:0.000025s ]
INFO: [ app_init ] --END-- [ RunTime:0.000404s ]
INFO: [ app_begin ] --START--
INFO: Run Behavior\ReadHtmlCacheBehavior [ RunTime:0.000556s ]
INFO: [ app_begin ] --END-- [ RunTime:0.000681s ]
SQL: SHOW COLUMNS FROM `news` [ RunTime:0.0048s ]
SQL: SELECT * FROM `news` WHERE ( id=49 AND isDelete=0 ) LIMIT 1   [ RunTime:0.0004s ]

[ 2016-12-15T10:35:23+08:00 ] 127.0.0.1 /index.php/home/uci/getNewsDetails?id=49
INFO: [ app_init ] --START--
INFO: Run Behavior\BuildLiteBehavior [ RunTime:0.000039s ]
INFO: [ app_init ] --END-- [ RunTime:0.000473s ]
INFO: [ app_begin ] --START--
INFO: Run Behavior\ReadHtmlCacheBehavior [ RunTime:0.000487s ]
INFO: [ app_begin ] --END-- [ RunTime:0.000590s ]
SQL: SHOW COLUMNS FROM `news` [ RunTime:0.0017s ]
SQL: SELECT * FROM `news` WHERE ( id=49 AND isDelete=0 ) LIMIT 1   [ RunTime:0.0005s ]

[ 2016-12-15T10:35:25+08:00 ] 127.0.0.1 /index.php/home/uci/upload
INFO: [ app_init ] --START--
INFO: Run Behavior\BuildLiteBehavior [ RunTime:0.000064s ]
INFO: [ app_init ] --END-- [ RunTime:0.000568s ]
INFO: [ app_begin ] --START--
INFO: Run Behavior\ReadHtmlCacheBehavior [ RunTime:0.000895s ]
INFO: [ app_begin ] --END-- [ RunTime:0.001166s ]
NOTIC: [2] call_user_func() expects parameter 1 to be a valid callback, no array or string given D:\wamp\www\ThinkPHP\Library\Think\Upload.class.php 第 170 行.

[ 2016-12-15T11:01:18+08:00 ] 127.0.0.1 /index.php/home/uci/getNewsTypeList
INFO: [ app_init ] --START--
INFO: Run Behavior\BuildLiteBehavior [ RunTime:0.000026s ]
INFO: [ app_init ] --END-- [ RunTime:0.000478s ]
INFO: [ app_begin ] --START--
INFO: Run Behavior\ReadHtmlCacheBehavior [ RunTime:0.000458s ]
INFO: [ app_begin ] --END-- [ RunTime:0.000569s ]
SQL: SHOW COLUMNS FROM `news_type` [ RunTime:0.0016s ]
SQL: SELECT * FROM `news_type`  [ RunTime:0.0121s ]

[ 2016-12-15T11:01:18+08:00 ] 127.0.0.1 /index.php/home/uci/getNewsDetails?id=49
INFO: [ app_init ] --START--
INFO: Run Behavior\BuildLiteBehavior [ RunTime:0.000020s ]
INFO: [ app_init ] --END-- [ RunTime:0.000332s ]
INFO: [ app_begin ] --START--
INFO: Run Behavior\ReadHtmlCacheBehavior [ RunTime:0.000463s ]
INFO: [ app_begin ] --END-- [ RunTime:0.000565s ]
SQL: SHOW COLUMNS FROM `news` [ RunTime:0.0015s ]
SQL: SELECT * FROM `news` WHERE ( id=49 AND isDelete=0 ) LIMIT 1   [ RunTime:0.0003s ]

[ 2016-12-15T11:09:41+08:00 ] 127.0.0.1 /index.php/home/uci/getNewsTypeList
INFO: [ app_init ] --START--
INFO: Run Behavior\BuildLiteBehavior [ RunTime:0.000021s ]
INFO: [ app_init ] --END-- [ RunTime:0.000360s ]
INFO: [ app_begin ] --START--
INFO: Run Behavior\ReadHtmlCacheBehavior [ RunTime:0.000586s ]
INFO: [ app_begin ] --END-- [ RunTime:0.000763s ]
SQL: SHOW COLUMNS FROM `news_type` [ RunTime:0.0033s ]
SQL: SELECT * FROM `news_type`  [ RunTime:0.0006s ]

[ 2016-12-15T11:09:41+08:00 ] 127.0.0.1 /index.php/home/uci/getNewsDetails?id=49
INFO: [ app_init ] --START--
INFO: Run Behavior\BuildLiteBehavior [ RunTime:0.000049s ]
INFO: [ app_init ] --END-- [ RunTime:0.000645s ]
INFO: [ app_begin ] --START--
INFO: Run Behavior\ReadHtmlCacheBehavior [ RunTime:0.000630s ]
INFO: [ app_begin ] --END-- [ RunTime:0.000778s ]
SQL: SHOW COLUMNS FROM `news` [ RunTime:0.0049s ]
SQL: SELECT * FROM `news` WHERE ( id=49 AND isDelete=0 ) LIMIT 1   [ RunTime:0.0013s ]

[ 2016-12-15T11:10:31+08:00 ] 127.0.0.1 /index.php/home/uci/getNewsTypeList
INFO: [ app_init ] --START--
INFO: Run Behavior\BuildLiteBehavior [ RunTime:0.000019s ]
INFO: [ app_init ] --END-- [ RunTime:0.000336s ]
INFO: [ app_begin ] --START--
INFO: Run Behavior\ReadHtmlCacheBehavior [ RunTime:0.000554s ]
INFO: [ app_begin ] --END-- [ RunTime:0.000657s ]
SQL: SHOW COLUMNS FROM `news_type` [ RunTime:0.0025s ]
SQL: SELECT * FROM `news_type`  [ RunTime:0.0008s ]

[ 2016-12-15T11:10:31+08:00 ] 127.0.0.1 /index.php/home/uci/getNewsDetails?id=49
INFO: [ app_init ] --START--
INFO: Run Behavior\BuildLiteBehavior [ RunTime:0.000019s ]
INFO: [ app_init ] --END-- [ RunTime:0.000336s ]
INFO: [ app_begin ] --START--
INFO: Run Behavior\ReadHtmlCacheBehavior [ RunTime:0.000522s ]
INFO: [ app_begin ] --END-- [ RunTime:0.000620s ]
SQL: SHOW COLUMNS FROM `news` [ RunTime:0.0016s ]
SQL: SELECT * FROM `news` WHERE ( id=49 AND isDelete=0 ) LIMIT 1   [ RunTime:0.0005s ]

[ 2016-12-15T11:10:43+08:00 ] 127.0.0.1 /index.php/home/uci/getNewsDetails?id=49
INFO: [ app_init ] --START--
INFO: Run Behavior\BuildLiteBehavior [ RunTime:0.000064s ]
INFO: [ app_init ] --END-- [ RunTime:0.000642s ]
INFO: [ app_begin ] --START--
INFO: Run Behavior\ReadHtmlCacheBehavior [ RunTime:0.000462s ]
INFO: [ app_begin ] --END-- [ RunTime:0.000561s ]
SQL: SHOW COLUMNS FROM `news` [ RunTime:0.0019s ]
SQL: SELECT * FROM `news` WHERE ( id=49 AND isDelete=0 ) LIMIT 1   [ RunTime:0.0003s ]

[ 2016-12-15T11:10:43+08:00 ] 127.0.0.1 /index.php/home/uci/getNewsTypeList
INFO: [ app_init ] --START--
INFO: Run Behavior\BuildLiteBehavior [ RunTime:0.000022s ]
INFO: [ app_init ] --END-- [ RunTime:0.000636s ]
INFO: [ app_begin ] --START--
INFO: Run Behavior\ReadHtmlCacheBehavior [ RunTime:0.000457s ]
INFO: [ app_begin ] --END-- [ RunTime:0.000555s ]
SQL: SHOW COLUMNS FROM `news_type` [ RunTime:0.0033s ]
SQL: SELECT * FROM `news_type`  [ RunTime:0.0011s ]

[ 2016-12-15T11:10:55+08:00 ] 127.0.0.1 /index.php/home/uci/getNewsTypeList
INFO: [ app_init ] --START--
INFO: Run Behavior\BuildLiteBehavior [ RunTime:0.000020s ]
INFO: [ app_init ] --END-- [ RunTime:0.000349s ]
INFO: [ app_begin ] --START--
INFO: Run Behavior\ReadHtmlCacheBehavior [ RunTime:0.000498s ]
INFO: [ app_begin ] --END-- [ RunTime:0.000601s ]
SQL: SHOW COLUMNS FROM `news_type` [ RunTime:0.0044s ]
SQL: SELECT * FROM `news_type`  [ RunTime:0.0008s ]

[ 2016-12-15T11:10:55+08:00 ] 127.0.0.1 /index.php/home/uci/getNewsDetails?id=49
INFO: [ app_init ] --START--
INFO: Run Behavior\BuildLiteBehavior [ RunTime:0.000023s ]
INFO: [ app_init ] --END-- [ RunTime:0.000321s ]
INFO: [ app_begin ] --START--
INFO: Run Behavior\ReadHtmlCacheBehavior [ RunTime:0.000480s ]
INFO: [ app_begin ] --END-- [ RunTime:0.000582s ]
SQL: SHOW COLUMNS FROM `news` [ RunTime:0.0030s ]
SQL: SELECT * FROM `news` WHERE ( id=49 AND isDelete=0 ) LIMIT 1   [ RunTime:0.0021s ]

[ 2016-12-15T11:11:36+08:00 ] 127.0.0.1 /index.php/home/uci/getNewsTypeList
INFO: [ app_init ] --START--
INFO: Run Behavior\BuildLiteBehavior [ RunTime:0.000040s ]
INFO: [ app_init ] --END-- [ RunTime:0.000548s ]
INFO: [ app_begin ] --START--
INFO: Run Behavior\ReadHtmlCacheBehavior [ RunTime:0.000833s ]
INFO: [ app_begin ] --END-- [ RunTime:0.001030s ]
SQL: SHOW COLUMNS FROM `news_type` [ RunTime:0.0016s ]
SQL: SELECT * FROM `news_type`  [ RunTime:0.0006s ]

[ 2016-12-15T11:11:36+08:00 ] 127.0.0.1 /index.php/home/uci/getNewsDetails?id=49
INFO: [ app_init ] --START--
INFO: Run Behavior\BuildLiteBehavior [ RunTime:0.000042s ]
INFO: [ app_init ] --END-- [ RunTime:0.000568s ]
INFO: [ app_begin ] --START--
INFO: Run Behavior\ReadHtmlCacheBehavior [ RunTime:0.001583s ]
INFO: [ app_begin ] --END-- [ RunTime:0.001764s ]
SQL: SHOW COLUMNS FROM `news` [ RunTime:0.0016s ]
SQL: SELECT * FROM `news` WHERE ( id=49 AND isDelete=0 ) LIMIT 1   [ RunTime:0.0007s ]

[ 2016-12-15T11:11:42+08:00 ] 127.0.0.1 /index.php/home/uci/getNewsDetails?id=49
INFO: [ app_init ] --START--
INFO: Run Behavior\BuildLiteBehavior [ RunTime:0.000020s ]
INFO: [ app_init ] --END-- [ RunTime:0.000331s ]
INFO: [ app_begin ] --START--
INFO: Run Behavior\ReadHtmlCacheBehavior [ RunTime:0.000498s ]
INFO: [ app_begin ] --END-- [ RunTime:0.000601s ]
SQL: SHOW COLUMNS FROM `news` [ RunTime:0.0024s ]
SQL: SELECT * FROM `news` WHERE ( id=49 AND isDelete=0 ) LIMIT 1   [ RunTime:0.0007s ]

[ 2016-12-15T11:11:42+08:00 ] 127.0.0.1 /index.php/home/uci/getNewsTypeList
INFO: [ app_init ] --START--
INFO: Run Behavior\BuildLiteBehavior [ RunTime:0.000024s ]
INFO: [ app_init ] --END-- [ RunTime:0.000343s ]
INFO: [ app_begin ] --START--
INFO: Run Behavior\ReadHtmlCacheBehavior [ RunTime:0.000453s ]
INFO: [ app_begin ] --END-- [ RunTime:0.000549s ]
SQL: SHOW COLUMNS FROM `news_type` [ RunTime:0.0018s ]
SQL: SELECT * FROM `news_type`  [ RunTime:0.0006s ]

[ 2016-12-15T11:12:09+08:00 ] 127.0.0.1 /index.php/home/uci/getNewsTypeList
INFO: [ app_init ] --START--
INFO: Run Behavior\BuildLiteBehavior [ RunTime:0.000020s ]
INFO: [ app_init ] --END-- [ RunTime:0.000306s ]
INFO: [ app_begin ] --START--
INFO: Run Behavior\ReadHtmlCacheBehavior [ RunTime:0.000459s ]
INFO: [ app_begin ] --END-- [ RunTime:0.000553s ]
SQL: SHOW COLUMNS FROM `news_type` [ RunTime:0.0022s ]
SQL: SELECT * FROM `news_type`  [ RunTime:0.0025s ]

[ 2016-12-15T11:12:09+08:00 ] 127.0.0.1 /index.php/home/uci/getNewsDetails?id=49
INFO: [ app_init ] --START--
INFO: Run Behavior\BuildLiteBehavior [ RunTime:0.000020s ]
INFO: [ app_init ] --END-- [ RunTime:0.000331s ]
INFO: [ app_begin ] --START--
INFO: Run Behavior\ReadHtmlCacheBehavior [ RunTime:0.000508s ]
INFO: [ app_begin ] --END-- [ RunTime:0.000610s ]
SQL: SHOW COLUMNS FROM `news` [ RunTime:0.0026s ]
SQL: SELECT * FROM `news` WHERE ( id=49 AND isDelete=0 ) LIMIT 1   [ RunTime:0.0008s ]

[ 2016-12-15T14:29:54+08:00 ] 127.0.0.1 /index.php/home/uci/getNewsTypeList
INFO: [ app_init ] --START--
INFO: Run Behavior\BuildLiteBehavior [ RunTime:0.000020s ]
INFO: [ app_init ] --END-- [ RunTime:0.000352s ]
INFO: [ app_begin ] --START--
INFO: Run Behavior\ReadHtmlCacheBehavior [ RunTime:0.000449s ]
INFO: [ app_begin ] --END-- [ RunTime:0.000540s ]
SQL: SHOW COLUMNS FROM `news_type` [ RunTime:0.0019s ]
SQL: SELECT * FROM `news_type`  [ RunTime:0.0003s ]

[ 2016-12-15T14:29:54+08:00 ] 127.0.0.1 /index.php/home/uci/getNewsDetails?id=49
INFO: [ app_init ] --START--
INFO: Run Behavior\BuildLiteBehavior [ RunTime:0.000019s ]
INFO: [ app_init ] --END-- [ RunTime:0.000325s ]
INFO: [ app_begin ] --START--
INFO: Run Behavior\ReadHtmlCacheBehavior [ RunTime:0.000457s ]
INFO: [ app_begin ] --END-- [ RunTime:0.000556s ]
SQL: SHOW COLUMNS FROM `news` [ RunTime:0.0026s ]
SQL: SELECT * FROM `news` WHERE ( id=49 AND isDelete=0 ) LIMIT 1   [ RunTime:0.0004s ]

[ 2016-12-15T14:31:52+08:00 ] 127.0.0.1 /index.php/home/uci/getNewsTypeList
INFO: [ app_init ] --START--
INFO: Run Behavior\BuildLiteBehavior [ RunTime:0.000022s ]
INFO: [ app_init ] --END-- [ RunTime:0.000343s ]
INFO: [ app_begin ] --START--
INFO: Run Behavior\ReadHtmlCacheBehavior [ RunTime:0.000530s ]
INFO: [ app_begin ] --END-- [ RunTime:0.000634s ]
SQL: SHOW COLUMNS FROM `news_type` [ RunTime:0.0024s ]
SQL: SELECT * FROM `news_type`  [ RunTime:0.0004s ]

[ 2016-12-15T14:31:52+08:00 ] 127.0.0.1 /index.php/home/uci/getNewsDetails?id=49
INFO: [ app_init ] --START--
INFO: Run Behavior\BuildLiteBehavior [ RunTime:0.000019s ]
INFO: [ app_init ] --END-- [ RunTime:0.000335s ]
INFO: [ app_begin ] --START--
INFO: Run Behavior\ReadHtmlCacheBehavior [ RunTime:0.000467s ]
INFO: [ app_begin ] --END-- [ RunTime:0.000596s ]
SQL: SHOW COLUMNS FROM `news` [ RunTime:0.0021s ]
SQL: SELECT * FROM `news` WHERE ( id=49 AND isDelete=0 ) LIMIT 1   [ RunTime:0.0003s ]

[ 2016-12-15T14:31:58+08:00 ] 127.0.0.1 /index.php/home/uci/getNewsTypeList
INFO: [ app_init ] --START--
INFO: Run Behavior\BuildLiteBehavior [ RunTime:0.000024s ]
INFO: [ app_init ] --END-- [ RunTime:0.000398s ]
INFO: [ app_begin ] --START--
INFO: Run Behavior\ReadHtmlCacheBehavior [ RunTime:0.000492s ]
INFO: [ app_begin ] --END-- [ RunTime:0.000592s ]
SQL: SHOW COLUMNS FROM `news_type` [ RunTime:0.0014s ]
SQL: SELECT * FROM `news_type`  [ RunTime:0.0002s ]

[ 2016-12-15T14:31:58+08:00 ] 127.0.0.1 /index.php/home/uci/getNewsDetails?id=49
INFO: [ app_init ] --START--
INFO: Run Behavior\BuildLiteBehavior [ RunTime:0.000024s ]
INFO: [ app_init ] --END-- [ RunTime:0.000386s ]
INFO: [ app_begin ] --START--
INFO: Run Behavior\ReadHtmlCacheBehavior [ RunTime:0.000480s ]
INFO: [ app_begin ] --END-- [ RunTime:0.000578s ]
SQL: SHOW COLUMNS FROM `news` [ RunTime:0.0026s ]
SQL: SELECT * FROM `news` WHERE ( id=49 AND isDelete=0 ) LIMIT 1   [ RunTime:0.0007s ]

[ 2016-12-15T14:33:14+08:00 ] 127.0.0.1 /index.php/home/uci/getNewsDetails?id=49
INFO: [ app_init ] --START--
INFO: Run Behavior\BuildLiteBehavior [ RunTime:0.000021s ]
INFO: [ app_init ] --END-- [ RunTime:0.000322s ]
INFO: [ app_begin ] --START--
INFO: Run Behavior\ReadHtmlCacheBehavior [ RunTime:0.000458s ]
INFO: [ app_begin ] --END-- [ RunTime:0.000554s ]
SQL: SHOW COLUMNS FROM `news` [ RunTime:0.0023s ]
SQL: SELECT * FROM `news` WHERE ( id=49 AND isDelete=0 ) LIMIT 1   [ RunTime:0.0003s ]

[ 2016-12-15T14:33:14+08:00 ] 127.0.0.1 /index.php/home/uci/getNewsTypeList
INFO: [ app_init ] --START--
INFO: Run Behavior\BuildLiteBehavior [ RunTime:0.000020s ]
INFO: [ app_init ] --END-- [ RunTime:0.000330s ]
INFO: [ app_begin ] --START--
INFO: Run Behavior\ReadHtmlCacheBehavior [ RunTime:0.000461s ]
INFO: [ app_begin ] --END-- [ RunTime:0.000560s ]
SQL: SHOW COLUMNS FROM `news_type` [ RunTime:0.0025s ]
SQL: SELECT * FROM `news_type`  [ RunTime:0.0010s ]

[ 2016-12-15T14:33:18+08:00 ] 127.0.0.1 /index.php/home/uci/updateNews?id=49&title=123&content=&lt;p&gt;&lt;br&gt;&lt;/p&gt;&typeid=1&author_id1
INFO: [ app_init ] --START--
INFO: Run Behavior\BuildLiteBehavior [ RunTime:0.000018s ]
INFO: [ app_init ] --END-- [ RunTime:0.000353s ]
INFO: [ app_begin ] --START--
INFO: Run Behavior\ReadHtmlCacheBehavior [ RunTime:0.000498s ]
INFO: [ app_begin ] --END-- [ RunTime:0.000586s ]

[ 2016-12-15T14:33:34+08:00 ] 127.0.0.1 /index.php/home/uci/updateNews?id=49&title=123&content=%E4%BD%A0%E5%A5%BD%E7%8E%8B%E8%80%81%E4%BA%94&typeid=1&author_id1
INFO: [ app_init ] --START--
INFO: Run Behavior\BuildLiteBehavior [ RunTime:0.000016s ]
INFO: [ app_init ] --END-- [ RunTime:0.000354s ]
INFO: [ app_begin ] --START--
INFO: Run Behavior\ReadHtmlCacheBehavior [ RunTime:0.000405s ]
INFO: [ app_begin ] --END-- [ RunTime:0.000490s ]
SQL: SHOW COLUMNS FROM `news` [ RunTime:0.0015s ]
ERR: 1452:Cannot add or update a child row: a foreign key constraint fails (`uci`.`news`, CONSTRAINT `author` FOREIGN KEY (`author_id`) REFERENCES `user` (`id`) ON DELETE NO ACTION ON UPDATE NO ACTION)
 [ SQL语句 ] : UPDATE `news` SET `title`='123',`content`='你好王老五',`time`='1481783614',`type_id`='1',`author_id`='0' WHERE ( id=49 )
ERR: 1452:Cannot add or update a child row: a foreign key constraint fails (`uci`.`news`, CONSTRAINT `author` FOREIGN KEY (`author_id`) REFERENCES `user` (`id`) ON DELETE NO ACTION ON UPDATE NO ACTION)
 [ SQL语句 ] : UPDATE `news` SET `title`='123',`content`='你好王老五',`time`='1481783614',`type_id`='1',`author_id`='0' WHERE ( id=49 )

[ 2016-12-15T14:34:32+08:00 ] 127.0.0.1 /index.php/home/uci/updateNews?id=49&title=123&content=%E4%BD%A0%E5%A5%BD%E7%8E%8B%E8%80%81%E4%BA%94&typeid=1&author_id1
INFO: [ app_init ] --START--
INFO: Run Behavior\BuildLiteBehavior [ RunTime:0.000018s ]
INFO: [ app_init ] --END-- [ RunTime:0.000305s ]
INFO: [ app_begin ] --START--
INFO: Run Behavior\ReadHtmlCacheBehavior [ RunTime:0.000434s ]
INFO: [ app_begin ] --END-- [ RunTime:0.000530s ]
SQL: SHOW COLUMNS FROM `news` [ RunTime:0.0014s ]
ERR: 1452:Cannot add or update a child row: a foreign key constraint fails (`uci`.`news`, CONSTRAINT `author` FOREIGN KEY (`author_id`) REFERENCES `user` (`id`) ON DELETE NO ACTION ON UPDATE NO ACTION)
 [ SQL语句 ] : UPDATE `news` SET `title`='123',`content`='你好王老五',`time`='1481783672',`type_id`='1',`author_id`='0' WHERE ( id=49 )
ERR: 1452:Cannot add or update a child row: a foreign key constraint fails (`uci`.`news`, CONSTRAINT `author` FOREIGN KEY (`author_id`) REFERENCES `user` (`id`) ON DELETE NO ACTION ON UPDATE NO ACTION)
 [ SQL语句 ] : UPDATE `news` SET `title`='123',`content`='你好王老五',`time`='1481783672',`type_id`='1',`author_id`='0' WHERE ( id=49 )

[ 2016-12-15T14:35:01+08:00 ] 127.0.0.1 /index.php/home/uci/updateNews?id=49&title=123&content=%E4%BD%A0%E5%A5%BD%E7%8E%8B%E8%80%81%E4%BA%94&typeid=1&author_id1
INFO: [ app_init ] --START--
INFO: Run Behavior\BuildLiteBehavior [ RunTime:0.000016s ]
INFO: [ app_init ] --END-- [ RunTime:0.000307s ]
INFO: [ app_begin ] --START--
INFO: Run Behavior\ReadHtmlCacheBehavior [ RunTime:0.000436s ]
INFO: [ app_begin ] --END-- [ RunTime:0.000525s ]
SQL: SHOW COLUMNS FROM `news` [ RunTime:0.0014s ]
ERR: 1452:Cannot add or update a child row: a foreign key constraint fails (`uci`.`news`, CONSTRAINT `author` FOREIGN KEY (`author_id`) REFERENCES `user` (`id`) ON DELETE NO ACTION ON UPDATE NO ACTION)
 [ SQL语句 ] : UPDATE `news` SET `title`='123',`content`='你好王老五',`time`='1481783701',`type_id`='1',`author_id`='0' WHERE ( id=49 )
ERR: 1452:Cannot add or update a child row: a foreign key constraint fails (`uci`.`news`, CONSTRAINT `author` FOREIGN KEY (`author_id`) REFERENCES `user` (`id`) ON DELETE NO ACTION ON UPDATE NO ACTION)
 [ SQL语句 ] : UPDATE `news` SET `title`='123',`content`='你好王老五',`time`='1481783701',`type_id`='1',`author_id`='0' WHERE ( id=49 )

[ 2016-12-15T14:35:04+08:00 ] 127.0.0.1 /index.php/home/uci/getNewsDetails?id=49
INFO: [ app_init ] --START--
INFO: Run Behavior\BuildLiteBehavior [ RunTime:0.000021s ]
INFO: [ app_init ] --END-- [ RunTime:0.000337s ]
INFO: [ app_begin ] --START--
INFO: Run Behavior\ReadHtmlCacheBehavior [ RunTime:0.002359s ]
INFO: [ app_begin ] --END-- [ RunTime:0.003031s ]
SQL: SHOW COLUMNS FROM `news` [ RunTime:0.0015s ]
SQL: SELECT * FROM `news` WHERE ( id=49 AND isDelete=0 ) LIMIT 1   [ RunTime:0.0003s ]

[ 2016-12-15T14:35:04+08:00 ] 127.0.0.1 /index.php/home/uci/getNewsTypeList
INFO: [ app_init ] --START--
INFO: Run Behavior\BuildLiteBehavior [ RunTime:0.000022s ]
INFO: [ app_init ] --END-- [ RunTime:0.000353s ]
INFO: [ app_begin ] --START--
INFO: Run Behavior\ReadHtmlCacheBehavior [ RunTime:0.001813s ]
INFO: [ app_begin ] --END-- [ RunTime:0.002121s ]
SQL: SHOW COLUMNS FROM `news_type` [ RunTime:0.0032s ]
SQL: SELECT * FROM `news_type`  [ RunTime:0.0011s ]

[ 2016-12-15T14:35:09+08:00 ] 127.0.0.1 /index.php/home/uci/updateNews?id=49&title=123&content=%E4%BD%A0%E5%A5%BD%E7%8E%8B%E8%80%81%E4%BA%94&typeid=0&author_id1
INFO: [ app_init ] --START--
INFO: Run Behavior\BuildLiteBehavior [ RunTime:0.000034s ]
INFO: [ app_init ] --END-- [ RunTime:0.000410s ]
INFO: [ app_begin ] --START--
INFO: Run Behavior\ReadHtmlCacheBehavior [ RunTime:0.000435s ]
INFO: [ app_begin ] --END-- [ RunTime:0.000527s ]
SQL: SHOW COLUMNS FROM `news` [ RunTime:0.0019s ]
ERR: 1452:Cannot add or update a child row: a foreign key constraint fails (`uci`.`news`, CONSTRAINT `author` FOREIGN KEY (`author_id`) REFERENCES `user` (`id`) ON DELETE NO ACTION ON UPDATE NO ACTION)
 [ SQL语句 ] : UPDATE `news` SET `title`='123',`content`='你好王老五',`time`='1481783709',`type_id`='0',`author_id`='0' WHERE ( id=49 )
ERR: 1452:Cannot add or update a child row: a foreign key constraint fails (`uci`.`news`, CONSTRAINT `author` FOREIGN KEY (`author_id`) REFERENCES `user` (`id`) ON DELETE NO ACTION ON UPDATE NO ACTION)
 [ SQL语句 ] : UPDATE `news` SET `title`='123',`content`='你好王老五',`time`='1481783709',`type_id`='0',`author_id`='0' WHERE ( id=49 )

[ 2016-12-15T14:38:18+08:00 ] 127.0.0.1 /index.php/home/uci/getNewsDetails?id=49
INFO: [ app_init ] --START--
INFO: Run Behavior\BuildLiteBehavior [ RunTime:0.000019s ]
INFO: [ app_init ] --END-- [ RunTime:0.000333s ]
INFO: [ app_begin ] --START--
INFO: Run Behavior\ReadHtmlCacheBehavior [ RunTime:0.000461s ]
INFO: [ app_begin ] --END-- [ RunTime:0.000565s ]
SQL: SHOW COLUMNS FROM `news` [ RunTime:0.0033s ]
SQL: SELECT * FROM `news` WHERE ( id=49 AND isDelete=0 ) LIMIT 1   [ RunTime:0.0025s ]

[ 2016-12-15T14:38:18+08:00 ] 127.0.0.1 /index.php/home/uci/getNewsTypeList
INFO: [ app_init ] --START--
INFO: Run Behavior\BuildLiteBehavior [ RunTime:0.000019s ]
INFO: [ app_init ] --END-- [ RunTime:0.000323s ]
INFO: [ app_begin ] --START--
INFO: Run Behavior\ReadHtmlCacheBehavior [ RunTime:0.000460s ]
INFO: [ app_begin ] --END-- [ RunTime:0.000562s ]
SQL: SHOW COLUMNS FROM `news_type` [ RunTime:0.0022s ]
SQL: SELECT * FROM `news_type`  [ RunTime:0.0003s ]

[ 2016-12-15T14:38:27+08:00 ] 127.0.0.1 /index.php/home/uci/updateNews?id=49&title=123&content=%3Cp%3E%E5%95%8A%E5%AE%9E%E6%89%93%E5%AE%9E%E5%A4%A7%E5%B8%88%E5%A4%A7%E5%B8%88%E7%9A%84%3C/p%3E&typeid=0&author_id1
INFO: [ app_init ] --START--
INFO: Run Behavior\BuildLiteBehavior [ RunTime:0.000018s ]
INFO: [ app_init ] --END-- [ RunTime:0.000303s ]
INFO: [ app_begin ] --START--
INFO: Run Behavior\ReadHtmlCacheBehavior [ RunTime:0.000477s ]
INFO: [ app_begin ] --END-- [ RunTime:0.000576s ]
SQL: SHOW COLUMNS FROM `news` [ RunTime:0.0020s ]
ERR: 1452:Cannot add or update a child row: a foreign key constraint fails (`uci`.`news`, CONSTRAINT `author` FOREIGN KEY (`author_id`) REFERENCES `user` (`id`) ON DELETE NO ACTION ON UPDATE NO ACTION)
 [ SQL语句 ] : UPDATE `news` SET `title`='123',`content`='&lt;p&gt;啊实打实大师大师的&lt;/p&gt;',`time`='1481783907',`type_id`='0',`author_id`='0' WHERE ( id=49 )
ERR: 1452:Cannot add or update a child row: a foreign key constraint fails (`uci`.`news`, CONSTRAINT `author` FOREIGN KEY (`author_id`) REFERENCES `user` (`id`) ON DELETE NO ACTION ON UPDATE NO ACTION)
 [ SQL语句 ] : UPDATE `news` SET `title`='123',`content`='&lt;p&gt;啊实打实大师大师的&lt;/p&gt;',`time`='1481783907',`type_id`='0',`author_id`='0' WHERE ( id=49 )

[ 2016-12-15T14:38:42+08:00 ] 127.0.0.1 /index.php/home/uci/getNewsTypeList
INFO: [ app_init ] --START--
INFO: Run Behavior\BuildLiteBehavior [ RunTime:0.000021s ]
INFO: [ app_init ] --END-- [ RunTime:0.000337s ]
INFO: [ app_begin ] --START--
INFO: Run Behavior\ReadHtmlCacheBehavior [ RunTime:0.000449s ]
INFO: [ app_begin ] --END-- [ RunTime:0.000550s ]
SQL: SHOW COLUMNS FROM `news_type` [ RunTime:0.0015s ]
SQL: SELECT * FROM `news_type`  [ RunTime:0.0002s ]

[ 2016-12-15T14:38:42+08:00 ] 127.0.0.1 /index.php/home/uci/getNewsDetails?id=49
INFO: [ app_init ] --START--
INFO: Run Behavior\BuildLiteBehavior [ RunTime:0.000019s ]
INFO: [ app_init ] --END-- [ RunTime:0.000322s ]
INFO: [ app_begin ] --START--
INFO: Run Behavior\ReadHtmlCacheBehavior [ RunTime:0.000448s ]
INFO: [ app_begin ] --END-- [ RunTime:0.000545s ]
SQL: SHOW COLUMNS FROM `news` [ RunTime:0.0023s ]
SQL: SELECT * FROM `news` WHERE ( id=49 AND isDelete=0 ) LIMIT 1   [ RunTime:0.0002s ]

[ 2016-12-15T14:38:46+08:00 ] 127.0.0.1 /index.php/home/uci/updateNews?id=49&title=123&content=%E5%AE%89%E5%BE%BD%E7%9C%81%E5%A4%A7%E5%A4%A7%E5%A4%A7%E5%A4%A7&typeid=0&author_id=1
INFO: [ app_init ] --START--
INFO: Run Behavior\BuildLiteBehavior [ RunTime:0.000022s ]
INFO: [ app_init ] --END-- [ RunTime:0.000339s ]
INFO: [ app_begin ] --START--
INFO: Run Behavior\ReadHtmlCacheBehavior [ RunTime:0.000483s ]
INFO: [ app_begin ] --END-- [ RunTime:0.000582s ]
SQL: SHOW COLUMNS FROM `news` [ RunTime:0.0022s ]
ERR: 1452:Cannot add or update a child row: a foreign key constraint fails (`uci`.`news`, CONSTRAINT `news_type` FOREIGN KEY (`type_id`) REFERENCES `news_type` (`id`) ON DELETE NO ACTION ON UPDATE NO ACTION)
 [ SQL语句 ] : UPDATE `news` SET `title`='123',`content`='安徽省大大大大',`time`='1481783926',`type_id`='0',`author_id`='1' WHERE ( id=49 )
ERR: 1452:Cannot add or update a child row: a foreign key constraint fails (`uci`.`news`, CONSTRAINT `news_type` FOREIGN KEY (`type_id`) REFERENCES `news_type` (`id`) ON DELETE NO ACTION ON UPDATE NO ACTION)
 [ SQL语句 ] : UPDATE `news` SET `title`='123',`content`='安徽省大大大大',`time`='1481783926',`type_id`='0',`author_id`='1' WHERE ( id=49 )

[ 2016-12-15T14:39:50+08:00 ] 127.0.0.1 /index.php/home/uci/getNewsTypeList
INFO: [ app_init ] --START--
INFO: Run Behavior\BuildLiteBehavior [ RunTime:0.000020s ]
INFO: [ app_init ] --END-- [ RunTime:0.000323s ]
INFO: [ app_begin ] --START--
INFO: Run Behavior\ReadHtmlCacheBehavior [ RunTime:0.000468s ]
INFO: [ app_begin ] --END-- [ RunTime:0.000565s ]
SQL: SHOW COLUMNS FROM `news_type` [ RunTime:0.0022s ]
SQL: SELECT * FROM `news_type`  [ RunTime:0.0002s ]

[ 2016-12-15T14:39:50+08:00 ] 127.0.0.1 /index.php/home/uci/getNewsDetails?id=49
INFO: [ app_init ] --START--
INFO: Run Behavior\BuildLiteBehavior [ RunTime:0.000020s ]
INFO: [ app_init ] --END-- [ RunTime:0.000360s ]
INFO: [ app_begin ] --START--
INFO: Run Behavior\ReadHtmlCacheBehavior [ RunTime:0.000462s ]
INFO: [ app_begin ] --END-- [ RunTime:0.000561s ]
SQL: SHOW COLUMNS FROM `news` [ RunTime:0.0015s ]
SQL: SELECT * FROM `news` WHERE ( id=49 AND isDelete=0 ) LIMIT 1   [ RunTime:0.0006s ]

[ 2016-12-15T14:39:57+08:00 ] 127.0.0.1 /index.php/home/uci/updateNews?id=49&title=123&content=%E6%8C%89%E6%97%B6%E5%A4%A7%E5%A4%A7%E5%A4%A7&typeid=1&author_id=1
INFO: [ app_init ] --START--
INFO: Run Behavior\BuildLiteBehavior [ RunTime:0.000017s ]
INFO: [ app_init ] --END-- [ RunTime:0.000308s ]
INFO: [ app_begin ] --START--
INFO: Run Behavior\ReadHtmlCacheBehavior [ RunTime:0.000422s ]
INFO: [ app_begin ] --END-- [ RunTime:0.000510s ]
SQL: SHOW COLUMNS FROM `news` [ RunTime:0.0014s ]
SQL: UPDATE `news` SET `title`='123',`content`='按时大大大',`time`='1481783997',`type_id`='1',`author_id`='1' WHERE ( id=49 ) [ RunTime:0.0662s ]

[ 2016-12-15T15:28:01+08:00 ] 127.0.0.1 /index.php/home/uci/getNewsList
INFO: [ app_init ] --START--
INFO: Run Behavior\BuildLiteBehavior [ RunTime:0.000019s ]
INFO: [ app_init ] --END-- [ RunTime:0.000349s ]
INFO: [ app_begin ] --START--
INFO: Run Behavior\ReadHtmlCacheBehavior [ RunTime:0.000537s ]
INFO: [ app_begin ] --END-- [ RunTime:0.000667s ]
SQL: SHOW COLUMNS FROM `news` [ RunTime:0.0018s ]
SQL: SELECT news.id,`title`,news.type_id,`author_id`,name as author_name,`time` FROM `news` INNER JOIN user ON news.author_id=user.id  WHERE ( news.isDelete=0 )  [ RunTime:0.0478s ]

[ 2016-12-15T15:28:03+08:00 ] 127.0.0.1 /index.php/home/uci/getDeletedNewsList
INFO: [ app_init ] --START--
INFO: Run Behavior\BuildLiteBehavior [ RunTime:0.000017s ]
INFO: [ app_init ] --END-- [ RunTime:0.000305s ]
INFO: [ app_begin ] --START--
INFO: Run Behavior\ReadHtmlCacheBehavior [ RunTime:0.000444s ]
INFO: [ app_begin ] --END-- [ RunTime:0.000530s ]
SQL: SHOW COLUMNS FROM `news` [ RunTime:0.0014s ]
SQL: SELECT news.id,`title`,news.type_id,`author_id`,name as author_name,`time` FROM `news` INNER JOIN user ON news.author_id=user.id  WHERE ( news.isDelete=1 )  [ RunTime:0.0002s ]

[ 2016-12-15T15:36:47+08:00 ] 127.0.0.1 /index.php/home/uci/upload
INFO: [ app_init ] --START--
INFO: Run Behavior\BuildLiteBehavior [ RunTime:0.000018s ]
INFO: [ app_init ] --END-- [ RunTime:0.000306s ]
INFO: [ app_begin ] --START--
INFO: Run Behavior\ReadHtmlCacheBehavior [ RunTime:0.000447s ]
INFO: [ app_begin ] --END-- [ RunTime:0.000552s ]
NOTIC: [2] call_user_func() expects parameter 1 to be a valid callback, no array or string given D:\wamp\www\ThinkPHP\Library\Think\Upload.class.php 第 170 行.

[ 2016-12-15T15:52:33+08:00 ] 127.0.0.1 /index.php/home/uci/getNewsList
INFO: [ app_init ] --START--
INFO: Run Behavior\BuildLiteBehavior [ RunTime:0.000020s ]
INFO: [ app_init ] --END-- [ RunTime:0.000331s ]
INFO: [ app_begin ] --START--
INFO: Run Behavior\ReadHtmlCacheBehavior [ RunTime:0.000422s ]
INFO: [ app_begin ] --END-- [ RunTime:0.000511s ]
SQL: SHOW COLUMNS FROM `news` [ RunTime:0.0076s ]
SQL: SELECT news.id,`title`,news.type_id,`author_id`,name as author_name,`time` FROM `news` INNER JOIN user ON news.author_id=user.id  WHERE ( news.isDelete=0 )  [ RunTime:0.0003s ]

[ 2016-12-15T15:52:35+08:00 ] 127.0.0.1 /index.php/home/uci/getDeletedNewsList
INFO: [ app_init ] --START--
INFO: Run Behavior\BuildLiteBehavior [ RunTime:0.000018s ]
INFO: [ app_init ] --END-- [ RunTime:0.000287s ]
INFO: [ app_begin ] --START--
INFO: Run Behavior\ReadHtmlCacheBehavior [ RunTime:0.000446s ]
INFO: [ app_begin ] --END-- [ RunTime:0.000538s ]
SQL: SHOW COLUMNS FROM `news` [ RunTime:0.0265s ]
SQL: SELECT news.id,`title`,news.type_id,`author_id`,name as author_name,`time` FROM `news` INNER JOIN user ON news.author_id=user.id  WHERE ( news.isDelete=1 )  [ RunTime:0.0003s ]

[ 2016-12-15T15:52:38+08:00 ] 127.0.0.1 /index.php/home/uci/getNewsList
INFO: [ app_init ] --START--
INFO: Run Behavior\BuildLiteBehavior [ RunTime:0.000017s ]
INFO: [ app_init ] --END-- [ RunTime:0.000280s ]
INFO: [ app_begin ] --START--
INFO: Run Behavior\ReadHtmlCacheBehavior [ RunTime:0.000413s ]
INFO: [ app_begin ] --END-- [ RunTime:0.000500s ]
SQL: SHOW COLUMNS FROM `news` [ RunTime:0.0013s ]
SQL: SELECT news.id,`title`,news.type_id,`author_id`,name as author_name,`time` FROM `news` INNER JOIN user ON news.author_id=user.id  WHERE ( news.isDelete=0 )  [ RunTime:0.0003s ]

[ 2016-12-15T15:52:39+08:00 ] 127.0.0.1 /index.php/home/uci/getNewsDetails?id=48
INFO: [ app_init ] --START--
INFO: Run Behavior\BuildLiteBehavior [ RunTime:0.000023s ]
INFO: [ app_init ] --END-- [ RunTime:0.000381s ]
INFO: [ app_begin ] --START--
INFO: Run Behavior\ReadHtmlCacheBehavior [ RunTime:0.000466s ]
INFO: [ app_begin ] --END-- [ RunTime:0.000573s ]
SQL: SHOW COLUMNS FROM `news` [ RunTime:0.0015s ]
SQL: SELECT * FROM `news` WHERE ( id=48 AND isDelete=0 ) LIMIT 1   [ RunTime:0.0002s ]

[ 2016-12-15T15:52:39+08:00 ] 127.0.0.1 /index.php/home/uci/getNewsTypeList
INFO: [ app_init ] --START--
INFO: Run Behavior\BuildLiteBehavior [ RunTime:0.000021s ]
INFO: [ app_init ] --END-- [ RunTime:0.000361s ]
INFO: [ app_begin ] --START--
INFO: Run Behavior\ReadHtmlCacheBehavior [ RunTime:0.000483s ]
INFO: [ app_begin ] --END-- [ RunTime:0.000586s ]
SQL: SHOW COLUMNS FROM `news_type` [ RunTime:0.0025s ]
SQL: SELECT * FROM `news_type`  [ RunTime:0.0006s ]

[ 2016-12-15T15:54:12+08:00 ] 127.0.0.1 /index.php/home/uci/getNewsTypeList
INFO: [ app_init ] --START--
INFO: Run Behavior\BuildLiteBehavior [ RunTime:0.000019s ]
INFO: [ app_init ] --END-- [ RunTime:0.000318s ]
INFO: [ app_begin ] --START--
INFO: Run Behavior\ReadHtmlCacheBehavior [ RunTime:0.000458s ]
INFO: [ app_begin ] --END-- [ RunTime:0.000555s ]
SQL: SHOW COLUMNS FROM `news_type` [ RunTime:0.0017s ]
SQL: SELECT * FROM `news_type`  [ RunTime:0.0006s ]

[ 2016-12-15T15:54:12+08:00 ] 127.0.0.1 /index.php/home/uci/getNewsDetails?id=48
INFO: [ app_init ] --START--
INFO: Run Behavior\BuildLiteBehavior [ RunTime:0.000021s ]
INFO: [ app_init ] --END-- [ RunTime:0.000325s ]
INFO: [ app_begin ] --START--
INFO: Run Behavior\ReadHtmlCacheBehavior [ RunTime:0.000422s ]
INFO: [ app_begin ] --END-- [ RunTime:0.000929s ]
SQL: SHOW COLUMNS FROM `news` [ RunTime:0.0142s ]
SQL: SELECT * FROM `news` WHERE ( id=48 AND isDelete=0 ) LIMIT 1   [ RunTime:0.0002s ]

[ 2016-12-15T15:54:18+08:00 ] 127.0.0.1 /index.php/home/uci/getNewsList
INFO: [ app_init ] --START--
INFO: Run Behavior\BuildLiteBehavior [ RunTime:0.000019s ]
INFO: [ app_init ] --END-- [ RunTime:0.000293s ]
INFO: [ app_begin ] --START--
INFO: Run Behavior\ReadHtmlCacheBehavior [ RunTime:0.000338s ]
INFO: [ app_begin ] --END-- [ RunTime:0.000426s ]
SQL: SHOW COLUMNS FROM `news` [ RunTime:0.0015s ]
SQL: SELECT news.id,`title`,news.type_id,`author_id`,name as author_name,`time` FROM `news` INNER JOIN user ON news.author_id=user.id  WHERE ( news.isDelete=0 )  [ RunTime:0.0002s ]

[ 2016-12-15T15:54:20+08:00 ] 127.0.0.1 /index.php/home/uci/getNewsDetails?id=4
INFO: [ app_init ] --START--
INFO: Run Behavior\BuildLiteBehavior [ RunTime:0.000021s ]
INFO: [ app_init ] --END-- [ RunTime:0.000324s ]
INFO: [ app_begin ] --START--
INFO: Run Behavior\ReadHtmlCacheBehavior [ RunTime:0.000466s ]
INFO: [ app_begin ] --END-- [ RunTime:0.000562s ]
SQL: SHOW COLUMNS FROM `news` [ RunTime:0.0049s ]
SQL: SELECT * FROM `news` WHERE ( id=4 AND isDelete=0 ) LIMIT 1   [ RunTime:0.0003s ]

[ 2016-12-15T15:54:20+08:00 ] 127.0.0.1 /index.php/home/uci/getNewsTypeList
INFO: [ app_init ] --START--
INFO: Run Behavior\BuildLiteBehavior [ RunTime:0.000022s ]
INFO: [ app_init ] --END-- [ RunTime:0.000340s ]
INFO: [ app_begin ] --START--
INFO: Run Behavior\ReadHtmlCacheBehavior [ RunTime:0.000466s ]
INFO: [ app_begin ] --END-- [ RunTime:0.000563s ]
SQL: SHOW COLUMNS FROM `news_type` [ RunTime:0.0032s ]
SQL: SELECT * FROM `news_type`  [ RunTime:0.0006s ]

[ 2016-12-15T15:54:24+08:00 ] 127.0.0.1 /index.php/home/uci/getNewsList
INFO: [ app_init ] --START--
INFO: Run Behavior\BuildLiteBehavior [ RunTime:0.000037s ]
INFO: [ app_init ] --END-- [ RunTime:0.000310s ]
INFO: [ app_begin ] --START--
INFO: Run Behavior\ReadHtmlCacheBehavior [ RunTime:0.000366s ]
INFO: [ app_begin ] --END-- [ RunTime:0.000455s ]
SQL: SHOW COLUMNS FROM `news` [ RunTime:0.0014s ]
SQL: SELECT news.id,`title`,news.type_id,`author_id`,name as author_name,`time` FROM `news` INNER JOIN user ON news.author_id=user.id  WHERE ( news.isDelete=0 )  [ RunTime:0.0003s ]

[ 2016-12-15T15:54:26+08:00 ] 127.0.0.1 /index.php/home/uci/getNewsDetails?id=48
INFO: [ app_init ] --START--
INFO: Run Behavior\BuildLiteBehavior [ RunTime:0.000019s ]
INFO: [ app_init ] --END-- [ RunTime:0.000304s ]
INFO: [ app_begin ] --START--
INFO: Run Behavior\ReadHtmlCacheBehavior [ RunTime:0.000451s ]
INFO: [ app_begin ] --END-- [ RunTime:0.000547s ]
SQL: SHOW COLUMNS FROM `news` [ RunTime:0.0036s ]
SQL: SELECT * FROM `news` WHERE ( id=48 AND isDelete=0 ) LIMIT 1   [ RunTime:0.0006s ]

[ 2016-12-15T15:54:26+08:00 ] 127.0.0.1 /index.php/home/uci/getNewsTypeList
INFO: [ app_init ] --START--
INFO: Run Behavior\BuildLiteBehavior [ RunTime:0.000020s ]
INFO: [ app_init ] --END-- [ RunTime:0.000325s ]
INFO: [ app_begin ] --START--
INFO: Run Behavior\ReadHtmlCacheBehavior [ RunTime:0.000491s ]
INFO: [ app_begin ] --END-- [ RunTime:0.000600s ]
SQL: SHOW COLUMNS FROM `news_type` [ RunTime:0.0021s ]
SQL: SELECT * FROM `news_type`  [ RunTime:0.0002s ]

[ 2016-12-15T15:54:35+08:00 ] 127.0.0.1 /index.php/home/uci/getNewsList
INFO: [ app_init ] --START--
INFO: Run Behavior\BuildLiteBehavior [ RunTime:0.000021s ]
INFO: [ app_init ] --END-- [ RunTime:0.000322s ]
INFO: [ app_begin ] --START--
INFO: Run Behavior\ReadHtmlCacheBehavior [ RunTime:0.000520s ]
INFO: [ app_begin ] --END-- [ RunTime:0.000631s ]
SQL: SHOW COLUMNS FROM `news` [ RunTime:0.0014s ]
SQL: SELECT news.id,`title`,news.type_id,`author_id`,name as author_name,`time` FROM `news` INNER JOIN user ON news.author_id=user.id  WHERE ( news.isDelete=0 )  [ RunTime:0.0003s ]

[ 2016-12-15T15:54:36+08:00 ] 127.0.0.1 /index.php/home/uci/getNewsDetails?id=49
INFO: [ app_init ] --START--
INFO: Run Behavior\BuildLiteBehavior [ RunTime:0.000020s ]
INFO: [ app_init ] --END-- [ RunTime:0.000317s ]
INFO: [ app_begin ] --START--
INFO: Run Behavior\ReadHtmlCacheBehavior [ RunTime:0.000372s ]
INFO: [ app_begin ] --END-- [ RunTime:0.000473s ]
SQL: SHOW COLUMNS FROM `news` [ RunTime:0.0016s ]
SQL: SELECT * FROM `news` WHERE ( id=49 AND isDelete=0 ) LIMIT 1   [ RunTime:0.0003s ]

[ 2016-12-15T15:54:36+08:00 ] 127.0.0.1 /index.php/home/uci/getNewsTypeList
INFO: [ app_init ] --START--
INFO: Run Behavior\BuildLiteBehavior [ RunTime:0.000020s ]
INFO: [ app_init ] --END-- [ RunTime:0.000350s ]
INFO: [ app_begin ] --START--
INFO: Run Behavior\ReadHtmlCacheBehavior [ RunTime:0.000464s ]
INFO: [ app_begin ] --END-- [ RunTime:0.000564s ]
SQL: SHOW COLUMNS FROM `news_type` [ RunTime:0.0015s ]
SQL: SELECT * FROM `news_type`  [ RunTime:0.0015s ]

[ 2016-12-15T15:54:52+08:00 ] 127.0.0.1 /index.php/home/uci/updateNews?id=49&title=123&content=%3Cp%3E%3Cbr%3E%3C/p%3E%3Cp%3E%E6%8C%89%E6%97%B6%E5%A4%A7%E5%A4%A7%E5%A4%A7%3C/p%3E%3Cp%3E%E5%98%8E%E5%98%8E%E5%98%8E%E4%B8%AA%3C/p%3E&typeid=1&author_id=1
INFO: [ app_init ] --START--
INFO: Run Behavior\BuildLiteBehavior [ RunTime:0.000021s ]
INFO: [ app_init ] --END-- [ RunTime:0.000436s ]
INFO: [ app_begin ] --START--
INFO: Run Behavior\ReadHtmlCacheBehavior [ RunTime:0.000416s ]
INFO: [ app_begin ] --END-- [ RunTime:0.000522s ]
SQL: SHOW COLUMNS FROM `news` [ RunTime:0.0015s ]
SQL: UPDATE `news` SET `title`='123',`content`='&lt;p&gt;&lt;br&gt;&lt;/p&gt;&lt;p&gt;按时大大大&lt;/p&gt;&lt;p&gt;嘎嘎嘎个&lt;/p&gt;',`time`='1481788492',`type_id`='1',`author_id`='1' WHERE ( id=49 ) [ RunTime:0.0676s ]

[ 2016-12-15T15:58:49+08:00 ] 127.0.0.1 /index.php/home/uci/upload
INFO: [ app_init ] --START--
INFO: Run Behavior\BuildLiteBehavior [ RunTime:0.000035s ]
INFO: [ app_init ] --END-- [ RunTime:0.000586s ]
INFO: [ app_begin ] --START--
INFO: Run Behavior\ReadHtmlCacheBehavior [ RunTime:0.000440s ]
INFO: [ app_begin ] --END-- [ RunTime:0.000535s ]
NOTIC: [2] call_user_func() expects parameter 1 to be a valid callback, no array or string given D:\wamp\www\ThinkPHP\Library\Think\Upload.class.php 第 170 行.

[ 2016-12-15T16:00:37+08:00 ] 127.0.0.1 /index.php/home/uci/updateNews?id=49&title=123&content=%3Cp%3E%3Cbr%3E%3C/p%3E%3Cp%3E%E6%8C%89%E6%97%B6%E5%A4%A7%E5%A4%A7%E5%A4%A7%3C/p%3E%3Cp%3E%E5%98%8E%E5%98%8E%E5%98%8E%E4%B8%AA%3Cimg%20src=%22http://127.0.0.1/public/uploads/2016-12-15/58524d3916341.png%22%20alt=%2220161213093922%22%20style=%22max-width:%20100%;%22%3E%3C/p%3E%3Cp%3E%3Cbr%3E%3C/p%3E&typeid=1&author_id=1
INFO: [ app_init ] --START--
INFO: Run Behavior\BuildLiteBehavior [ RunTime:0.000016s ]
INFO: [ app_init ] --END-- [ RunTime:0.000292s ]
INFO: [ app_begin ] --START--
INFO: Run Behavior\ReadHtmlCacheBehavior [ RunTime:0.000499s ]
INFO: [ app_begin ] --END-- [ RunTime:0.000597s ]
SQL: SHOW COLUMNS FROM `news` [ RunTime:0.0012s ]
ERR: 1406:Data too long for column 'content' at row 1
 [ SQL语句 ] : UPDATE `news` SET `title`='123',`content`='&lt;p&gt;&lt;br&gt;&lt;/p&gt;&lt;p&gt;按时大大大&lt;/p&gt;&lt;p&gt;嘎嘎嘎个&lt;img src=&quot;http://127.0.0.1/public/uploads/2016-12-15/58524d3916341.png&quot; alt=&quot;20161213093922&quot; style=&quot;max-width: 100%;&quot;&gt;&lt;/p&gt;&lt;p&gt;&lt;br&gt;&lt;/p&gt;',`time`='1481788837',`type_id`='1',`author_id`='1' WHERE ( id=49 )
ERR: 1406:Data too long for column 'content' at row 1
 [ SQL语句 ] : UPDATE `news` SET `title`='123',`content`='&lt;p&gt;&lt;br&gt;&lt;/p&gt;&lt;p&gt;按时大大大&lt;/p&gt;&lt;p&gt;嘎嘎嘎个&lt;img src=&quot;http://127.0.0.1/public/uploads/2016-12-15/58524d3916341.png&quot; alt=&quot;20161213093922&quot; style=&quot;max-width: 100%;&quot;&gt;&lt;/p&gt;&lt;p&gt;&lt;br&gt;&lt;/p&gt;',`time`='1481788837',`type_id`='1',`author_id`='1' WHERE ( id=49 )

[ 2016-12-15T16:00:40+08:00 ] 127.0.0.1 /index.php/home/uci/updateNews?id=49&title=123&content=%3Cp%3E%3Cbr%3E%3C/p%3E%3Cp%3E%E6%8C%89%E6%97%B6%E5%A4%A7%E5%A4%A7%E5%A4%A7%3C/p%3E%3Cp%3E%E5%98%8E%E5%98%8E%E5%98%8E%E4%B8%AA%3Cimg%20src=%22http://127.0.0.1/public/uploads/2016-12-15/58524d3916341.png%22%20alt=%2220161213093922%22%20style=%22max-width:%20100%;%22%3E%3C/p%3E%3Cp%3E%3Cbr%3E%3C/p%3E&typeid=1&author_id=1
INFO: [ app_init ] --START--
INFO: Run Behavior\BuildLiteBehavior [ RunTime:0.000041s ]
INFO: [ app_init ] --END-- [ RunTime:0.000342s ]
INFO: [ app_begin ] --START--
INFO: Run Behavior\ReadHtmlCacheBehavior [ RunTime:0.000404s ]
INFO: [ app_begin ] --END-- [ RunTime:0.000490s ]
SQL: SHOW COLUMNS FROM `news` [ RunTime:0.0014s ]
ERR: 1406:Data too long for column 'content' at row 1
 [ SQL语句 ] : UPDATE `news` SET `title`='123',`content`='&lt;p&gt;&lt;br&gt;&lt;/p&gt;&lt;p&gt;按时大大大&lt;/p&gt;&lt;p&gt;嘎嘎嘎个&lt;img src=&quot;http://127.0.0.1/public/uploads/2016-12-15/58524d3916341.png&quot; alt=&quot;20161213093922&quot; style=&quot;max-width: 100%;&quot;&gt;&lt;/p&gt;&lt;p&gt;&lt;br&gt;&lt;/p&gt;',`time`='1481788840',`type_id`='1',`author_id`='1' WHERE ( id=49 )
ERR: 1406:Data too long for column 'content' at row 1
 [ SQL语句 ] : UPDATE `news` SET `title`='123',`content`='&lt;p&gt;&lt;br&gt;&lt;/p&gt;&lt;p&gt;按时大大大&lt;/p&gt;&lt;p&gt;嘎嘎嘎个&lt;img src=&quot;http://127.0.0.1/public/uploads/2016-12-15/58524d3916341.png&quot; alt=&quot;20161213093922&quot; style=&quot;max-width: 100%;&quot;&gt;&lt;/p&gt;&lt;p&gt;&lt;br&gt;&lt;/p&gt;',`time`='1481788840',`type_id`='1',`author_id`='1' WHERE ( id=49 )

[ 2016-12-15T16:00:57+08:00 ] 127.0.0.1 /index.php/home/uci/updateNews?id=49&title=123&content=%3Cp%3E%3Cbr%3E%3C/p%3E%3Cp%3E%E6%8C%89%E6%97%B6%E5%A4%A7%E5%A4%A7%E5%A4%A7%3C/p%3E%3Cp%3E%E5%98%8E%E5%98%8E%E5%98%8E%E4%B8%AA%3Cimg%20src=%22http://127.0.0.1/public/uploads/2016-12-15/58524d3916341.png%22%20alt=%2220161213093922%22%20style=%22max-width:%20100%;%22%3E%3C/p%3E%3Cp%3E%3Cbr%3E%3C/p%3E&typeid=1&author_id=1
INFO: [ app_init ] --START--
INFO: Run Behavior\BuildLiteBehavior [ RunTime:0.000019s ]
INFO: [ app_init ] --END-- [ RunTime:0.000332s ]
INFO: [ app_begin ] --START--
INFO: Run Behavior\ReadHtmlCacheBehavior [ RunTime:0.000442s ]
INFO: [ app_begin ] --END-- [ RunTime:0.000530s ]
SQL: SHOW COLUMNS FROM `news` [ RunTime:0.0013s ]
ERR: 1406:Data too long for column 'content' at row 1
 [ SQL语句 ] : UPDATE `news` SET `title`='123',`content`='&lt;p&gt;&lt;br&gt;&lt;/p&gt;&lt;p&gt;按时大大大&lt;/p&gt;&lt;p&gt;嘎嘎嘎个&lt;img src=&quot;http://127.0.0.1/public/uploads/2016-12-15/58524d3916341.png&quot; alt=&quot;20161213093922&quot; style=&quot;max-width: 100%;&quot;&gt;&lt;/p&gt;&lt;p&gt;&lt;br&gt;&lt;/p&gt;',`time`='1481788857',`type_id`='1',`author_id`='1' WHERE ( id=49 )
ERR: 1406:Data too long for column 'content' at row 1
 [ SQL语句 ] : UPDATE `news` SET `title`='123',`content`='&lt;p&gt;&lt;br&gt;&lt;/p&gt;&lt;p&gt;按时大大大&lt;/p&gt;&lt;p&gt;嘎嘎嘎个&lt;img src=&quot;http://127.0.0.1/public/uploads/2016-12-15/58524d3916341.png&quot; alt=&quot;20161213093922&quot; style=&quot;max-width: 100%;&quot;&gt;&lt;/p&gt;&lt;p&gt;&lt;br&gt;&lt;/p&gt;',`time`='1481788857',`type_id`='1',`author_id`='1' WHERE ( id=49 )

