[ 2016-12-16T09:34:55+08:00 ] 127.0.0.1 /index.php/home/uci/updateNews?id=49&title=123&content=%3Cp%3E%3Cbr%3E%3C/p%3E%3Cp%3E%E6%8C%89%E6%97%B6%E5%A4%A7%E5%A4%A7%E5%A4%A7%3C/p%3E%3Cp%3E%E5%98%8E%E5%98%8E%E5%98%8E%E4%B8%AA%3Cimg%20src=%22http://127.0.0.1/public/uploads/2016-12-15/58524d3916341.png%22%20alt=%2220161213093922%22%20style=%22max-width:%20100%;%22%3E%3C/p%3E%3Cp%3E%3Cbr%3E%3C/p%3E&typeid=1&author_id=1
INFO: [ app_init ] --START--
INFO: Run Behavior\BuildLiteBehavior [ RunTime:0.000019s ]
INFO: [ app_init ] --END-- [ RunTime:0.000342s ]
INFO: [ app_begin ] --START--
INFO: Run Behavior\ReadHtmlCacheBehavior [ RunTime:0.000628s ]
INFO: [ app_begin ] --END-- [ RunTime:0.001003s ]
NOTIC: [8] Undefined variable: dir D:\wamp\www\Application\Home\Controller\UciController.class.php 第 249 行.

[ 2016-12-16T09:37:18+08:00 ] 127.0.0.1 /index.php/home/uci/updateNews?id=49&title=123&content=%3Cp%3E%3Cbr%3E%3C/p%3E%3Cp%3E%E6%8C%89%E6%97%B6%E5%A4%A7%E5%A4%A7%E5%A4%A7%3C/p%3E%3Cp%3E%E5%98%8E%E5%98%8E%E5%98%8E%E4%B8%AA%3Cimg%20src=%22http://127.0.0.1/public/uploads/2016-12-15/58524d3916341.png%22%20alt=%2220161213093922%22%20style=%22max-width:%20100%;%22%3E%3C/p%3E%3Cp%3E%3Cbr%3E%3C/p%3E&typeid=1&author_id=1
INFO: [ app_init ] --START--
INFO: Run Behavior\BuildLiteBehavior [ RunTime:0.000021s ]
INFO: [ app_init ] --END-- [ RunTime:0.000402s ]
INFO: [ app_begin ] --START--
INFO: Run Behavior\ReadHtmlCacheBehavior [ RunTime:0.000517s ]
INFO: [ app_begin ] --END-- [ RunTime:0.000608s ]
NOTIC: [8] Undefined variable: dir D:\wamp\www\Application\Home\Controller\UciController.class.php 第 249 行.

[ 2016-12-16T09:38:03+08:00 ] 127.0.0.1 /index.php/home/uci/updateNews?id=49&title=123&content=%3Cp%3E%3Cbr%3E%3C/p%3E%3Cp%3E%E6%8C%89%E6%97%B6%E5%A4%A7%E5%A4%A7%E5%A4%A7%3C/p%3E%3Cp%3E%E5%98%8E%E5%98%8E%E5%98%8E%E4%B8%AA%3Cimg%20src=%22http://127.0.0.1/public/uploads/2016-12-15/58524d3916341.png%22%20alt=%2220161213093922%22%20style=%22max-width:%20100%;%22%3E%3C/p%3E%3Cp%3E%3Cbr%3E%3C/p%3E&typeid=1&author_id=1
INFO: [ app_init ] --START--
INFO: Run Behavior\BuildLiteBehavior [ RunTime:0.000020s ]
INFO: [ app_init ] --END-- [ RunTime:0.000317s ]
INFO: [ app_begin ] --START--
INFO: Run Behavior\ReadHtmlCacheBehavior [ RunTime:0.000435s ]
INFO: [ app_begin ] --END-- [ RunTime:0.000524s ]
NOTIC: [8] Undefined variable: dir D:\wamp\www\Application\Home\Controller\UciController.class.php 第 249 行.

[ 2016-12-16T09:38:11+08:00 ] 127.0.0.1 /index.php/home/uci/updateNews?id=49&title=123&content=%3Cp%3E%3Cbr%3E%3C/p%3E%3Cp%3E%E6%8C%89%E6%97%B6%E5%A4%A7%E5%A4%A7%E5%A4%A7%3C/p%3E%3Cp%3E%E5%98%8E%E5%98%8E%E5%98%8E%E4%B8%AA%3Cimg%20src=%22http://127.0.0.1/public/uploads/2016-12-15/58524d3916341.png%22%20alt=%2220161213093922%22%20style=%22max-width:%20100%;%22%3E%3C/p%3E%3Cp%3E%3Cbr%3E%3C/p%3E&typeid=1&author_id=1
INFO: [ app_init ] --START--
INFO: Run Behavior\BuildLiteBehavior [ RunTime:0.000017s ]
INFO: [ app_init ] --END-- [ RunTime:0.000312s ]
INFO: [ app_begin ] --START--
INFO: Run Behavior\ReadHtmlCacheBehavior [ RunTime:0.000397s ]
INFO: [ app_begin ] --END-- [ RunTime:0.000478s ]
NOTIC: [8] Undefined variable: dir D:\wamp\www\Application\Home\Controller\UciController.class.php 第 249 行.

[ 2016-12-16T09:38:48+08:00 ] 127.0.0.1 /index.php/home/uci/updateNews?id=49&title=123&content=%3Cp%3E%3Cbr%3E%3C/p%3E%3Cp%3E%E6%8C%89%E6%97%B6%E5%A4%A7%E5%A4%A7%E5%A4%A7%3C/p%3E%3Cp%3E%E5%98%8E%E5%98%8E%E5%98%8E%E4%B8%AA%3Cimg%20src=%22http://127.0.0.1/public/uploads/2016-12-15/58524d3916341.png%22%20alt=%2220161213093922%22%20style=%22max-width:%20100%;%22%3E%3C/p%3E%3Cp%3E%3Cbr%3E%3C/p%3E&typeid=1&author_id=1
INFO: [ app_init ] --START--
INFO: Run Behavior\BuildLiteBehavior [ RunTime:0.000019s ]
INFO: [ app_init ] --END-- [ RunTime:0.000311s ]
INFO: [ app_begin ] --START--
INFO: Run Behavior\ReadHtmlCacheBehavior [ RunTime:0.000423s ]
INFO: [ app_begin ] --END-- [ RunTime:0.000529s ]
NOTIC: [8] Undefined variable: dir D:\wamp\www\Application\Home\Controller\UciController.class.php 第 249 行.

[ 2016-12-16T09:45:29+08:00 ] 127.0.0.1 /index.php/home/uci/sendNews?title=123&content=%3Cp%3E%E4%BD%A0%E5%A5%BD%E4%B9%88%E4%B9%88%E5%93%92%3C/p%3E&typeid=1&author_id=1
INFO: [ app_init ] --START--
INFO: Run Behavior\BuildLiteBehavior [ RunTime:0.000020s ]
INFO: [ app_init ] --END-- [ RunTime:0.000316s ]
INFO: [ app_begin ] --START--
INFO: Run Behavior\ReadHtmlCacheBehavior [ RunTime:0.000402s ]
INFO: [ app_begin ] --END-- [ RunTime:0.000496s ]
NOTIC: [8] Undefined variable: dir D:\wamp\www\Application\Home\Controller\UciController.class.php 第 173 行.
NOTIC: [2] file_put_contents() expects parameter 3 to be long, string given D:\wamp\www\Application\Home\Controller\UciController.class.php 第 174 行.
SQL: SHOW COLUMNS FROM `news` [ RunTime:0.0118s ]
SQL: INSERT INTO `news` (`title`,`content`,`time`,`type_id`,`author_id`) VALUES ('123','Public/news/1481852729.txt','1481852729','1','1') [ RunTime:0.0635s ]

[ 2016-12-16T09:49:30+08:00 ] 127.0.0.1 /index.php/home/uci/sendNews?title=123&content=%3Cp%3E%E4%BD%A0%E5%A5%BD%E4%B9%88%E4%B9%88%E5%93%92%3C/p%3E&typeid=1&author_id=1
INFO: [ app_init ] --START--
INFO: Run Behavior\BuildLiteBehavior [ RunTime:0.000033s ]
INFO: [ app_init ] --END-- [ RunTime:0.000502s ]
INFO: [ app_begin ] --START--
INFO: Run Behavior\ReadHtmlCacheBehavior [ RunTime:0.000410s ]
INFO: [ app_begin ] --END-- [ RunTime:0.000501s ]
NOTIC: [8] Undefined variable: dir D:\wamp\www\Application\Home\Controller\UciController.class.php 第 173 行.
NOTIC: [2] file_put_contents() expects parameter 3 to be long, string given D:\wamp\www\Application\Home\Controller\UciController.class.php 第 174 行.
SQL: SHOW COLUMNS FROM `news` [ RunTime:0.0157s ]
SQL: INSERT INTO `news` (`title`,`content`,`time`,`type_id`,`author_id`) VALUES ('123','Public/news/1481852970.txt','1481852970','1','1') [ RunTime:0.0621s ]

[ 2016-12-16T09:51:27+08:00 ] 127.0.0.1 /index.php/home/uci/sendNews?title=123&content=%3Cp%3E%E4%BD%A0%E5%A5%BD%E4%B9%88%E4%B9%88%E5%93%92%3C/p%3E&typeid=1&author_id=1
INFO: [ app_init ] --START--
INFO: Run Behavior\BuildLiteBehavior [ RunTime:0.000035s ]
INFO: [ app_init ] --END-- [ RunTime:0.000520s ]
INFO: [ app_begin ] --START--
INFO: Run Behavior\ReadHtmlCacheBehavior [ RunTime:0.000345s ]
INFO: [ app_begin ] --END-- [ RunTime:0.000436s ]
NOTIC: [8] Undefined variable: dir D:\wamp\www\Application\Home\Controller\UciController.class.php 第 173 行.
SQL: SHOW COLUMNS FROM `news` [ RunTime:0.0025s ]
SQL: INSERT INTO `news` (`title`,`content`,`time`,`type_id`,`author_id`) VALUES ('123','Public/news/1481853087.txt','1481853087','1','1') [ RunTime:0.0784s ]

[ 2016-12-16T10:05:20+08:00 ] 127.0.0.1 /index.php/home/uci/getNewsList
INFO: [ app_init ] --START--
INFO: Run Behavior\BuildLiteBehavior [ RunTime:0.000018s ]
INFO: [ app_init ] --END-- [ RunTime:0.000307s ]
INFO: [ app_begin ] --START--
INFO: Run Behavior\ReadHtmlCacheBehavior [ RunTime:0.000462s ]
INFO: [ app_begin ] --END-- [ RunTime:0.000566s ]
SQL: SHOW COLUMNS FROM `news` [ RunTime:0.0023s ]
SQL: SELECT news.id,`title`,news.type_id,`author_id`,name as author_name,`time` FROM `news` INNER JOIN user ON news.author_id=user.id  WHERE ( news.isDelete=0 )  [ RunTime:0.0579s ]

[ 2016-12-16T10:05:22+08:00 ] 127.0.0.1 /index.php/home/uci/getNewsDetails?id=52
INFO: [ app_init ] --START--
INFO: Run Behavior\BuildLiteBehavior [ RunTime:0.000021s ]
INFO: [ app_init ] --END-- [ RunTime:0.000315s ]
INFO: [ app_begin ] --START--
INFO: Run Behavior\ReadHtmlCacheBehavior [ RunTime:0.000361s ]
INFO: [ app_begin ] --END-- [ RunTime:0.000458s ]
SQL: SHOW COLUMNS FROM `news` [ RunTime:0.0039s ]
SQL: SELECT * FROM `news` WHERE ( id=52 AND isDelete=0 ) LIMIT 1   [ RunTime:0.0010s ]
NOTIC: [8] Undefined variable: dir D:\wamp\www\Application\Home\Controller\UciController.class.php 第 219 行.

[ 2016-12-16T10:05:22+08:00 ] 127.0.0.1 /index.php/home/uci/getNewsTypeList
INFO: [ app_init ] --START--
INFO: Run Behavior\BuildLiteBehavior [ RunTime:0.000020s ]
INFO: [ app_init ] --END-- [ RunTime:0.000328s ]
INFO: [ app_begin ] --START--
INFO: Run Behavior\ReadHtmlCacheBehavior [ RunTime:0.000633s ]
INFO: [ app_begin ] --END-- [ RunTime:0.000742s ]
SQL: SHOW COLUMNS FROM `news_type` [ RunTime:0.0038s ]
SQL: SELECT * FROM `news_type`  [ RunTime:0.0009s ]

[ 2016-12-16T10:13:27+08:00 ] 127.0.0.1 /index.php/home/uci/updateNews?id=52&title=123&content=%3Cp%3E%3Cbr%3E%3C/p%3E&lt;p&gt;%E4%BD%A0%E5%A5%BD%E4%B9%88%E4%B9%88%E5%93%92&lt;/p&gt;123&typeid=2&author_id=1
INFO: [ app_init ] --START--
INFO: Run Behavior\BuildLiteBehavior [ RunTime:0.000026s ]
INFO: [ app_init ] --END-- [ RunTime:0.000493s ]
INFO: [ app_begin ] --START--
INFO: Run Behavior\ReadHtmlCacheBehavior [ RunTime:0.000757s ]
INFO: [ app_begin ] --END-- [ RunTime:0.000975s ]
SQL: SHOW COLUMNS FROM `news` [ RunTime:0.0078s ]
SQL: SELECT * FROM `news` WHERE ( id=52 AND isDelete=0 ) LIMIT 1   [ RunTime:0.0003s ]
NOTIC: [8] Undefined variable: dir D:\wamp\www\Application\Home\Controller\UciController.class.php 第 258 行.
SQL: UPDATE `news` SET `title`='123',`time`='1481854407',`type_id`='2',`author_id`='1' WHERE ( id=52 ) [ RunTime:0.0757s ]

[ 2016-12-16T10:14:16+08:00 ] 127.0.0.1 /index.php/home/uci/updateNews?id=52&title=123&content=%3Cp%3E%3Cbr%3E%3C/p%3E&lt;p&gt;%E4%BD%A0%E5%A5%BD%E4%B9%88%E4%B9%88%E5%93%92&lt;/p&gt;123&typeid=2&author_id=1
INFO: [ app_init ] --START--
INFO: Run Behavior\BuildLiteBehavior [ RunTime:0.000036s ]
INFO: [ app_init ] --END-- [ RunTime:0.000330s ]
INFO: [ app_begin ] --START--
INFO: Run Behavior\ReadHtmlCacheBehavior [ RunTime:0.000374s ]
INFO: [ app_begin ] --END-- [ RunTime:0.000496s ]
SQL: SHOW COLUMNS FROM `news` [ RunTime:0.0015s ]
SQL: SELECT * FROM `news` WHERE ( id=52 AND isDelete=0 ) LIMIT 1   [ RunTime:0.0002s ]
NOTIC: [8] Undefined variable: dir D:\wamp\www\Application\Home\Controller\UciController.class.php 第 258 行.

[ 2016-12-16T10:14:24+08:00 ] 127.0.0.1 /index.php/home/uci/updateNews?id=52&title=123&content=%3Cp%3E%3Cbr%3E%3C/p%3E&lt;p&gt;%E4%BD%A0%E5%A5%BD%E4%B9%88%E4%B9%88%E5%93%92&lt;/p&gt;123123&typeid=1&author_id=1
INFO: [ app_init ] --START--
INFO: Run Behavior\BuildLiteBehavior [ RunTime:0.000018s ]
INFO: [ app_init ] --END-- [ RunTime:0.000292s ]
INFO: [ app_begin ] --START--
INFO: Run Behavior\ReadHtmlCacheBehavior [ RunTime:0.000343s ]
INFO: [ app_begin ] --END-- [ RunTime:0.000425s ]
SQL: SHOW COLUMNS FROM `news` [ RunTime:0.0015s ]
SQL: SELECT * FROM `news` WHERE ( id=52 AND isDelete=0 ) LIMIT 1   [ RunTime:0.0003s ]
NOTIC: [8] Undefined variable: dir D:\wamp\www\Application\Home\Controller\UciController.class.php 第 258 行.

[ 2016-12-16T10:14:37+08:00 ] 127.0.0.1 /index.php/home/uci/updateNews?id=52&title=123&content=%3Cp%3E%3Cbr%3E%3C/p%3E&lt;p&gt;%E4%BD%A0%E5%A5%BD%E4%B9%88%E4%B9%88%E5%93%92&lt;/p&gt;123123&typeid=1&author_id=1
INFO: [ app_init ] --START--
INFO: Run Behavior\BuildLiteBehavior [ RunTime:0.000022s ]
INFO: [ app_init ] --END-- [ RunTime:0.000311s ]
INFO: [ app_begin ] --START--
INFO: Run Behavior\ReadHtmlCacheBehavior [ RunTime:0.000398s ]
INFO: [ app_begin ] --END-- [ RunTime:0.000489s ]
SQL: SHOW COLUMNS FROM `news` [ RunTime:0.0020s ]
SQL: SELECT * FROM `news` WHERE ( id=52 AND isDelete=0 ) LIMIT 1   [ RunTime:0.0005s ]
NOTIC: [8] Undefined variable: dir D:\wamp\www\Application\Home\Controller\UciController.class.php 第 258 行.

[ 2016-12-16T10:14:49+08:00 ] 127.0.0.1 /index.php/home/uci/updateNews?id=52&title=123&content=%3Cp%3E1231231231%3C/p%3E%3Cp%3E132312312313%3C/p%3E&typeid=1&author_id=1
INFO: [ app_init ] --START--
INFO: Run Behavior\BuildLiteBehavior [ RunTime:0.000025s ]
INFO: [ app_init ] --END-- [ RunTime:0.000403s ]
INFO: [ app_begin ] --START--
INFO: Run Behavior\ReadHtmlCacheBehavior [ RunTime:0.000501s ]
INFO: [ app_begin ] --END-- [ RunTime:0.000604s ]
SQL: SHOW COLUMNS FROM `news` [ RunTime:0.0032s ]
SQL: SELECT * FROM `news` WHERE ( id=52 AND isDelete=0 ) LIMIT 1   [ RunTime:0.0003s ]
NOTIC: [8] Undefined variable: dir D:\wamp\www\Application\Home\Controller\UciController.class.php 第 258 行.

[ 2016-12-16T10:15:47+08:00 ] 127.0.0.1 /index.php/home/uci/getNewsDetails?id=52
INFO: [ app_init ] --START--
INFO: Run Behavior\BuildLiteBehavior [ RunTime:0.000023s ]
INFO: [ app_init ] --END-- [ RunTime:0.000346s ]
INFO: [ app_begin ] --START--
INFO: Run Behavior\ReadHtmlCacheBehavior [ RunTime:0.000442s ]
INFO: [ app_begin ] --END-- [ RunTime:0.000537s ]
SQL: SHOW COLUMNS FROM `news` [ RunTime:0.0018s ]
SQL: SELECT * FROM `news` WHERE ( id=52 AND isDelete=0 ) LIMIT 1   [ RunTime:0.0007s ]
NOTIC: [8] Undefined variable: dir D:\wamp\www\Application\Home\Controller\UciController.class.php 第 219 行.

[ 2016-12-16T10:15:48+08:00 ] 127.0.0.1 /index.php/home/uci/getNewsTypeList
INFO: [ app_init ] --START--
INFO: Run Behavior\BuildLiteBehavior [ RunTime:0.000020s ]
INFO: [ app_init ] --END-- [ RunTime:0.000333s ]
INFO: [ app_begin ] --START--
INFO: Run Behavior\ReadHtmlCacheBehavior [ RunTime:0.000426s ]
INFO: [ app_begin ] --END-- [ RunTime:0.000522s ]
SQL: SHOW COLUMNS FROM `news_type` [ RunTime:0.0055s ]
SQL: SELECT * FROM `news_type`  [ RunTime:0.0008s ]

[ 2016-12-16T10:15:56+08:00 ] 127.0.0.1 /index.php/home/uci/updateNews?id=52&title=123&content=%3Cp%3E123123123%3C/p%3E&typeid=1&author_id=1
INFO: [ app_init ] --START--
INFO: Run Behavior\BuildLiteBehavior [ RunTime:0.000023s ]
INFO: [ app_init ] --END-- [ RunTime:0.000403s ]
INFO: [ app_begin ] --START--
INFO: Run Behavior\ReadHtmlCacheBehavior [ RunTime:0.000351s ]
INFO: [ app_begin ] --END-- [ RunTime:0.000470s ]
SQL: SHOW COLUMNS FROM `news` [ RunTime:0.0014s ]
SQL: SELECT * FROM `news` WHERE ( id=52 AND isDelete=0 ) LIMIT 1   [ RunTime:0.0002s ]
NOTIC: [8] Undefined variable: dir D:\wamp\www\Application\Home\Controller\UciController.class.php 第 258 行.

[ 2016-12-16T10:16:05+08:00 ] 127.0.0.1 /index.php/home/uci/updateNews?id=52&title=123&content=%3Cp%3E123123123%3C/p%3E&typeid=1&author_id=1
INFO: [ app_init ] --START--
INFO: Run Behavior\BuildLiteBehavior [ RunTime:0.000022s ]
INFO: [ app_init ] --END-- [ RunTime:0.000312s ]
INFO: [ app_begin ] --START--
INFO: Run Behavior\ReadHtmlCacheBehavior [ RunTime:0.000395s ]
INFO: [ app_begin ] --END-- [ RunTime:0.000492s ]
SQL: SHOW COLUMNS FROM `news` [ RunTime:0.0016s ]
SQL: SELECT * FROM `news` WHERE ( id=52 AND isDelete=0 ) LIMIT 1   [ RunTime:0.0003s ]
NOTIC: [8] Undefined variable: dir D:\wamp\www\Application\Home\Controller\UciController.class.php 第 258 行.

[ 2016-12-16T10:16:52+08:00 ] 127.0.0.1 /index.php/home/uci/updateNews?id=52&title=123&content=%3Cp%3E123123123%3C/p%3E&typeid=1&author_id=1
INFO: [ app_init ] --START--
INFO: Run Behavior\BuildLiteBehavior [ RunTime:0.000020s ]
INFO: [ app_init ] --END-- [ RunTime:0.000298s ]
INFO: [ app_begin ] --START--
INFO: Run Behavior\ReadHtmlCacheBehavior [ RunTime:0.000380s ]
INFO: [ app_begin ] --END-- [ RunTime:0.000470s ]
SQL: SHOW COLUMNS FROM `news` [ RunTime:0.0018s ]
SQL: SELECT * FROM `news` WHERE ( id=52 AND isDelete=0 ) LIMIT 1   [ RunTime:0.0004s ]
NOTIC: [8] Undefined variable: dir D:\wamp\www\Application\Home\Controller\UciController.class.php 第 258 行.

[ 2016-12-16T10:17:00+08:00 ] 127.0.0.1 /index.php/home/uci/updateNews?id=52&title=123&content=%3Cp%3E123123123%3C/p%3E&typeid=1&author_id=1
INFO: [ app_init ] --START--
INFO: Run Behavior\BuildLiteBehavior [ RunTime:0.000020s ]
INFO: [ app_init ] --END-- [ RunTime:0.000298s ]
INFO: [ app_begin ] --START--
INFO: Run Behavior\ReadHtmlCacheBehavior [ RunTime:0.000369s ]
INFO: [ app_begin ] --END-- [ RunTime:0.000456s ]
SQL: SHOW COLUMNS FROM `news` [ RunTime:0.0019s ]
SQL: SELECT * FROM `news` WHERE ( id=52 AND isDelete=0 ) LIMIT 1   [ RunTime:0.0004s ]
NOTIC: [8] Undefined variable: dir D:\wamp\www\Application\Home\Controller\UciController.class.php 第 258 行.

[ 2016-12-16T10:17:34+08:00 ] 127.0.0.1 /index.php/home/uci/updateNews?id=52&title=123&content=%3Cp%3E123123123%3C/p%3E&typeid=1&author_id=1
INFO: [ app_init ] --START--
INFO: Run Behavior\BuildLiteBehavior [ RunTime:0.000018s ]
INFO: [ app_init ] --END-- [ RunTime:0.000310s ]
INFO: [ app_begin ] --START--
INFO: Run Behavior\ReadHtmlCacheBehavior [ RunTime:0.000353s ]
INFO: [ app_begin ] --END-- [ RunTime:0.000439s ]
SQL: SHOW COLUMNS FROM `news` [ RunTime:0.0048s ]
SQL: SELECT * FROM `news` WHERE ( id=52 AND isDelete=0 ) LIMIT 1   [ RunTime:0.0009s ]
NOTIC: [8] Undefined variable: dir D:\wamp\www\Application\Home\Controller\UciController.class.php 第 258 行.
SQL: UPDATE `news` SET `title`='123',`time`='1481854654',`type_id`='1',`author_id`='1' WHERE ( id=52 ) [ RunTime:0.0550s ]

[ 2016-12-16T10:17:46+08:00 ] 127.0.0.1 /index.php/home/uci/getNewsDetails?id=52
INFO: [ app_init ] --START--
INFO: Run Behavior\BuildLiteBehavior [ RunTime:0.000054s ]
INFO: [ app_init ] --END-- [ RunTime:0.000719s ]
INFO: [ app_begin ] --START--
INFO: Run Behavior\ReadHtmlCacheBehavior [ RunTime:0.000562s ]
INFO: [ app_begin ] --END-- [ RunTime:0.000706s ]
SQL: SHOW COLUMNS FROM `news` [ RunTime:0.0024s ]
SQL: SELECT * FROM `news` WHERE ( id=52 AND isDelete=0 ) LIMIT 1   [ RunTime:0.0031s ]
NOTIC: [8] Undefined variable: dir D:\wamp\www\Application\Home\Controller\UciController.class.php 第 219 行.

[ 2016-12-16T10:17:46+08:00 ] 127.0.0.1 /index.php/home/uci/getNewsTypeList
INFO: [ app_init ] --START--
INFO: Run Behavior\BuildLiteBehavior [ RunTime:0.000020s ]
INFO: [ app_init ] --END-- [ RunTime:0.000343s ]
INFO: [ app_begin ] --START--
INFO: Run Behavior\ReadHtmlCacheBehavior [ RunTime:0.000449s ]
INFO: [ app_begin ] --END-- [ RunTime:0.000557s ]
SQL: SHOW COLUMNS FROM `news_type` [ RunTime:0.0018s ]
SQL: SELECT * FROM `news_type`  [ RunTime:0.0003s ]

[ 2016-12-16T10:23:17+08:00 ] 127.0.0.1 /index.php/home/uci/getNewsDetails?id=52
INFO: [ app_init ] --START--
INFO: Run Behavior\BuildLiteBehavior [ RunTime:0.000019s ]
INFO: [ app_init ] --END-- [ RunTime:0.000344s ]
INFO: [ app_begin ] --START--
INFO: Run Behavior\ReadHtmlCacheBehavior [ RunTime:0.000431s ]
INFO: [ app_begin ] --END-- [ RunTime:0.000528s ]
SQL: SHOW COLUMNS FROM `news` [ RunTime:0.0019s ]
SQL: SELECT * FROM `news` WHERE ( id=52 AND isDelete=0 ) LIMIT 1   [ RunTime:0.0003s ]
NOTIC: [8] Undefined variable: dir D:\wamp\www\Application\Home\Controller\UciController.class.php 第 219 行.

[ 2016-12-16T10:23:17+08:00 ] 127.0.0.1 /index.php/home/uci/getNewsTypeList
INFO: [ app_init ] --START--
INFO: Run Behavior\BuildLiteBehavior [ RunTime:0.000019s ]
INFO: [ app_init ] --END-- [ RunTime:0.000333s ]
INFO: [ app_begin ] --START--
INFO: Run Behavior\ReadHtmlCacheBehavior [ RunTime:0.000426s ]
INFO: [ app_begin ] --END-- [ RunTime:0.000514s ]
SQL: SHOW COLUMNS FROM `news_type` [ RunTime:0.0041s ]
SQL: SELECT * FROM `news_type`  [ RunTime:0.0007s ]

[ 2016-12-16T10:23:23+08:00 ] 127.0.0.1 /index.php/home/uci/getNewsDetails?id=52
INFO: [ app_init ] --START--
INFO: Run Behavior\BuildLiteBehavior [ RunTime:0.000020s ]
INFO: [ app_init ] --END-- [ RunTime:0.000296s ]
INFO: [ app_begin ] --START--
INFO: Run Behavior\ReadHtmlCacheBehavior [ RunTime:0.000359s ]
INFO: [ app_begin ] --END-- [ RunTime:0.000443s ]
SQL: SHOW COLUMNS FROM `news` [ RunTime:0.0014s ]
SQL: SELECT * FROM `news` WHERE ( id=52 AND isDelete=0 ) LIMIT 1   [ RunTime:0.0021s ]
NOTIC: [8] Undefined variable: dir D:\wamp\www\Application\Home\Controller\UciController.class.php 第 219 行.

[ 2016-12-16T10:23:23+08:00 ] 127.0.0.1 /index.php/home/uci/getNewsTypeList
INFO: [ app_init ] --START--
INFO: Run Behavior\BuildLiteBehavior [ RunTime:0.000018s ]
INFO: [ app_init ] --END-- [ RunTime:0.000363s ]
INFO: [ app_begin ] --START--
INFO: Run Behavior\ReadHtmlCacheBehavior [ RunTime:0.000354s ]
INFO: [ app_begin ] --END-- [ RunTime:0.000441s ]
SQL: SHOW COLUMNS FROM `news_type` [ RunTime:0.0019s ]
SQL: SELECT * FROM `news_type`  [ RunTime:0.0002s ]

[ 2016-12-16T10:23:29+08:00 ] 127.0.0.1 /index.php/home/uci/getNewsDetails?id=52
INFO: [ app_init ] --START--
INFO: Run Behavior\BuildLiteBehavior [ RunTime:0.000019s ]
INFO: [ app_init ] --END-- [ RunTime:0.000300s ]
INFO: [ app_begin ] --START--
INFO: Run Behavior\ReadHtmlCacheBehavior [ RunTime:0.000382s ]
INFO: [ app_begin ] --END-- [ RunTime:0.000473s ]
SQL: SHOW COLUMNS FROM `news` [ RunTime:0.0409s ]
SQL: SELECT * FROM `news` WHERE ( id=52 AND isDelete=0 ) LIMIT 1   [ RunTime:0.0004s ]
NOTIC: [8] Undefined variable: dir D:\wamp\www\Application\Home\Controller\UciController.class.php 第 219 行.

[ 2016-12-16T10:23:29+08:00 ] 127.0.0.1 /index.php/home/uci/getNewsTypeList
INFO: [ app_init ] --START--
INFO: Run Behavior\BuildLiteBehavior [ RunTime:0.000018s ]
INFO: [ app_init ] --END-- [ RunTime:0.000292s ]
INFO: [ app_begin ] --START--
INFO: Run Behavior\ReadHtmlCacheBehavior [ RunTime:0.001418s ]
INFO: [ app_begin ] --END-- [ RunTime:0.001512s ]
SQL: SHOW COLUMNS FROM `news_type` [ RunTime:0.0051s ]
SQL: SELECT * FROM `news_type`  [ RunTime:0.0003s ]

[ 2016-12-16T10:23:35+08:00 ] 127.0.0.1 /index.php/home/uci/getNewsDetails?id=52
INFO: [ app_init ] --START--
INFO: Run Behavior\BuildLiteBehavior [ RunTime:0.000022s ]
INFO: [ app_init ] --END-- [ RunTime:0.000332s ]
INFO: [ app_begin ] --START--
INFO: Run Behavior\ReadHtmlCacheBehavior [ RunTime:0.000451s ]
INFO: [ app_begin ] --END-- [ RunTime:0.000562s ]
SQL: SHOW COLUMNS FROM `news` [ RunTime:0.0029s ]
SQL: SELECT * FROM `news` WHERE ( id=52 AND isDelete=0 ) LIMIT 1   [ RunTime:0.0006s ]
NOTIC: [8] Undefined variable: dir D:\wamp\www\Application\Home\Controller\UciController.class.php 第 219 行.

[ 2016-12-16T10:23:35+08:00 ] 127.0.0.1 /index.php/home/uci/getNewsTypeList
INFO: [ app_init ] --START--
INFO: Run Behavior\BuildLiteBehavior [ RunTime:0.000020s ]
INFO: [ app_init ] --END-- [ RunTime:0.000308s ]
INFO: [ app_begin ] --START--
INFO: Run Behavior\ReadHtmlCacheBehavior [ RunTime:0.000633s ]
INFO: [ app_begin ] --END-- [ RunTime:0.000808s ]
SQL: SHOW COLUMNS FROM `news_type` [ RunTime:0.0017s ]
SQL: SELECT * FROM `news_type`  [ RunTime:0.0002s ]

[ 2016-12-16T10:23:45+08:00 ] 127.0.0.1 /index.php/home/uci/getNewsTypeList
INFO: [ app_init ] --START--
INFO: Run Behavior\BuildLiteBehavior [ RunTime:0.000026s ]
INFO: [ app_init ] --END-- [ RunTime:0.001033s ]
INFO: [ app_begin ] --START--
INFO: Run Behavior\ReadHtmlCacheBehavior [ RunTime:0.000435s ]
INFO: [ app_begin ] --END-- [ RunTime:0.000535s ]
SQL: SHOW COLUMNS FROM `news_type` [ RunTime:0.0055s ]
SQL: SELECT * FROM `news_type`  [ RunTime:0.0006s ]

[ 2016-12-16T10:23:45+08:00 ] 127.0.0.1 /index.php/home/uci/getNewsDetails?id=52
INFO: [ app_init ] --START--
INFO: Run Behavior\BuildLiteBehavior [ RunTime:0.000027s ]
INFO: [ app_init ] --END-- [ RunTime:0.000472s ]
INFO: [ app_begin ] --START--
INFO: Run Behavior\ReadHtmlCacheBehavior [ RunTime:0.000369s ]
INFO: [ app_begin ] --END-- [ RunTime:0.000492s ]
SQL: SHOW COLUMNS FROM `news` [ RunTime:0.0046s ]
SQL: SELECT * FROM `news` WHERE ( id=52 AND isDelete=0 ) LIMIT 1   [ RunTime:0.0006s ]
NOTIC: [8] Undefined variable: dir D:\wamp\www\Application\Home\Controller\UciController.class.php 第 219 行.

[ 2016-12-16T10:23:55+08:00 ] 127.0.0.1 /index.php/home/uci/getNewsDetails?id=52
INFO: [ app_init ] --START--
INFO: Run Behavior\BuildLiteBehavior [ RunTime:0.000020s ]
INFO: [ app_init ] --END-- [ RunTime:0.000311s ]
INFO: [ app_begin ] --START--
INFO: Run Behavior\ReadHtmlCacheBehavior [ RunTime:0.000358s ]
INFO: [ app_begin ] --END-- [ RunTime:0.000449s ]
SQL: SHOW COLUMNS FROM `news` [ RunTime:0.0030s ]
SQL: SELECT * FROM `news` WHERE ( id=52 AND isDelete=0 ) LIMIT 1   [ RunTime:0.0007s ]
NOTIC: [8] Undefined variable: dir D:\wamp\www\Application\Home\Controller\UciController.class.php 第 219 行.

[ 2016-12-16T10:23:55+08:00 ] 127.0.0.1 /index.php/home/uci/getNewsTypeList
INFO: [ app_init ] --START--
INFO: Run Behavior\BuildLiteBehavior [ RunTime:0.000020s ]
INFO: [ app_init ] --END-- [ RunTime:0.000306s ]
INFO: [ app_begin ] --START--
INFO: Run Behavior\ReadHtmlCacheBehavior [ RunTime:0.000362s ]
INFO: [ app_begin ] --END-- [ RunTime:0.000453s ]
SQL: SHOW COLUMNS FROM `news_type` [ RunTime:0.0014s ]
SQL: SELECT * FROM `news_type`  [ RunTime:0.0002s ]

[ 2016-12-16T10:24:15+08:00 ] 127.0.0.1 /index.php/home/uci/getNewsDetails?id=52
INFO: [ app_init ] --START--
INFO: Run Behavior\BuildLiteBehavior [ RunTime:0.000023s ]
INFO: [ app_init ] --END-- [ RunTime:0.000388s ]
INFO: [ app_begin ] --START--
INFO: Run Behavior\ReadHtmlCacheBehavior [ RunTime:0.000382s ]
INFO: [ app_begin ] --END-- [ RunTime:0.000479s ]
SQL: SHOW COLUMNS FROM `news` [ RunTime:0.0023s ]
SQL: SELECT * FROM `news` WHERE ( id=52 AND isDelete=0 ) LIMIT 1   [ RunTime:0.0012s ]
NOTIC: [8] Undefined variable: dir D:\wamp\www\Application\Home\Controller\UciController.class.php 第 219 行.

[ 2016-12-16T10:24:15+08:00 ] 127.0.0.1 /index.php/home/uci/getNewsTypeList
INFO: [ app_init ] --START--
INFO: Run Behavior\BuildLiteBehavior [ RunTime:0.000026s ]
INFO: [ app_init ] --END-- [ RunTime:0.000352s ]
INFO: [ app_begin ] --START--
INFO: Run Behavior\ReadHtmlCacheBehavior [ RunTime:0.000440s ]
INFO: [ app_begin ] --END-- [ RunTime:0.000541s ]
SQL: SHOW COLUMNS FROM `news_type` [ RunTime:0.0037s ]
SQL: SELECT * FROM `news_type`  [ RunTime:0.0003s ]

[ 2016-12-16T10:28:21+08:00 ] 127.0.0.1 /index.php/home/uci/getNewsTypeList
INFO: [ app_init ] --START--
INFO: Run Behavior\BuildLiteBehavior [ RunTime:0.000021s ]
INFO: [ app_init ] --END-- [ RunTime:0.000364s ]
INFO: [ app_begin ] --START--
INFO: Run Behavior\ReadHtmlCacheBehavior [ RunTime:0.000564s ]
INFO: [ app_begin ] --END-- [ RunTime:0.000718s ]
SQL: SHOW COLUMNS FROM `news_type` [ RunTime:0.0043s ]
SQL: SELECT * FROM `news_type`  [ RunTime:0.0003s ]

[ 2016-12-16T10:28:21+08:00 ] 127.0.0.1 /index.php/home/uci/getNewsDetails?id=52
INFO: [ app_init ] --START--
INFO: Run Behavior\BuildLiteBehavior [ RunTime:0.000025s ]
INFO: [ app_init ] --END-- [ RunTime:0.000420s ]
INFO: [ app_begin ] --START--
INFO: Run Behavior\ReadHtmlCacheBehavior [ RunTime:0.000604s ]
INFO: [ app_begin ] --END-- [ RunTime:0.001022s ]
SQL: SHOW COLUMNS FROM `news` [ RunTime:0.0052s ]
SQL: SELECT * FROM `news` WHERE ( id=52 AND isDelete=0 ) LIMIT 1   [ RunTime:0.0002s ]
NOTIC: [8] Undefined variable: dir D:\wamp\www\Application\Home\Controller\UciController.class.php 第 219 行.

[ 2016-12-16T10:28:31+08:00 ] 127.0.0.1 /index.php/home/uci/upload
INFO: [ app_init ] --START--
INFO: Run Behavior\BuildLiteBehavior [ RunTime:0.000020s ]
INFO: [ app_init ] --END-- [ RunTime:0.000296s ]
INFO: [ app_begin ] --START--
INFO: Run Behavior\ReadHtmlCacheBehavior [ RunTime:0.000346s ]
INFO: [ app_begin ] --END-- [ RunTime:0.000448s ]
NOTIC: [2] call_user_func() expects parameter 1 to be a valid callback, no array or string given D:\wamp\www\ThinkPHP\Library\Think\Upload.class.php 第 170 行.

[ 2016-12-16T10:28:36+08:00 ] 127.0.0.1 /index.php/home/uci/updateNews?id=52&title=123&content=%3Cp%3E%3Cimg%20src=%22http://127.0.0.1/public/uploads/2016-12-16/5853514f942a0.png%22%20alt=%2220161213093922%22%20style=%22max-width:100%;%22%3E%3C/p%3E%3Cp%3E123123123%3C/p%3E%3Cp%3E%3Cbr%3E%3C/p%3E&typeid=1&author_id=1
INFO: [ app_init ] --START--
INFO: Run Behavior\BuildLiteBehavior [ RunTime:0.000022s ]
INFO: [ app_init ] --END-- [ RunTime:0.000338s ]
INFO: [ app_begin ] --START--
INFO: Run Behavior\ReadHtmlCacheBehavior [ RunTime:0.000435s ]
INFO: [ app_begin ] --END-- [ RunTime:0.000541s ]
SQL: SHOW COLUMNS FROM `news` [ RunTime:0.0036s ]
SQL: SELECT * FROM `news` WHERE ( id=52 AND isDelete=0 ) LIMIT 1   [ RunTime:0.0003s ]
NOTIC: [8] Undefined variable: dir D:\wamp\www\Application\Home\Controller\UciController.class.php 第 257 行.
SQL: UPDATE `news` SET `title`='123',`time`='1481855316',`type_id`='1',`author_id`='1' WHERE ( id=52 ) [ RunTime:0.1427s ]

[ 2016-12-16T10:28:39+08:00 ] 127.0.0.1 /index.php/home/uci/getNewsDetails?id=52
INFO: [ app_init ] --START--
INFO: Run Behavior\BuildLiteBehavior [ RunTime:0.000020s ]
INFO: [ app_init ] --END-- [ RunTime:0.000324s ]
INFO: [ app_begin ] --START--
INFO: Run Behavior\ReadHtmlCacheBehavior [ RunTime:0.000447s ]
INFO: [ app_begin ] --END-- [ RunTime:0.000544s ]
SQL: SHOW COLUMNS FROM `news` [ RunTime:0.0028s ]
SQL: SELECT * FROM `news` WHERE ( id=52 AND isDelete=0 ) LIMIT 1   [ RunTime:0.0003s ]
NOTIC: [8] Undefined variable: dir D:\wamp\www\Application\Home\Controller\UciController.class.php 第 219 行.

[ 2016-12-16T10:28:39+08:00 ] 127.0.0.1 /index.php/home/uci/getNewsTypeList
INFO: [ app_init ] --START--
INFO: Run Behavior\BuildLiteBehavior [ RunTime:0.000018s ]
INFO: [ app_init ] --END-- [ RunTime:0.000291s ]
INFO: [ app_begin ] --START--
INFO: Run Behavior\ReadHtmlCacheBehavior [ RunTime:0.000345s ]
INFO: [ app_begin ] --END-- [ RunTime:0.000438s ]
SQL: SHOW COLUMNS FROM `news_type` [ RunTime:0.0019s ]
SQL: SELECT * FROM `news_type`  [ RunTime:0.0003s ]

[ 2016-12-16T10:37:58+08:00 ] 127.0.0.1 /index.php/home/uci/getNewsDetails?id=52
INFO: [ app_init ] --START--
INFO: Run Behavior\BuildLiteBehavior [ RunTime:0.000021s ]
INFO: [ app_init ] --END-- [ RunTime:0.000323s ]
INFO: [ app_begin ] --START--
INFO: Run Behavior\ReadHtmlCacheBehavior [ RunTime:0.000540s ]
INFO: [ app_begin ] --END-- [ RunTime:0.000679s ]
SQL: SHOW COLUMNS FROM `news` [ RunTime:0.0039s ]
SQL: SELECT * FROM `news` WHERE ( id=52 AND isDelete=0 ) LIMIT 1   [ RunTime:0.0003s ]
NOTIC: [8] Undefined variable: dir D:\wamp\www\Application\Home\Controller\UciController.class.php 第 219 行.

[ 2016-12-16T10:37:58+08:00 ] 127.0.0.1 /index.php/home/uci/getNewsTypeList
INFO: [ app_init ] --START--
INFO: Run Behavior\BuildLiteBehavior [ RunTime:0.000020s ]
INFO: [ app_init ] --END-- [ RunTime:0.000335s ]
INFO: [ app_begin ] --START--
INFO: Run Behavior\ReadHtmlCacheBehavior [ RunTime:0.000546s ]
INFO: [ app_begin ] --END-- [ RunTime:0.000686s ]
SQL: SHOW COLUMNS FROM `news_type` [ RunTime:0.0019s ]
SQL: SELECT * FROM `news_type`  [ RunTime:0.0009s ]

[ 2016-12-16T11:04:44+08:00 ] 127.0.0.1 /index.php/home/uci/getNewsTypeList
INFO: [ app_init ] --START--
INFO: Run Behavior\BuildLiteBehavior [ RunTime:0.000020s ]
INFO: [ app_init ] --END-- [ RunTime:0.000337s ]
INFO: [ app_begin ] --START--
INFO: Run Behavior\ReadHtmlCacheBehavior [ RunTime:0.000456s ]
INFO: [ app_begin ] --END-- [ RunTime:0.000559s ]
SQL: SHOW COLUMNS FROM `news_type` [ RunTime:0.0575s ]
SQL: SELECT * FROM `news_type`  [ RunTime:0.0008s ]

[ 2016-12-16T11:04:45+08:00 ] 127.0.0.1 /index.php/home/uci/getNewsDetails?id=52
INFO: [ app_init ] --START--
INFO: Run Behavior\BuildLiteBehavior [ RunTime:0.000019s ]
INFO: [ app_init ] --END-- [ RunTime:0.000321s ]
INFO: [ app_begin ] --START--
INFO: Run Behavior\ReadHtmlCacheBehavior [ RunTime:0.000419s ]
INFO: [ app_begin ] --END-- [ RunTime:0.000523s ]
SQL: SHOW COLUMNS FROM `news` [ RunTime:0.0030s ]
ERR: 1054:Unknown column 'news.name' in 'field list'
 [ SQL语句 ] : SELECT news.id,`title`,news.type_id,news_type.name as type_name,`author_id`,news.name as author_name,`time` FROM `news` INNER JOIN news_type ON news.type_id=news_type.id  WHERE ( id=52 AND isDelete=0 ) LIMIT 1  
ERR: 1054:Unknown column 'news.name' in 'field list'
 [ SQL语句 ] : SELECT news.id,`title`,news.type_id,news_type.name as type_name,`author_id`,news.name as author_name,`time` FROM `news` INNER JOIN news_type ON news.type_id=news_type.id  WHERE ( id=52 AND isDelete=0 ) LIMIT 1  

[ 2016-12-16T11:05:10+08:00 ] 127.0.0.1 /index.php/home/uci/getNewsTypeList
INFO: [ app_init ] --START--
INFO: Run Behavior\BuildLiteBehavior [ RunTime:0.000021s ]
INFO: [ app_init ] --END-- [ RunTime:0.000342s ]
INFO: [ app_begin ] --START--
INFO: Run Behavior\ReadHtmlCacheBehavior [ RunTime:0.000863s ]
INFO: [ app_begin ] --END-- [ RunTime:0.001048s ]
SQL: SHOW COLUMNS FROM `news_type` [ RunTime:0.0016s ]
SQL: SELECT * FROM `news_type`  [ RunTime:0.0086s ]

[ 2016-12-16T11:05:10+08:00 ] 127.0.0.1 /index.php/home/uci/getNewsDetails?id=52
INFO: [ app_init ] --START--
INFO: Run Behavior\BuildLiteBehavior [ RunTime:0.000038s ]
INFO: [ app_init ] --END-- [ RunTime:0.000600s ]
INFO: [ app_begin ] --START--
INFO: Run Behavior\ReadHtmlCacheBehavior [ RunTime:0.000452s ]
INFO: [ app_begin ] --END-- [ RunTime:0.000600s ]
SQL: SHOW COLUMNS FROM `news` [ RunTime:0.0040s ]
ERR: 1052:Column 'id' in where clause is ambiguous
 [ SQL语句 ] : SELECT news.id,`title`,news.type_id,news_type.name as type_name,`author_id`,`time` FROM `news` INNER JOIN news_type ON news.type_id=news_type.id  WHERE ( id=52 AND isDelete=0 ) LIMIT 1  
ERR: 1052:Column 'id' in where clause is ambiguous
 [ SQL语句 ] : SELECT news.id,`title`,news.type_id,news_type.name as type_name,`author_id`,`time` FROM `news` INNER JOIN news_type ON news.type_id=news_type.id  WHERE ( id=52 AND isDelete=0 ) LIMIT 1  

[ 2016-12-16T11:05:44+08:00 ] 127.0.0.1 /index.php/home/uci/getNewsDetails?id=52
INFO: [ app_init ] --START--
INFO: Run Behavior\BuildLiteBehavior [ RunTime:0.000023s ]
INFO: [ app_init ] --END-- [ RunTime:0.000335s ]
INFO: [ app_begin ] --START--
INFO: Run Behavior\ReadHtmlCacheBehavior [ RunTime:0.000368s ]
INFO: [ app_begin ] --END-- [ RunTime:0.000469s ]
SQL: SHOW COLUMNS FROM `news` [ RunTime:0.0062s ]
SQL: SELECT news.id,`title`,news.type_id,news_type.name as type_name,`author_id`,`time` FROM `news` INNER JOIN news_type ON news.type_id=news_type.id  WHERE ( news.id=52 AND isDelete=0 ) LIMIT 1   [ RunTime:0.0024s ]
NOTIC: [8] Undefined variable: dir D:\wamp\www\Application\Home\Controller\UciController.class.php 第 223 行.
NOTIC: [8] Undefined index: content D:\wamp\www\Application\Home\Controller\UciController.class.php 第 223 行.
NOTIC: [2] file_get_contents(D:/wamp/www/) [<a href='function.file-get-contents'>function.file-get-contents</a>]: failed to open stream: No such file or directory D:\wamp\www\Application\Home\Controller\UciController.class.php 第 224 行.

[ 2016-12-16T11:05:44+08:00 ] 127.0.0.1 /index.php/home/uci/getNewsTypeList
INFO: [ app_init ] --START--
INFO: Run Behavior\BuildLiteBehavior [ RunTime:0.000019s ]
INFO: [ app_init ] --END-- [ RunTime:0.000335s ]
INFO: [ app_begin ] --START--
INFO: Run Behavior\ReadHtmlCacheBehavior [ RunTime:0.000473s ]
INFO: [ app_begin ] --END-- [ RunTime:0.000579s ]
SQL: SHOW COLUMNS FROM `news_type` [ RunTime:0.0020s ]
SQL: SELECT * FROM `news_type`  [ RunTime:0.0004s ]

[ 2016-12-16T11:07:51+08:00 ] 127.0.0.1 /index.php/home/uci/getNewsDetails?id=52
INFO: [ app_init ] --START--
INFO: Run Behavior\BuildLiteBehavior [ RunTime:0.000019s ]
INFO: [ app_init ] --END-- [ RunTime:0.000332s ]
INFO: [ app_begin ] --START--
INFO: Run Behavior\ReadHtmlCacheBehavior [ RunTime:0.000426s ]
INFO: [ app_begin ] --END-- [ RunTime:0.000526s ]
SQL: SHOW COLUMNS FROM `news` [ RunTime:0.0135s ]
SQL: SELECT news.id,`title`,news.type_id,news_type.name as type_name,`author_id`,`time` FROM `news` INNER JOIN news_type ON news.type_id=news_type.id  WHERE ( news.id=52 AND isDelete=0 ) LIMIT 1   [ RunTime:0.0003s ]
NOTIC: [8] Undefined variable: dir D:\wamp\www\Application\Home\Controller\UciController.class.php 第 223 行.
NOTIC: [8] Undefined index: content D:\wamp\www\Application\Home\Controller\UciController.class.php 第 223 行.
NOTIC: [2] file_get_contents(D:/wamp/www/) [<a href='function.file-get-contents'>function.file-get-contents</a>]: failed to open stream: No such file or directory D:\wamp\www\Application\Home\Controller\UciController.class.php 第 224 行.

[ 2016-12-16T11:07:51+08:00 ] 127.0.0.1 /index.php/home/uci/getNewsTypeList
INFO: [ app_init ] --START--
INFO: Run Behavior\BuildLiteBehavior [ RunTime:0.000020s ]
INFO: [ app_init ] --END-- [ RunTime:0.000346s ]
INFO: [ app_begin ] --START--
INFO: Run Behavior\ReadHtmlCacheBehavior [ RunTime:0.000464s ]
INFO: [ app_begin ] --END-- [ RunTime:0.000563s ]
SQL: SHOW COLUMNS FROM `news_type` [ RunTime:0.0027s ]
SQL: SELECT * FROM `news_type`  [ RunTime:0.0004s ]

[ 2016-12-16T11:08:00+08:00 ] 127.0.0.1 /index.php/home/uci/getNewsTypeList
INFO: [ app_init ] --START--
INFO: Run Behavior\BuildLiteBehavior [ RunTime:0.000021s ]
INFO: [ app_init ] --END-- [ RunTime:0.000333s ]
INFO: [ app_begin ] --START--
INFO: Run Behavior\ReadHtmlCacheBehavior [ RunTime:0.000444s ]
INFO: [ app_begin ] --END-- [ RunTime:0.000550s ]
SQL: SHOW COLUMNS FROM `news_type` [ RunTime:0.0027s ]
SQL: SELECT * FROM `news_type`  [ RunTime:0.0007s ]

[ 2016-12-16T11:08:00+08:00 ] 127.0.0.1 /index.php/home/uci/getNewsDetails?id=52
INFO: [ app_init ] --START--
INFO: Run Behavior\BuildLiteBehavior [ RunTime:0.000019s ]
INFO: [ app_init ] --END-- [ RunTime:0.000330s ]
INFO: [ app_begin ] --START--
INFO: Run Behavior\ReadHtmlCacheBehavior [ RunTime:0.000416s ]
INFO: [ app_begin ] --END-- [ RunTime:0.000514s ]
SQL: SHOW COLUMNS FROM `news` [ RunTime:0.0041s ]
SQL: SELECT news.id,`title`,news.type_id,news_type.name as type_name,`author_id`,`time` FROM `news` INNER JOIN news_type ON news.type_id=news_type.id  WHERE ( news.id=52 AND isDelete=0 ) LIMIT 1   [ RunTime:0.0010s ]
NOTIC: [8] Undefined variable: dir D:\wamp\www\Application\Home\Controller\UciController.class.php 第 223 行.
NOTIC: [8] Undefined index: content D:\wamp\www\Application\Home\Controller\UciController.class.php 第 223 行.
NOTIC: [2] file_get_contents(D:/wamp/www/) [<a href='function.file-get-contents'>function.file-get-contents</a>]: failed to open stream: No such file or directory D:\wamp\www\Application\Home\Controller\UciController.class.php 第 224 行.

[ 2016-12-16T11:08:27+08:00 ] 127.0.0.1 /index.php/home/uci/getNewsTypeList
INFO: [ app_init ] --START--
INFO: Run Behavior\BuildLiteBehavior [ RunTime:0.000038s ]
INFO: [ app_init ] --END-- [ RunTime:0.000489s ]
INFO: [ app_begin ] --START--
INFO: Run Behavior\ReadHtmlCacheBehavior [ RunTime:0.000723s ]
INFO: [ app_begin ] --END-- [ RunTime:0.000892s ]
SQL: SHOW COLUMNS FROM `news_type` [ RunTime:0.0032s ]
SQL: SELECT * FROM `news_type`  [ RunTime:0.0011s ]

[ 2016-12-16T11:08:27+08:00 ] 127.0.0.1 /index.php/home/uci/getNewsDetails?id=52
INFO: [ app_init ] --START--
INFO: Run Behavior\BuildLiteBehavior [ RunTime:0.000033s ]
INFO: [ app_init ] --END-- [ RunTime:0.000673s ]
INFO: [ app_begin ] --START--
INFO: Run Behavior\ReadHtmlCacheBehavior [ RunTime:0.000498s ]
INFO: [ app_begin ] --END-- [ RunTime:0.000824s ]
SQL: SHOW COLUMNS FROM `news` [ RunTime:0.0016s ]
SQL: SELECT news.id,`title`,news.type_id,news_type.name as type_name,`author_id`,`time` FROM `news` INNER JOIN news_type ON news.type_id=news_type.id  WHERE ( news.id=52 AND isDelete=0 ) LIMIT 1   [ RunTime:0.0003s ]
NOTIC: [8] Undefined variable: dir D:\wamp\www\Application\Home\Controller\UciController.class.php 第 223 行.
NOTIC: [8] Undefined index: content D:\wamp\www\Application\Home\Controller\UciController.class.php 第 223 行.
NOTIC: [2] file_get_contents(D:/wamp/www/) [<a href='function.file-get-contents'>function.file-get-contents</a>]: failed to open stream: No such file or directory D:\wamp\www\Application\Home\Controller\UciController.class.php 第 224 行.

[ 2016-12-16T11:08:53+08:00 ] 127.0.0.1 /index.php/home/uci/getNewsTypeList
INFO: [ app_init ] --START--
INFO: Run Behavior\BuildLiteBehavior [ RunTime:0.000020s ]
INFO: [ app_init ] --END-- [ RunTime:0.000310s ]
INFO: [ app_begin ] --START--
INFO: Run Behavior\ReadHtmlCacheBehavior [ RunTime:0.000393s ]
INFO: [ app_begin ] --END-- [ RunTime:0.000493s ]
SQL: SHOW COLUMNS FROM `news_type` [ RunTime:0.0029s ]
SQL: SELECT * FROM `news_type`  [ RunTime:0.0009s ]

[ 2016-12-16T11:08:53+08:00 ] 127.0.0.1 /index.php/home/uci/getNewsDetails?id=52
INFO: [ app_init ] --START--
INFO: Run Behavior\BuildLiteBehavior [ RunTime:0.000022s ]
INFO: [ app_init ] --END-- [ RunTime:0.000362s ]
INFO: [ app_begin ] --START--
INFO: Run Behavior\ReadHtmlCacheBehavior [ RunTime:0.001903s ]
INFO: [ app_begin ] --END-- [ RunTime:0.002522s ]
SQL: SHOW COLUMNS FROM `news` [ RunTime:0.0015s ]
SQL: SELECT news.id,`title`,news.type_id,news_type.name as type_name,`author_id`,`time` FROM `news` INNER JOIN news_type ON news.type_id=news_type.id  WHERE ( news.id=52 AND isDelete=0 ) LIMIT 1   [ RunTime:0.0048s ]
NOTIC: [8] Undefined variable: dir D:\wamp\www\Application\Home\Controller\UciController.class.php 第 223 行.
NOTIC: [8] Undefined index: content D:\wamp\www\Application\Home\Controller\UciController.class.php 第 223 行.
NOTIC: [2] file_get_contents(D:/wamp/www/) [<a href='function.file-get-contents'>function.file-get-contents</a>]: failed to open stream: No such file or directory D:\wamp\www\Application\Home\Controller\UciController.class.php 第 224 行.

[ 2016-12-16T11:09:23+08:00 ] 127.0.0.1 /index.php/home/uci/getNewsDetails?id=52
INFO: [ app_init ] --START--
INFO: Run Behavior\BuildLiteBehavior [ RunTime:0.000019s ]
INFO: [ app_init ] --END-- [ RunTime:0.000321s ]
INFO: [ app_begin ] --START--
INFO: Run Behavior\ReadHtmlCacheBehavior [ RunTime:0.000353s ]
INFO: [ app_begin ] --END-- [ RunTime:0.000447s ]
SQL: SHOW COLUMNS FROM `news` [ RunTime:0.0046s ]
SQL: SELECT news.id,`title`,news.type_id,news_type.name as type_name,`author_id`,`time` FROM `news` INNER JOIN news_type ON news.type_id=news_type.id  WHERE ( news.id=52 AND isDelete=0 ) LIMIT 1   [ RunTime:0.0036s ]
NOTIC: [8] Undefined variable: dir D:\wamp\www\Application\Home\Controller\UciController.class.php 第 223 行.
NOTIC: [8] Undefined index: content D:\wamp\www\Application\Home\Controller\UciController.class.php 第 223 行.
NOTIC: [2] file_get_contents(D:/wamp/www/) [<a href='function.file-get-contents'>function.file-get-contents</a>]: failed to open stream: No such file or directory D:\wamp\www\Application\Home\Controller\UciController.class.php 第 224 行.

[ 2016-12-16T11:09:23+08:00 ] 127.0.0.1 /index.php/home/uci/getNewsTypeList
INFO: [ app_init ] --START--
INFO: Run Behavior\BuildLiteBehavior [ RunTime:0.000017s ]
INFO: [ app_init ] --END-- [ RunTime:0.000297s ]
INFO: [ app_begin ] --START--
INFO: Run Behavior\ReadHtmlCacheBehavior [ RunTime:0.000381s ]
INFO: [ app_begin ] --END-- [ RunTime:0.000492s ]
SQL: SHOW COLUMNS FROM `news_type` [ RunTime:0.0020s ]
SQL: SELECT * FROM `news_type`  [ RunTime:0.0003s ]

[ 2016-12-16T11:09:53+08:00 ] 127.0.0.1 /index.php/home/uci/getNewsTypeList
INFO: [ app_init ] --START--
INFO: Run Behavior\BuildLiteBehavior [ RunTime:0.000023s ]
INFO: [ app_init ] --END-- [ RunTime:0.000316s ]
INFO: [ app_begin ] --START--
INFO: Run Behavior\ReadHtmlCacheBehavior [ RunTime:0.000435s ]
INFO: [ app_begin ] --END-- [ RunTime:0.000535s ]
SQL: SHOW COLUMNS FROM `news_type` [ RunTime:0.0056s ]
SQL: SELECT * FROM `news_type`  [ RunTime:0.0002s ]

[ 2016-12-16T11:09:53+08:00 ] 127.0.0.1 /index.php/home/uci/getNewsDetails?id=52
INFO: [ app_init ] --START--
INFO: Run Behavior\BuildLiteBehavior [ RunTime:0.000020s ]
INFO: [ app_init ] --END-- [ RunTime:0.000330s ]
INFO: [ app_begin ] --START--
INFO: Run Behavior\ReadHtmlCacheBehavior [ RunTime:0.000619s ]
INFO: [ app_begin ] --END-- [ RunTime:0.000723s ]
SQL: SHOW COLUMNS FROM `news` [ RunTime:0.0026s ]
SQL: SELECT news.id,`title`,news.type_id,news_type.name as type_name,`author_id`,`time` FROM `news` INNER JOIN news_type ON news.type_id=news_type.id  WHERE ( news.id=52 AND isDelete=0 ) LIMIT 1   [ RunTime:0.0005s ]
NOTIC: [8] Undefined variable: dir D:\wamp\www\Application\Home\Controller\UciController.class.php 第 223 行.
NOTIC: [8] Undefined index: content D:\wamp\www\Application\Home\Controller\UciController.class.php 第 223 行.
NOTIC: [2] file_get_contents(D:/wamp/www/) [<a href='function.file-get-contents'>function.file-get-contents</a>]: failed to open stream: No such file or directory D:\wamp\www\Application\Home\Controller\UciController.class.php 第 224 行.

[ 2016-12-16T11:10:00+08:00 ] 127.0.0.1 /index.php/home/uci/getNewsDetails?id=52
INFO: [ app_init ] --START--
INFO: Run Behavior\BuildLiteBehavior [ RunTime:0.000025s ]
INFO: [ app_init ] --END-- [ RunTime:0.000393s ]
INFO: [ app_begin ] --START--
INFO: Run Behavior\ReadHtmlCacheBehavior [ RunTime:0.000376s ]
INFO: [ app_begin ] --END-- [ RunTime:0.000480s ]
SQL: SHOW COLUMNS FROM `news` [ RunTime:0.0032s ]
SQL: SELECT news.id,`title`,news.type_id,news_type.name as type_name,`author_id`,`time` FROM `news` INNER JOIN news_type ON news.type_id=news_type.id  WHERE ( news.id=52 AND isDelete=0 ) LIMIT 1   [ RunTime:0.0004s ]
NOTIC: [8] Undefined variable: dir D:\wamp\www\Application\Home\Controller\UciController.class.php 第 223 行.
NOTIC: [8] Undefined index: content D:\wamp\www\Application\Home\Controller\UciController.class.php 第 223 行.
NOTIC: [2] file_get_contents(D:/wamp/www/) [<a href='function.file-get-contents'>function.file-get-contents</a>]: failed to open stream: No such file or directory D:\wamp\www\Application\Home\Controller\UciController.class.php 第 224 行.

[ 2016-12-16T11:10:00+08:00 ] 127.0.0.1 /index.php/home/uci/getNewsTypeList
INFO: [ app_init ] --START--
INFO: Run Behavior\BuildLiteBehavior [ RunTime:0.000020s ]
INFO: [ app_init ] --END-- [ RunTime:0.000320s ]
INFO: [ app_begin ] --START--
INFO: Run Behavior\ReadHtmlCacheBehavior [ RunTime:0.000377s ]
INFO: [ app_begin ] --END-- [ RunTime:0.000476s ]
SQL: SHOW COLUMNS FROM `news_type` [ RunTime:0.0020s ]
SQL: SELECT * FROM `news_type`  [ RunTime:0.0004s ]

[ 2016-12-16T11:11:13+08:00 ] 127.0.0.1 /index.php/home/uci/getNewsDetails?id=52
INFO: [ app_init ] --START--
INFO: Run Behavior\BuildLiteBehavior [ RunTime:0.000022s ]
INFO: [ app_init ] --END-- [ RunTime:0.000352s ]
INFO: [ app_begin ] --START--
INFO: Run Behavior\ReadHtmlCacheBehavior [ RunTime:0.000439s ]
INFO: [ app_begin ] --END-- [ RunTime:0.000545s ]
SQL: SHOW COLUMNS FROM `news` [ RunTime:0.0016s ]
SQL: SELECT news.id,`title`,news.type_id,news_type.name as type_name,`author_id`,`time` FROM `news` INNER JOIN news_type ON news.type_id=news_type.id  WHERE ( news.id=52 AND isDelete=0 ) LIMIT 1   [ RunTime:0.0014s ]
NOTIC: [8] Undefined variable: dir D:\wamp\www\Application\Home\Controller\UciController.class.php 第 223 行.
NOTIC: [8] Undefined index: content D:\wamp\www\Application\Home\Controller\UciController.class.php 第 223 行.
NOTIC: [2] file_get_contents(D:/wamp/www/) [<a href='function.file-get-contents'>function.file-get-contents</a>]: failed to open stream: No such file or directory D:\wamp\www\Application\Home\Controller\UciController.class.php 第 224 行.

[ 2016-12-16T11:11:13+08:00 ] 127.0.0.1 /index.php/home/uci/getNewsTypeList
INFO: [ app_init ] --START--
INFO: Run Behavior\BuildLiteBehavior [ RunTime:0.000024s ]
INFO: [ app_init ] --END-- [ RunTime:0.000345s ]
INFO: [ app_begin ] --START--
INFO: Run Behavior\ReadHtmlCacheBehavior [ RunTime:0.000426s ]
INFO: [ app_begin ] --END-- [ RunTime:0.000533s ]
SQL: SHOW COLUMNS FROM `news_type` [ RunTime:0.0021s ]
SQL: SELECT * FROM `news_type`  [ RunTime:0.0012s ]

[ 2016-12-16T11:11:21+08:00 ] 127.0.0.1 /index.php/home/uci/getNewsTypeList
INFO: [ app_init ] --START--
INFO: Run Behavior\BuildLiteBehavior [ RunTime:0.000020s ]
INFO: [ app_init ] --END-- [ RunTime:0.000301s ]
INFO: [ app_begin ] --START--
INFO: Run Behavior\ReadHtmlCacheBehavior [ RunTime:0.000359s ]
INFO: [ app_begin ] --END-- [ RunTime:0.000456s ]
SQL: SHOW COLUMNS FROM `news_type` [ RunTime:0.0015s ]
SQL: SELECT * FROM `news_type`  [ RunTime:0.0022s ]

[ 2016-12-16T11:11:21+08:00 ] 127.0.0.1 /index.php/home/uci/getNewsDetails?id=52
INFO: [ app_init ] --START--
INFO: Run Behavior\BuildLiteBehavior [ RunTime:0.000019s ]
INFO: [ app_init ] --END-- [ RunTime:0.000325s ]
INFO: [ app_begin ] --START--
INFO: Run Behavior\ReadHtmlCacheBehavior [ RunTime:0.000407s ]
INFO: [ app_begin ] --END-- [ RunTime:0.000500s ]
SQL: SHOW COLUMNS FROM `news` [ RunTime:0.0050s ]
SQL: SELECT news.id,`title`,news.type_id,news_type.name as type_name,`author_id`,`time` FROM `news` INNER JOIN news_type ON news.type_id=news_type.id  WHERE ( news.id=52 AND isDelete=0 ) LIMIT 1   [ RunTime:0.0015s ]
NOTIC: [8] Undefined variable: dir D:\wamp\www\Application\Home\Controller\UciController.class.php 第 223 行.
NOTIC: [8] Undefined index: content D:\wamp\www\Application\Home\Controller\UciController.class.php 第 223 行.
NOTIC: [2] file_get_contents(D:/wamp/www/) [<a href='function.file-get-contents'>function.file-get-contents</a>]: failed to open stream: No such file or directory D:\wamp\www\Application\Home\Controller\UciController.class.php 第 224 行.

[ 2016-12-16T11:12:17+08:00 ] 127.0.0.1 /index.php/home/uci/getNewsTypeList
INFO: [ app_init ] --START--
INFO: Run Behavior\BuildLiteBehavior [ RunTime:0.000019s ]
INFO: [ app_init ] --END-- [ RunTime:0.000305s ]
INFO: [ app_begin ] --START--
INFO: Run Behavior\ReadHtmlCacheBehavior [ RunTime:0.000353s ]
INFO: [ app_begin ] --END-- [ RunTime:0.000445s ]
SQL: SHOW COLUMNS FROM `news_type` [ RunTime:0.0034s ]
SQL: SELECT * FROM `news_type`  [ RunTime:0.0004s ]

[ 2016-12-16T11:12:17+08:00 ] 127.0.0.1 /index.php/home/uci/getNewsDetails?id=52
INFO: [ app_init ] --START--
INFO: Run Behavior\BuildLiteBehavior [ RunTime:0.000018s ]
INFO: [ app_init ] --END-- [ RunTime:0.000303s ]
INFO: [ app_begin ] --START--
INFO: Run Behavior\ReadHtmlCacheBehavior [ RunTime:0.000354s ]
INFO: [ app_begin ] --END-- [ RunTime:0.000451s ]
SQL: SHOW COLUMNS FROM `news` [ RunTime:0.0040s ]
SQL: SELECT news.id,`title`,news.type_id,news_type.name as type_name,`author_id`,`time` FROM `news` INNER JOIN news_type ON news.type_id=news_type.id  WHERE ( news.id=52 AND isDelete=0 ) LIMIT 1   [ RunTime:0.0013s ]
NOTIC: [8] Undefined variable: dir D:\wamp\www\Application\Home\Controller\UciController.class.php 第 223 行.
NOTIC: [8] Undefined index: content D:\wamp\www\Application\Home\Controller\UciController.class.php 第 223 行.
NOTIC: [2] file_get_contents(D:/wamp/www/) [<a href='function.file-get-contents'>function.file-get-contents</a>]: failed to open stream: No such file or directory D:\wamp\www\Application\Home\Controller\UciController.class.php 第 224 行.

[ 2016-12-16T11:13:04+08:00 ] 127.0.0.1 /index.php/home/uci/getNewsTypeList
INFO: [ app_init ] --START--
INFO: Run Behavior\BuildLiteBehavior [ RunTime:0.000019s ]
INFO: [ app_init ] --END-- [ RunTime:0.000322s ]
INFO: [ app_begin ] --START--
INFO: Run Behavior\ReadHtmlCacheBehavior [ RunTime:0.000360s ]
INFO: [ app_begin ] --END-- [ RunTime:0.000458s ]
SQL: SHOW COLUMNS FROM `news_type` [ RunTime:0.0019s ]
SQL: SELECT * FROM `news_type`  [ RunTime:0.0012s ]

[ 2016-12-16T11:13:04+08:00 ] 127.0.0.1 /index.php/home/uci/getNewsDetails?id=52
INFO: [ app_init ] --START--
INFO: Run Behavior\BuildLiteBehavior [ RunTime:0.000020s ]
INFO: [ app_init ] --END-- [ RunTime:0.000331s ]
INFO: [ app_begin ] --START--
INFO: Run Behavior\ReadHtmlCacheBehavior [ RunTime:0.000429s ]
INFO: [ app_begin ] --END-- [ RunTime:0.000529s ]
SQL: SHOW COLUMNS FROM `news` [ RunTime:0.0023s ]
SQL: SELECT news.id,`title`,news.type_id,news_type.name as type_name,`author_id`,`time` FROM `news` INNER JOIN news_type ON news.type_id=news_type.id  WHERE ( news.id=52 AND isDelete=0 ) LIMIT 1   [ RunTime:0.0008s ]
NOTIC: [8] Undefined variable: dir D:\wamp\www\Application\Home\Controller\UciController.class.php 第 223 行.
NOTIC: [8] Undefined index: content D:\wamp\www\Application\Home\Controller\UciController.class.php 第 223 行.
NOTIC: [2] file_get_contents(D:/wamp/www/) [<a href='function.file-get-contents'>function.file-get-contents</a>]: failed to open stream: No such file or directory D:\wamp\www\Application\Home\Controller\UciController.class.php 第 224 行.

[ 2016-12-16T11:13:11+08:00 ] 127.0.0.1 /index.php/home/uci/getNewsList
INFO: [ app_init ] --START--
INFO: Run Behavior\BuildLiteBehavior [ RunTime:0.000065s ]
INFO: [ app_init ] --END-- [ RunTime:0.000675s ]
INFO: [ app_begin ] --START--
INFO: Run Behavior\ReadHtmlCacheBehavior [ RunTime:0.000575s ]
INFO: [ app_begin ] --END-- [ RunTime:0.000700s ]
SQL: SHOW COLUMNS FROM `news` [ RunTime:0.0020s ]
SQL: SELECT news.id,`title`,news.type_id,`author_id`,name as author_name,`time` FROM `news` INNER JOIN user ON news.author_id=user.id  WHERE ( news.isDelete=0 )  [ RunTime:0.0003s ]

[ 2016-12-16T11:13:16+08:00 ] 127.0.0.1 /index.php/home/uci/getNewsDetails?id=52
INFO: [ app_init ] --START--
INFO: Run Behavior\BuildLiteBehavior [ RunTime:0.000022s ]
INFO: [ app_init ] --END-- [ RunTime:0.000362s ]
INFO: [ app_begin ] --START--
INFO: Run Behavior\ReadHtmlCacheBehavior [ RunTime:0.000437s ]
INFO: [ app_begin ] --END-- [ RunTime:0.000543s ]
SQL: SHOW COLUMNS FROM `news` [ RunTime:0.0015s ]
SQL: SELECT news.id,`title`,news.type_id,news_type.name as type_name,`author_id`,`time` FROM `news` INNER JOIN news_type ON news.type_id=news_type.id  WHERE ( news.id=52 AND isDelete=0 ) LIMIT 1   [ RunTime:0.0005s ]
NOTIC: [8] Undefined variable: dir D:\wamp\www\Application\Home\Controller\UciController.class.php 第 223 行.
NOTIC: [8] Undefined index: content D:\wamp\www\Application\Home\Controller\UciController.class.php 第 223 行.
NOTIC: [2] file_get_contents(D:/wamp/www/) [<a href='function.file-get-contents'>function.file-get-contents</a>]: failed to open stream: No such file or directory D:\wamp\www\Application\Home\Controller\UciController.class.php 第 224 行.

[ 2016-12-16T11:13:16+08:00 ] 127.0.0.1 /index.php/home/uci/getNewsTypeList
INFO: [ app_init ] --START--
INFO: Run Behavior\BuildLiteBehavior [ RunTime:0.000021s ]
INFO: [ app_init ] --END-- [ RunTime:0.000342s ]
INFO: [ app_begin ] --START--
INFO: Run Behavior\ReadHtmlCacheBehavior [ RunTime:0.000427s ]
INFO: [ app_begin ] --END-- [ RunTime:0.000527s ]
SQL: SHOW COLUMNS FROM `news_type` [ RunTime:0.0033s ]
SQL: SELECT * FROM `news_type`  [ RunTime:0.0030s ]

[ 2016-12-16T11:13:29+08:00 ] 127.0.0.1 /index.php/home/uci/getNewsTypeList
INFO: [ app_init ] --START--
INFO: Run Behavior\BuildLiteBehavior [ RunTime:0.000095s ]
INFO: [ app_init ] --END-- [ RunTime:0.000843s ]
INFO: [ app_begin ] --START--
INFO: Run Behavior\ReadHtmlCacheBehavior [ RunTime:0.000433s ]
INFO: [ app_begin ] --END-- [ RunTime:0.000540s ]
SQL: SHOW COLUMNS FROM `news_type` [ RunTime:0.0033s ]
SQL: SELECT * FROM `news_type`  [ RunTime:0.0008s ]

[ 2016-12-16T11:13:29+08:00 ] 127.0.0.1 /index.php/home/uci/getNewsDetails?id=52
INFO: [ app_init ] --START--
INFO: Run Behavior\BuildLiteBehavior [ RunTime:0.000022s ]
INFO: [ app_init ] --END-- [ RunTime:0.000344s ]
INFO: [ app_begin ] --START--
INFO: Run Behavior\ReadHtmlCacheBehavior [ RunTime:0.003134s ]
INFO: [ app_begin ] --END-- [ RunTime:0.003261s ]
SQL: SHOW COLUMNS FROM `news` [ RunTime:0.0039s ]
SQL: SELECT news.id,`title`,news.type_id,news_type.name as type_name,`author_id`,`time` FROM `news` INNER JOIN news_type ON news.type_id=news_type.id  WHERE ( news.id=52 AND isDelete=0 ) LIMIT 1   [ RunTime:0.0011s ]
NOTIC: [8] Undefined variable: dir D:\wamp\www\Application\Home\Controller\UciController.class.php 第 223 行.
NOTIC: [8] Undefined index: content D:\wamp\www\Application\Home\Controller\UciController.class.php 第 223 行.
NOTIC: [2] file_get_contents(D:/wamp/www/) [<a href='function.file-get-contents'>function.file-get-contents</a>]: failed to open stream: No such file or directory D:\wamp\www\Application\Home\Controller\UciController.class.php 第 224 行.

[ 2016-12-16T11:14:18+08:00 ] 127.0.0.1 /index.php/home/uci/getNewsDetails?id=52
INFO: [ app_init ] --START--
INFO: Run Behavior\BuildLiteBehavior [ RunTime:0.000032s ]
INFO: [ app_init ] --END-- [ RunTime:0.000375s ]
INFO: [ app_begin ] --START--
INFO: Run Behavior\ReadHtmlCacheBehavior [ RunTime:0.000388s ]
INFO: [ app_begin ] --END-- [ RunTime:0.000598s ]
SQL: SHOW COLUMNS FROM `news` [ RunTime:0.0019s ]
SQL: SELECT news.id,`title`,news.type_id,news_type.name as type_name,`author_id`,`time` FROM `news` INNER JOIN news_type ON news.type_id=news_type.id  WHERE ( news.id=52 AND isDelete=0 ) LIMIT 1   [ RunTime:0.0005s ]
NOTIC: [8] Undefined variable: dir D:\wamp\www\Application\Home\Controller\UciController.class.php 第 223 行.
NOTIC: [8] Undefined index: content D:\wamp\www\Application\Home\Controller\UciController.class.php 第 223 行.
NOTIC: [2] file_get_contents(D:/wamp/www/) [<a href='function.file-get-contents'>function.file-get-contents</a>]: failed to open stream: No such file or directory D:\wamp\www\Application\Home\Controller\UciController.class.php 第 224 行.

[ 2016-12-16T11:14:18+08:00 ] 127.0.0.1 /index.php/home/uci/getNewsTypeList
INFO: [ app_init ] --START--
INFO: Run Behavior\BuildLiteBehavior [ RunTime:0.000021s ]
INFO: [ app_init ] --END-- [ RunTime:0.000334s ]
INFO: [ app_begin ] --START--
INFO: Run Behavior\ReadHtmlCacheBehavior [ RunTime:0.000435s ]
INFO: [ app_begin ] --END-- [ RunTime:0.000552s ]
SQL: SHOW COLUMNS FROM `news_type` [ RunTime:0.0020s ]
SQL: SELECT * FROM `news_type`  [ RunTime:0.0008s ]

[ 2016-12-16T11:15:09+08:00 ] 127.0.0.1 /index.php/home/uci/getNewsTypeList
INFO: [ app_init ] --START--
INFO: Run Behavior\BuildLiteBehavior [ RunTime:0.000026s ]
INFO: [ app_init ] --END-- [ RunTime:0.000359s ]
INFO: [ app_begin ] --START--
INFO: Run Behavior\ReadHtmlCacheBehavior [ RunTime:0.000458s ]
INFO: [ app_begin ] --END-- [ RunTime:0.000584s ]
SQL: SHOW COLUMNS FROM `news_type` [ RunTime:0.0015s ]
SQL: SELECT * FROM `news_type`  [ RunTime:0.0005s ]

[ 2016-12-16T11:15:09+08:00 ] 127.0.0.1 /index.php/home/uci/getNewsDetails?id=52
INFO: [ app_init ] --START--
INFO: Run Behavior\BuildLiteBehavior [ RunTime:0.000019s ]
INFO: [ app_init ] --END-- [ RunTime:0.000319s ]
INFO: [ app_begin ] --START--
INFO: Run Behavior\ReadHtmlCacheBehavior [ RunTime:0.000706s ]
INFO: [ app_begin ] --END-- [ RunTime:0.000977s ]
SQL: SHOW COLUMNS FROM `news` [ RunTime:0.0074s ]
SQL: SELECT news.id,`title`,news.type_id,news_type.name as type_name,`author_id`,`time` FROM `news` INNER JOIN news_type ON news.type_id=news_type.id  WHERE ( news.id=52 AND isDelete=0 ) LIMIT 1   [ RunTime:0.0036s ]
NOTIC: [8] Undefined variable: dir D:\wamp\www\Application\Home\Controller\UciController.class.php 第 223 行.
NOTIC: [8] Undefined index: content D:\wamp\www\Application\Home\Controller\UciController.class.php 第 223 行.
NOTIC: [2] file_get_contents(D:/wamp/www/) [<a href='function.file-get-contents'>function.file-get-contents</a>]: failed to open stream: No such file or directory D:\wamp\www\Application\Home\Controller\UciController.class.php 第 224 行.

[ 2016-12-16T11:15:40+08:00 ] 127.0.0.1 /index.php/home/uci/getNewsTypeList
INFO: [ app_init ] --START--
INFO: Run Behavior\BuildLiteBehavior [ RunTime:0.000028s ]
INFO: [ app_init ] --END-- [ RunTime:0.000420s ]
INFO: [ app_begin ] --START--
INFO: Run Behavior\ReadHtmlCacheBehavior [ RunTime:0.000472s ]
INFO: [ app_begin ] --END-- [ RunTime:0.000597s ]
SQL: SHOW COLUMNS FROM `news_type` [ RunTime:0.0023s ]
SQL: SELECT * FROM `news_type`  [ RunTime:0.0009s ]

[ 2016-12-16T11:15:40+08:00 ] 127.0.0.1 /index.php/home/uci/getNewsDetails?id=52
INFO: [ app_init ] --START--
INFO: Run Behavior\BuildLiteBehavior [ RunTime:0.000024s ]
INFO: [ app_init ] --END-- [ RunTime:0.000372s ]
INFO: [ app_begin ] --START--
INFO: Run Behavior\ReadHtmlCacheBehavior [ RunTime:0.000557s ]
INFO: [ app_begin ] --END-- [ RunTime:0.000712s ]
SQL: SHOW COLUMNS FROM `news` [ RunTime:0.0025s ]
SQL: SELECT news.id,`title`,news.type_id,`content`,news_type.name as type_name,`author_id`,`time` FROM `news` INNER JOIN news_type ON news.type_id=news_type.id  WHERE ( news.id=52 AND isDelete=0 ) LIMIT 1   [ RunTime:0.0024s ]
NOTIC: [8] Undefined variable: dir D:\wamp\www\Application\Home\Controller\UciController.class.php 第 223 行.

[ 2016-12-16T16:05:39+08:00 ] 127.0.0.1 /index.php/home/uci/getNewsList
INFO: [ app_init ] --START--
INFO: Run Behavior\BuildLiteBehavior [ RunTime:0.000019s ]
INFO: [ app_init ] --END-- [ RunTime:0.022504s ]
INFO: [ app_begin ] --START--
INFO: Run Behavior\ReadHtmlCacheBehavior [ RunTime:0.004008s ]
INFO: [ app_begin ] --END-- [ RunTime:0.004107s ]
SQL: SHOW COLUMNS FROM `news` [ RunTime:0.0582s ]
SQL: SELECT news.id,`title`,news.type_id,`author_id`,name as author_name,`time` FROM `news` INNER JOIN user ON news.author_id=user.id  WHERE ( news.isDelete=0 )  [ RunTime:0.0058s ]

[ 2016-12-16T16:05:39+08:00 ] 127.0.0.1 /index.php/home/uci/getDeletedNewsList
INFO: [ app_init ] --START--
INFO: Run Behavior\BuildLiteBehavior [ RunTime:0.000017s ]
INFO: [ app_init ] --END-- [ RunTime:0.000296s ]
INFO: [ app_begin ] --START--
INFO: Run Behavior\ReadHtmlCacheBehavior [ RunTime:0.000440s ]
INFO: [ app_begin ] --END-- [ RunTime:0.000552s ]
SQL: SHOW COLUMNS FROM `news` [ RunTime:0.0017s ]
SQL: SELECT news.id,`title`,news.type_id,`author_id`,name as author_name,`time` FROM `news` INNER JOIN user ON news.author_id=user.id  WHERE ( news.isDelete=1 )  [ RunTime:0.0003s ]

[ 2016-12-16T16:05:43+08:00 ] 127.0.0.1 /index.php/home/uci/getDeletedNewsList
INFO: [ app_init ] --START--
INFO: Run Behavior\BuildLiteBehavior [ RunTime:0.000027s ]
INFO: [ app_init ] --END-- [ RunTime:0.000313s ]
INFO: [ app_begin ] --START--
INFO: Run Behavior\ReadHtmlCacheBehavior [ RunTime:0.000329s ]
INFO: [ app_begin ] --END-- [ RunTime:0.000418s ]
SQL: SHOW COLUMNS FROM `news` [ RunTime:0.0015s ]
SQL: SELECT news.id,`title`,news.type_id,`author_id`,name as author_name,`time` FROM `news` INNER JOIN user ON news.author_id=user.id  WHERE ( news.isDelete=1 )  [ RunTime:0.0003s ]

[ 2016-12-16T16:05:44+08:00 ] 127.0.0.1 /index.php/home/uci/getNewsList
INFO: [ app_init ] --START--
INFO: Run Behavior\BuildLiteBehavior [ RunTime:0.000016s ]
INFO: [ app_init ] --END-- [ RunTime:0.000314s ]
INFO: [ app_begin ] --START--
INFO: Run Behavior\ReadHtmlCacheBehavior [ RunTime:0.000315s ]
INFO: [ app_begin ] --END-- [ RunTime:0.000407s ]
SQL: SHOW COLUMNS FROM `news` [ RunTime:0.0015s ]
SQL: SELECT news.id,`title`,news.type_id,`author_id`,name as author_name,`time` FROM `news` INNER JOIN user ON news.author_id=user.id  WHERE ( news.isDelete=0 )  [ RunTime:0.0003s ]

[ 2016-12-16T16:05:46+08:00 ] 127.0.0.1 /index.php/home/uci/getNewsList
INFO: [ app_init ] --START--
INFO: Run Behavior\BuildLiteBehavior [ RunTime:0.000017s ]
INFO: [ app_init ] --END-- [ RunTime:0.000282s ]
INFO: [ app_begin ] --START--
INFO: Run Behavior\ReadHtmlCacheBehavior [ RunTime:0.000354s ]
INFO: [ app_begin ] --END-- [ RunTime:0.000440s ]
SQL: SHOW COLUMNS FROM `news` [ RunTime:0.0015s ]
SQL: SELECT news.id,`title`,news.type_id,`author_id`,name as author_name,`time` FROM `news` INNER JOIN user ON news.author_id=user.id  WHERE ( news.isDelete=0 )  [ RunTime:0.0003s ]

[ 2016-12-16T16:05:47+08:00 ] 127.0.0.1 /index.php/home/uci/getDeletedNewsList
INFO: [ app_init ] --START--
INFO: Run Behavior\BuildLiteBehavior [ RunTime:0.000016s ]
INFO: [ app_init ] --END-- [ RunTime:0.000301s ]
INFO: [ app_begin ] --START--
INFO: Run Behavior\ReadHtmlCacheBehavior [ RunTime:0.000347s ]
INFO: [ app_begin ] --END-- [ RunTime:0.000434s ]
SQL: SHOW COLUMNS FROM `news` [ RunTime:0.0014s ]
SQL: SELECT news.id,`title`,news.type_id,`author_id`,name as author_name,`time` FROM `news` INNER JOIN user ON news.author_id=user.id  WHERE ( news.isDelete=1 )  [ RunTime:0.0002s ]

[ 2016-12-16T16:05:47+08:00 ] 127.0.0.1 /index.php/home/uci/getNewsList
INFO: [ app_init ] --START--
INFO: Run Behavior\BuildLiteBehavior [ RunTime:0.000017s ]
INFO: [ app_init ] --END-- [ RunTime:0.000287s ]
INFO: [ app_begin ] --START--
INFO: Run Behavior\ReadHtmlCacheBehavior [ RunTime:0.000361s ]
INFO: [ app_begin ] --END-- [ RunTime:0.000450s ]
SQL: SHOW COLUMNS FROM `news` [ RunTime:0.0013s ]
SQL: SELECT news.id,`title`,news.type_id,`author_id`,name as author_name,`time` FROM `news` INNER JOIN user ON news.author_id=user.id  WHERE ( news.isDelete=0 )  [ RunTime:0.0003s ]

