[ 2016-12-13T15:10:46+08:00 ] 127.0.0.1 /index.php/home/uci/addNews
INFO: [ app_init ] --START--
INFO: Run Behavior\BuildLiteBehavior [ RunTime:0.000028s ]
INFO: [ app_init ] --END-- [ RunTime:0.008378s ]
INFO: [ app_begin ] --START--
INFO: Run Behavior\ReadHtmlCacheBehavior [ RunTime:0.009817s ]
INFO: [ app_begin ] --END-- [ RunTime:0.009906s ]
ERR: 非法操作:addNews

[ 2016-12-13T15:10:58+08:00 ] 127.0.0.1 /index.php/home/uci/addNews
INFO: [ app_init ] --START--
INFO: Run Behavior\BuildLiteBehavior [ RunTime:0.000017s ]
INFO: [ app_init ] --END-- [ RunTime:0.000277s ]
INFO: [ app_begin ] --START--
INFO: Run Behavior\ReadHtmlCacheBehavior [ RunTime:0.000330s ]
INFO: [ app_begin ] --END-- [ RunTime:0.000408s ]
ERR: 非法操作:addNews

[ 2016-12-13T15:13:23+08:00 ] 127.0.0.1 /index.php/home/uci/sendNews?title=%27123%27&content=%27123%27&typeid=1&author_id=1
INFO: [ app_init ] --START--
INFO: Run Behavior\BuildLiteBehavior [ RunTime:0.000017s ]
INFO: [ app_init ] --END-- [ RunTime:0.000294s ]
INFO: [ app_begin ] --START--
INFO: Run Behavior\ReadHtmlCacheBehavior [ RunTime:0.000410s ]
INFO: [ app_begin ] --END-- [ RunTime:0.000524s ]
SQL: SHOW COLUMNS FROM `news` [ RunTime:0.0016s ]
SQL: INSERT INTO `news` (`title`,`content`,`time`,`type_id`,`author_id`) VALUES ('\'123\'','\'123\'','1481613203','1','1') [ RunTime:0.1368s ]

[ 2016-12-13T15:14:42+08:00 ] 127.0.0.1 /index.php/home/uci/sendNews?title=%27123%27&content=%27123%27&typeid=1&author_id=1
INFO: [ app_init ] --START--
INFO: Run Behavior\BuildLiteBehavior [ RunTime:0.000017s ]
INFO: [ app_init ] --END-- [ RunTime:0.000325s ]
INFO: [ app_begin ] --START--
INFO: Run Behavior\ReadHtmlCacheBehavior [ RunTime:0.000317s ]
INFO: [ app_begin ] --END-- [ RunTime:0.000413s ]
SQL: SHOW COLUMNS FROM `news` [ RunTime:0.0015s ]
SQL: INSERT INTO `news` (`title`,`content`,`time`,`type_id`,`author_id`) VALUES ('\'123\'','\'123\'','1481613282','1','1') [ RunTime:0.0730s ]

[ 2016-12-13T15:23:08+08:00 ] 127.0.0.1 /index.php/home/uci/sendNews?title=123&content=123&typeid=1&author_id=1
INFO: [ app_init ] --START--
INFO: Run Behavior\BuildLiteBehavior [ RunTime:0.000020s ]
INFO: [ app_init ] --END-- [ RunTime:0.000324s ]
INFO: [ app_begin ] --START--
INFO: Run Behavior\ReadHtmlCacheBehavior [ RunTime:0.000385s ]
INFO: [ app_begin ] --END-- [ RunTime:0.000473s ]
SQL: SHOW COLUMNS FROM `news` [ RunTime:0.0014s ]
SQL: INSERT INTO `news` (`title`,`content`,`time`,`type_id`,`author_id`) VALUES ('123','123','1481613788','1','1') [ RunTime:0.0563s ]

[ 2016-12-13T15:24:57+08:00 ] 127.0.0.1 /index.php/home/uci/sendNews?title=123&content=123&typeid=1&author_id=1
INFO: [ app_init ] --START--
INFO: Run Behavior\BuildLiteBehavior [ RunTime:0.000037s ]
INFO: [ app_init ] --END-- [ RunTime:0.000430s ]
INFO: [ app_begin ] --START--
INFO: Run Behavior\ReadHtmlCacheBehavior [ RunTime:0.000386s ]
INFO: [ app_begin ] --END-- [ RunTime:0.000488s ]
SQL: SHOW COLUMNS FROM `news` [ RunTime:0.0015s ]
SQL: INSERT INTO `news` (`title`,`content`,`time`,`type_id`,`author_id`) VALUES ('123','123','1481613897','1','1') [ RunTime:0.0652s ]

[ 2016-12-13T15:26:15+08:00 ] ::1 /
INFO: [ app_init ] --START--
INFO: Run Behavior\BuildLiteBehavior [ RunTime:0.000017s ]
INFO: [ app_init ] --END-- [ RunTime:0.000313s ]
INFO: [ app_begin ] --START--
INFO: Run Behavior\ReadHtmlCacheBehavior [ RunTime:0.000419s ]
INFO: [ app_begin ] --END-- [ RunTime:0.000508s ]

[ 2016-12-13T15:30:23+08:00 ] ::1 /index.php/Home/Index/index
INFO: [ app_init ] --START--
INFO: Run Behavior\BuildLiteBehavior [ RunTime:0.000019s ]
INFO: [ app_init ] --END-- [ RunTime:0.000312s ]
INFO: [ app_begin ] --START--
INFO: Run Behavior\ReadHtmlCacheBehavior [ RunTime:0.000394s ]
INFO: [ app_begin ] --END-- [ RunTime:0.000498s ]
INFO: [ view_parse ] --START--
INFO: [ template_filter ] --START--
INFO: Run Behavior\ContentReplaceBehavior [ RunTime:0.000059s ]
INFO: [ template_filter ] --END-- [ RunTime:0.000370s ]
INFO: Run Behavior\ParseTemplateBehavior [ RunTime:0.359458s ]
INFO: [ view_parse ] --END-- [ RunTime:0.359546s ]
INFO: [ view_filter ] --START--
INFO: Run Behavior\WriteHtmlCacheBehavior [ RunTime:0.000689s ]
INFO: [ view_filter ] --END-- [ RunTime:0.000762s ]
INFO: [ app_end ] --START--
INFO: Run Behavior\ShowPageTraceBehavior [ RunTime:0.008778s ]
INFO: [ app_end ] --END-- [ RunTime:0.008861s ]

[ 2016-12-13T15:30:27+08:00 ] ::1 /index.php/Home/Index/index
INFO: [ app_init ] --START--
INFO: Run Behavior\BuildLiteBehavior [ RunTime:0.000018s ]
INFO: [ app_init ] --END-- [ RunTime:0.000295s ]
INFO: [ app_begin ] --START--
INFO: Run Behavior\ReadHtmlCacheBehavior [ RunTime:0.000361s ]
INFO: [ app_begin ] --END-- [ RunTime:0.000439s ]
INFO: [ view_parse ] --START--
INFO: [ template_filter ] --START--
INFO: Run Behavior\ContentReplaceBehavior [ RunTime:0.000045s ]
INFO: [ template_filter ] --END-- [ RunTime:0.000128s ]
INFO: Run Behavior\ParseTemplateBehavior [ RunTime:0.003679s ]
INFO: [ view_parse ] --END-- [ RunTime:0.003756s ]
INFO: [ view_filter ] --START--
INFO: Run Behavior\WriteHtmlCacheBehavior [ RunTime:0.000202s ]
INFO: [ view_filter ] --END-- [ RunTime:0.000268s ]
INFO: [ app_end ] --START--
INFO: Run Behavior\ShowPageTraceBehavior [ RunTime:0.000365s ]
INFO: [ app_end ] --END-- [ RunTime:0.000437s ]

[ 2016-12-13T15:30:54+08:00 ] ::1 /
INFO: [ app_init ] --START--
INFO: Run Behavior\BuildLiteBehavior [ RunTime:0.000020s ]
INFO: [ app_init ] --END-- [ RunTime:0.000327s ]
INFO: [ app_begin ] --START--
INFO: Run Behavior\ReadHtmlCacheBehavior [ RunTime:0.000421s ]
INFO: [ app_begin ] --END-- [ RunTime:0.000501s ]
INFO: [ view_parse ] --START--
INFO: Run Behavior\ParseTemplateBehavior [ RunTime:0.000218s ]
INFO: [ view_parse ] --END-- [ RunTime:0.000312s ]
INFO: [ view_filter ] --START--
INFO: Run Behavior\WriteHtmlCacheBehavior [ RunTime:0.000236s ]
INFO: [ view_filter ] --END-- [ RunTime:0.000303s ]
INFO: [ app_end ] --START--
INFO: Run Behavior\ShowPageTraceBehavior [ RunTime:0.000418s ]
INFO: [ app_end ] --END-- [ RunTime:0.000486s ]

[ 2016-12-13T15:30:57+08:00 ] ::1 /
INFO: [ app_init ] --START--
INFO: Run Behavior\BuildLiteBehavior [ RunTime:0.000019s ]
INFO: [ app_init ] --END-- [ RunTime:0.000299s ]
INFO: [ app_begin ] --START--
INFO: Run Behavior\ReadHtmlCacheBehavior [ RunTime:0.000477s ]
INFO: [ app_begin ] --END-- [ RunTime:0.000568s ]
INFO: [ view_parse ] --START--
INFO: Run Behavior\ParseTemplateBehavior [ RunTime:0.000178s ]
INFO: [ view_parse ] --END-- [ RunTime:0.000266s ]
INFO: [ view_filter ] --START--
INFO: Run Behavior\WriteHtmlCacheBehavior [ RunTime:0.000197s ]
INFO: [ view_filter ] --END-- [ RunTime:0.000273s ]
INFO: [ app_end ] --START--
INFO: Run Behavior\ShowPageTraceBehavior [ RunTime:0.000424s ]
INFO: [ app_end ] --END-- [ RunTime:0.000498s ]

[ 2016-12-13T15:30:58+08:00 ] ::1 /
INFO: [ app_init ] --START--
INFO: Run Behavior\BuildLiteBehavior [ RunTime:0.000043s ]
INFO: [ app_init ] --END-- [ RunTime:0.000504s ]
INFO: [ app_begin ] --START--
INFO: Run Behavior\ReadHtmlCacheBehavior [ RunTime:0.000334s ]
INFO: [ app_begin ] --END-- [ RunTime:0.000413s ]
INFO: [ view_parse ] --START--
INFO: Run Behavior\ParseTemplateBehavior [ RunTime:0.000161s ]
INFO: [ view_parse ] --END-- [ RunTime:0.000237s ]
INFO: [ view_filter ] --START--
INFO: Run Behavior\WriteHtmlCacheBehavior [ RunTime:0.000176s ]
INFO: [ view_filter ] --END-- [ RunTime:0.000251s ]
INFO: [ app_end ] --START--
INFO: Run Behavior\ShowPageTraceBehavior [ RunTime:0.000345s ]
INFO: [ app_end ] --END-- [ RunTime:0.000412s ]

[ 2016-12-13T15:31:45+08:00 ] ::1 /index.php/Home/Index/index
INFO: [ app_init ] --START--
INFO: Run Behavior\BuildLiteBehavior [ RunTime:0.000017s ]
INFO: [ app_init ] --END-- [ RunTime:0.000277s ]
INFO: [ app_begin ] --START--
INFO: Run Behavior\ReadHtmlCacheBehavior [ RunTime:0.000356s ]
INFO: [ app_begin ] --END-- [ RunTime:0.000435s ]

[ 2016-12-13T15:32:13+08:00 ] ::1 /index.php/Home/Index/index
INFO: [ app_init ] --START--
INFO: Run Behavior\BuildLiteBehavior [ RunTime:0.000019s ]
INFO: [ app_init ] --END-- [ RunTime:0.000281s ]
INFO: [ app_begin ] --START--
INFO: Run Behavior\ReadHtmlCacheBehavior [ RunTime:0.000348s ]
INFO: [ app_begin ] --END-- [ RunTime:0.000426s ]

[ 2016-12-13T15:32:16+08:00 ] ::1 /index.php
INFO: [ app_init ] --START--
INFO: Run Behavior\BuildLiteBehavior [ RunTime:0.000019s ]
INFO: [ app_init ] --END-- [ RunTime:0.000304s ]
INFO: [ app_begin ] --START--
INFO: Run Behavior\ReadHtmlCacheBehavior [ RunTime:0.000351s ]
INFO: [ app_begin ] --END-- [ RunTime:0.000429s ]

[ 2016-12-13T15:32:17+08:00 ] ::1 /index.php
INFO: [ app_init ] --START--
INFO: Run Behavior\BuildLiteBehavior [ RunTime:0.000018s ]
INFO: [ app_init ] --END-- [ RunTime:0.000275s ]
INFO: [ app_begin ] --START--
INFO: Run Behavior\ReadHtmlCacheBehavior [ RunTime:0.000323s ]
INFO: [ app_begin ] --END-- [ RunTime:0.000421s ]

[ 2016-12-13T15:32:17+08:00 ] ::1 /index.php
INFO: [ app_init ] --START--
INFO: Run Behavior\BuildLiteBehavior [ RunTime:0.000027s ]
INFO: [ app_init ] --END-- [ RunTime:0.000367s ]
INFO: [ app_begin ] --START--
INFO: Run Behavior\ReadHtmlCacheBehavior [ RunTime:0.000348s ]
INFO: [ app_begin ] --END-- [ RunTime:0.000427s ]

[ 2016-12-13T15:32:17+08:00 ] ::1 /index.php
INFO: [ app_init ] --START--
INFO: Run Behavior\BuildLiteBehavior [ RunTime:0.000017s ]
INFO: [ app_init ] --END-- [ RunTime:0.000282s ]
INFO: [ app_begin ] --START--
INFO: Run Behavior\ReadHtmlCacheBehavior [ RunTime:0.000347s ]
INFO: [ app_begin ] --END-- [ RunTime:0.000425s ]

[ 2016-12-13T15:32:29+08:00 ] ::1 /index.php
INFO: [ app_init ] --START--
INFO: Run Behavior\BuildLiteBehavior [ RunTime:0.000019s ]
INFO: [ app_init ] --END-- [ RunTime:0.000303s ]
INFO: [ app_begin ] --START--
INFO: Run Behavior\ReadHtmlCacheBehavior [ RunTime:0.000410s ]
INFO: [ app_begin ] --END-- [ RunTime:0.000490s ]

[ 2016-12-13T15:32:29+08:00 ] ::1 /index.php
INFO: [ app_init ] --START--
INFO: Run Behavior\BuildLiteBehavior [ RunTime:0.000023s ]
INFO: [ app_init ] --END-- [ RunTime:0.000402s ]
INFO: [ app_begin ] --START--
INFO: Run Behavior\ReadHtmlCacheBehavior [ RunTime:0.000338s ]
INFO: [ app_begin ] --END-- [ RunTime:0.000428s ]

[ 2016-12-13T15:32:30+08:00 ] ::1 /index.php
INFO: [ app_init ] --START--
INFO: Run Behavior\BuildLiteBehavior [ RunTime:0.000018s ]
INFO: [ app_init ] --END-- [ RunTime:0.000276s ]
INFO: [ app_begin ] --START--
INFO: Run Behavior\ReadHtmlCacheBehavior [ RunTime:0.000339s ]
INFO: [ app_begin ] --END-- [ RunTime:0.000450s ]

[ 2016-12-13T15:32:30+08:00 ] ::1 /index.php
INFO: [ app_init ] --START--
INFO: Run Behavior\BuildLiteBehavior [ RunTime:0.000027s ]
INFO: [ app_init ] --END-- [ RunTime:0.000393s ]
INFO: [ app_begin ] --START--
INFO: Run Behavior\ReadHtmlCacheBehavior [ RunTime:0.000329s ]
INFO: [ app_begin ] --END-- [ RunTime:0.000430s ]

[ 2016-12-13T15:32:30+08:00 ] ::1 /index.php
INFO: [ app_init ] --START--
INFO: Run Behavior\BuildLiteBehavior [ RunTime:0.000019s ]
INFO: [ app_init ] --END-- [ RunTime:0.000305s ]
INFO: [ app_begin ] --START--
INFO: Run Behavior\ReadHtmlCacheBehavior [ RunTime:0.000356s ]
INFO: [ app_begin ] --END-- [ RunTime:0.000444s ]

[ 2016-12-13T15:32:30+08:00 ] ::1 /index.php
INFO: [ app_init ] --START--
INFO: Run Behavior\BuildLiteBehavior [ RunTime:0.000017s ]
INFO: [ app_init ] --END-- [ RunTime:0.000270s ]
INFO: [ app_begin ] --START--
INFO: Run Behavior\ReadHtmlCacheBehavior [ RunTime:0.000347s ]
INFO: [ app_begin ] --END-- [ RunTime:0.000426s ]

[ 2016-12-13T15:32:31+08:00 ] ::1 /index.php
INFO: [ app_init ] --START--
INFO: Run Behavior\BuildLiteBehavior [ RunTime:0.000028s ]
INFO: [ app_init ] --END-- [ RunTime:0.000300s ]
INFO: [ app_begin ] --START--
INFO: Run Behavior\ReadHtmlCacheBehavior [ RunTime:0.000508s ]
INFO: [ app_begin ] --END-- [ RunTime:0.000608s ]

[ 2016-12-13T15:32:41+08:00 ] ::1 /index.php
INFO: [ app_init ] --START--
INFO: Run Behavior\BuildLiteBehavior [ RunTime:0.000017s ]
INFO: [ app_init ] --END-- [ RunTime:0.000318s ]
INFO: [ app_begin ] --START--
INFO: Run Behavior\ReadHtmlCacheBehavior [ RunTime:0.000684s ]
INFO: [ app_begin ] --END-- [ RunTime:0.000908s ]
ERR: 非法操作:index

[ 2016-12-13T15:33:04+08:00 ] ::1 /index.php
INFO: [ app_init ] --START--
INFO: Run Behavior\BuildLiteBehavior [ RunTime:0.000024s ]
INFO: [ app_init ] --END-- [ RunTime:0.000471s ]
INFO: [ app_begin ] --START--
INFO: Run Behavior\ReadHtmlCacheBehavior [ RunTime:0.000513s ]
INFO: [ app_begin ] --END-- [ RunTime:0.000629s ]

[ 2016-12-13T15:33:11+08:00 ] 127.0.0.1 /index.php/home/uci/sendNews?title=123&content=123&typeid=1&author_id=1
INFO: [ app_init ] --START--
INFO: Run Behavior\BuildLiteBehavior [ RunTime:0.000017s ]
INFO: [ app_init ] --END-- [ RunTime:0.000297s ]
INFO: [ app_begin ] --START--
INFO: Run Behavior\ReadHtmlCacheBehavior [ RunTime:0.000326s ]
INFO: [ app_begin ] --END-- [ RunTime:0.000426s ]
SQL: SHOW COLUMNS FROM `news` [ RunTime:0.0013s ]
SQL: INSERT INTO `news` (`title`,`content`,`time`,`type_id`,`author_id`) VALUES ('123','123','1481614391','1','1') [ RunTime:0.4219s ]

[ 2016-12-13T15:33:14+08:00 ] 127.0.0.1 /index.php/home/uci/sendNews?title=123&content=123&typeid=1&author_id=1
INFO: [ app_init ] --START--
INFO: Run Behavior\BuildLiteBehavior [ RunTime:0.000017s ]
INFO: [ app_init ] --END-- [ RunTime:0.000295s ]
INFO: [ app_begin ] --START--
INFO: Run Behavior\ReadHtmlCacheBehavior [ RunTime:0.000346s ]
INFO: [ app_begin ] --END-- [ RunTime:0.000425s ]
SQL: SHOW COLUMNS FROM `news` [ RunTime:0.0026s ]
SQL: INSERT INTO `news` (`title`,`content`,`time`,`type_id`,`author_id`) VALUES ('123','123','1481614394','1','1') [ RunTime:0.0649s ]

[ 2016-12-13T15:33:49+08:00 ] 127.0.0.1 /index.php/home/uci/sendNews?title=123&content=123&typeid=1&author_id=1
INFO: [ app_init ] --START--
INFO: Run Behavior\BuildLiteBehavior [ RunTime:0.000016s ]
INFO: [ app_init ] --END-- [ RunTime:0.000270s ]
INFO: [ app_begin ] --START--
INFO: Run Behavior\ReadHtmlCacheBehavior [ RunTime:0.000324s ]
INFO: [ app_begin ] --END-- [ RunTime:0.000415s ]
SQL: SHOW COLUMNS FROM `news` [ RunTime:0.0015s ]
SQL: INSERT INTO `news` (`title`,`content`,`time`,`type_id`,`author_id`) VALUES ('123','123','1481614428','1','1') [ RunTime:0.2626s ]

[ 2016-12-13T15:33:57+08:00 ] 127.0.0.1 /index.php/home/uci/sendNews?title=123&content=123&typeid=1&author_id=1
INFO: [ app_init ] --START--
INFO: Run Behavior\BuildLiteBehavior [ RunTime:0.000017s ]
INFO: [ app_init ] --END-- [ RunTime:0.000331s ]
INFO: [ app_begin ] --START--
INFO: Run Behavior\ReadHtmlCacheBehavior [ RunTime:0.000480s ]
INFO: [ app_begin ] --END-- [ RunTime:0.000584s ]
SQL: SHOW COLUMNS FROM `news` [ RunTime:0.0026s ]
SQL: INSERT INTO `news` (`title`,`content`,`time`,`type_id`,`author_id`) VALUES ('123','123','1481614437','1','1') [ RunTime:0.0675s ]

[ 2016-12-13T15:34:05+08:00 ] 127.0.0.1 /index.php/home/uci/sendNews?title=123&content=123&typeid=1&author_id=1
INFO: [ app_init ] --START--
INFO: Run Behavior\BuildLiteBehavior [ RunTime:0.000019s ]
INFO: [ app_init ] --END-- [ RunTime:0.000305s ]
INFO: [ app_begin ] --START--
INFO: Run Behavior\ReadHtmlCacheBehavior [ RunTime:0.000335s ]
INFO: [ app_begin ] --END-- [ RunTime:0.000416s ]
SQL: SHOW COLUMNS FROM `news` [ RunTime:0.0014s ]
SQL: INSERT INTO `news` (`title`,`content`,`time`,`type_id`,`author_id`) VALUES ('123','123','1481614445','1','1') [ RunTime:0.0766s ]

[ 2016-12-13T15:34:39+08:00 ] 127.0.0.1 /index.php/home/uci/sendNews?title=123&content=123&typeid=1&author_id=1
INFO: [ app_init ] --START--
INFO: Run Behavior\BuildLiteBehavior [ RunTime:0.000031s ]
INFO: [ app_init ] --END-- [ RunTime:0.000544s ]
INFO: [ app_begin ] --START--
INFO: Run Behavior\ReadHtmlCacheBehavior [ RunTime:0.000368s ]
INFO: [ app_begin ] --END-- [ RunTime:0.000451s ]
SQL: SHOW COLUMNS FROM `news` [ RunTime:0.0014s ]
SQL: INSERT INTO `news` (`title`,`content`,`time`,`type_id`,`author_id`) VALUES ('123','123','1481614479','1','1') [ RunTime:0.0727s ]

[ 2016-12-13T15:34:57+08:00 ] 127.0.0.1 /index.php/home/uci/sendNews?title=123&content=123&typeid=1&author_id=1
INFO: [ app_init ] --START--
INFO: Run Behavior\BuildLiteBehavior [ RunTime:0.000019s ]
INFO: [ app_init ] --END-- [ RunTime:0.000303s ]
INFO: [ app_begin ] --START--
INFO: Run Behavior\ReadHtmlCacheBehavior [ RunTime:0.000346s ]
INFO: [ app_begin ] --END-- [ RunTime:0.000433s ]
SQL: SHOW COLUMNS FROM `news` [ RunTime:0.0014s ]
SQL: INSERT INTO `news` (`title`,`content`,`time`,`type_id`,`author_id`) VALUES ('123','123','1481614497','1','1') [ RunTime:0.0680s ]

[ 2016-12-13T15:35:03+08:00 ] 127.0.0.1 /index.php/home/uci/sendNews?title=123&content=123&typeid=1&author_id=1
INFO: [ app_init ] --START--
INFO: Run Behavior\BuildLiteBehavior [ RunTime:0.000021s ]
INFO: [ app_init ] --END-- [ RunTime:0.000310s ]
INFO: [ app_begin ] --START--
INFO: Run Behavior\ReadHtmlCacheBehavior [ RunTime:0.000328s ]
INFO: [ app_begin ] --END-- [ RunTime:0.000439s ]
SQL: SHOW COLUMNS FROM `news` [ RunTime:0.0017s ]
SQL: INSERT INTO `news` (`title`,`content`,`time`,`type_id`,`author_id`) VALUES ('123','123','1481614503','1','1') [ RunTime:0.0706s ]

[ 2016-12-13T15:43:37+08:00 ] 127.0.0.1 /index.php/home/uci/sendNews?title=123&content=123&typeid=1&author_id=1
INFO: [ app_init ] --START--
INFO: Run Behavior\BuildLiteBehavior [ RunTime:0.000017s ]
INFO: [ app_init ] --END-- [ RunTime:0.000351s ]
INFO: [ app_begin ] --START--
INFO: Run Behavior\ReadHtmlCacheBehavior [ RunTime:0.000465s ]
INFO: [ app_begin ] --END-- [ RunTime:0.000556s ]
SQL: SHOW COLUMNS FROM `news` [ RunTime:0.0028s ]
SQL: INSERT INTO `news` (`title`,`content`,`time`,`type_id`,`author_id`) VALUES ('123','123','1481615017','1','1') [ RunTime:0.0627s ]

[ 2016-12-13T15:43:42+08:00 ] 127.0.0.1 /index.php/home/uci/sendNews?title=123&content=123&typeid=1&author_id=1
INFO: [ app_init ] --START--
INFO: Run Behavior\BuildLiteBehavior [ RunTime:0.000026s ]
INFO: [ app_init ] --END-- [ RunTime:0.000297s ]
INFO: [ app_begin ] --START--
INFO: Run Behavior\ReadHtmlCacheBehavior [ RunTime:0.000345s ]
INFO: [ app_begin ] --END-- [ RunTime:0.000474s ]
SQL: SHOW COLUMNS FROM `news` [ RunTime:0.0029s ]
SQL: INSERT INTO `news` (`title`,`content`,`time`,`type_id`,`author_id`) VALUES ('123','123','1481615022','1','1') [ RunTime:0.0718s ]

[ 2016-12-13T15:46:49+08:00 ] 127.0.0.1 /index.php/home/uci/sendNews?title=123&content=123&typeid=1&author_id=1
INFO: [ app_init ] --START--
INFO: Run Behavior\BuildLiteBehavior [ RunTime:0.000029s ]
INFO: [ app_init ] --END-- [ RunTime:0.000348s ]
INFO: [ app_begin ] --START--
INFO: Run Behavior\ReadHtmlCacheBehavior [ RunTime:0.000403s ]
INFO: [ app_begin ] --END-- [ RunTime:0.000489s ]
SQL: SHOW COLUMNS FROM `news` [ RunTime:0.0015s ]
SQL: INSERT INTO `news` (`title`,`content`,`time`,`type_id`,`author_id`) VALUES ('123','123','1481615208','1','1') [ RunTime:0.0736s ]

[ 2016-12-13T15:47:16+08:00 ] 127.0.0.1 /index.php/home/uci/sendNews?title=123&content=123&typeid=1&author_id=1
INFO: [ app_init ] --START--
INFO: Run Behavior\BuildLiteBehavior [ RunTime:0.000018s ]
INFO: [ app_init ] --END-- [ RunTime:0.000285s ]
INFO: [ app_begin ] --START--
INFO: Run Behavior\ReadHtmlCacheBehavior [ RunTime:0.000334s ]
INFO: [ app_begin ] --END-- [ RunTime:0.000421s ]
SQL: SHOW COLUMNS FROM `news` [ RunTime:0.0016s ]
SQL: INSERT INTO `news` (`title`,`content`,`time`,`type_id`,`author_id`) VALUES ('123','123','1481615236','1','1') [ RunTime:0.0559s ]

[ 2016-12-13T15:47:18+08:00 ] 127.0.0.1 /index.php/home/uci/sendNews?title=123&content=123&typeid=1&author_id=1
INFO: [ app_init ] --START--
INFO: Run Behavior\BuildLiteBehavior [ RunTime:0.000016s ]
INFO: [ app_init ] --END-- [ RunTime:0.000295s ]
INFO: [ app_begin ] --START--
INFO: Run Behavior\ReadHtmlCacheBehavior [ RunTime:0.000342s ]
INFO: [ app_begin ] --END-- [ RunTime:0.000424s ]
SQL: SHOW COLUMNS FROM `news` [ RunTime:0.0015s ]
SQL: INSERT INTO `news` (`title`,`content`,`time`,`type_id`,`author_id`) VALUES ('123','123','1481615238','1','1') [ RunTime:0.0549s ]

[ 2016-12-13T15:56:35+08:00 ] 127.0.0.1 /index.php/home/uci/sendNews?title=123&content=123&typeid=1&author_id=1
INFO: [ app_init ] --START--
INFO: Run Behavior\BuildLiteBehavior [ RunTime:0.000031s ]
INFO: [ app_init ] --END-- [ RunTime:0.000477s ]
INFO: [ app_begin ] --START--
INFO: Run Behavior\ReadHtmlCacheBehavior [ RunTime:0.000539s ]
INFO: [ app_begin ] --END-- [ RunTime:0.000671s ]
SQL: SHOW COLUMNS FROM `news` [ RunTime:0.0016s ]
SQL: INSERT INTO `news` (`title`,`content`,`time`,`type_id`,`author_id`) VALUES ('123','123','1481615795','1','1') [ RunTime:0.0738s ]

[ 2016-12-13T15:56:39+08:00 ] 127.0.0.1 /index.php/home/uci/sendNews?title=123&content=123&typeid=1&author_id=1
INFO: [ app_init ] --START--
INFO: Run Behavior\BuildLiteBehavior [ RunTime:0.000041s ]
INFO: [ app_init ] --END-- [ RunTime:0.000723s ]
INFO: [ app_begin ] --START--
INFO: Run Behavior\ReadHtmlCacheBehavior [ RunTime:0.000795s ]
INFO: [ app_begin ] --END-- [ RunTime:0.001084s ]
SQL: SHOW COLUMNS FROM `news` [ RunTime:0.0014s ]
SQL: INSERT INTO `news` (`title`,`content`,`time`,`type_id`,`author_id`) VALUES ('123','123','1481615799','1','1') [ RunTime:0.0544s ]

[ 2016-12-13T15:56:45+08:00 ] 127.0.0.1 /index.php/home/uci/sendNews?title=123&content=123&typeid=1&author_id=1
INFO: [ app_init ] --START--
INFO: Run Behavior\BuildLiteBehavior [ RunTime:0.000036s ]
INFO: [ app_init ] --END-- [ RunTime:0.000592s ]
INFO: [ app_begin ] --START--
INFO: Run Behavior\ReadHtmlCacheBehavior [ RunTime:0.000721s ]
INFO: [ app_begin ] --END-- [ RunTime:0.000911s ]
SQL: SHOW COLUMNS FROM `news` [ RunTime:0.0014s ]
SQL: INSERT INTO `news` (`title`,`content`,`time`,`type_id`,`author_id`) VALUES ('123','123','1481615805','1','1') [ RunTime:0.0545s ]

[ 2016-12-13T15:56:47+08:00 ] 127.0.0.1 /index.php/home/uci/sendNews?title=123&content=123&typeid=1&author_id=1
INFO: [ app_init ] --START--
INFO: Run Behavior\BuildLiteBehavior [ RunTime:0.000036s ]
INFO: [ app_init ] --END-- [ RunTime:0.000595s ]
INFO: [ app_begin ] --START--
INFO: Run Behavior\ReadHtmlCacheBehavior [ RunTime:0.000829s ]
INFO: [ app_begin ] --END-- [ RunTime:0.001024s ]
SQL: SHOW COLUMNS FROM `news` [ RunTime:0.0016s ]
SQL: INSERT INTO `news` (`title`,`content`,`time`,`type_id`,`author_id`) VALUES ('123','123','1481615807','1','1') [ RunTime:0.1038s ]

[ 2016-12-13T15:59:39+08:00 ] 127.0.0.1 /index.php/home/uci/sendNews?title=123&content=123&typeid=1&author_id=1
INFO: [ app_init ] --START--
INFO: Run Behavior\BuildLiteBehavior [ RunTime:0.000023s ]
INFO: [ app_init ] --END-- [ RunTime:0.000366s ]
INFO: [ app_begin ] --START--
INFO: Run Behavior\ReadHtmlCacheBehavior [ RunTime:0.000466s ]
INFO: [ app_begin ] --END-- [ RunTime:0.000572s ]
SQL: SHOW COLUMNS FROM `news` [ RunTime:0.0038s ]
SQL: INSERT INTO `news` (`title`,`content`,`time`,`type_id`,`author_id`) VALUES ('123','123','1481615979','1','1') [ RunTime:0.0609s ]

[ 2016-12-13T15:59:43+08:00 ] 127.0.0.1 /index.php/home/uci/sendNews?title=123&content=123&typeid=1&author_id=1
INFO: [ app_init ] --START--
INFO: Run Behavior\BuildLiteBehavior [ RunTime:0.000037s ]
INFO: [ app_init ] --END-- [ RunTime:0.000615s ]
INFO: [ app_begin ] --START--
INFO: Run Behavior\ReadHtmlCacheBehavior [ RunTime:0.000812s ]
INFO: [ app_begin ] --END-- [ RunTime:0.001063s ]
SQL: SHOW COLUMNS FROM `news` [ RunTime:0.0026s ]
SQL: INSERT INTO `news` (`title`,`content`,`time`,`type_id`,`author_id`) VALUES ('123','123','1481615983','1','1') [ RunTime:0.0883s ]

[ 2016-12-13T16:01:26+08:00 ] 127.0.0.1 /index.php/home/uci/sendNews?title=123&content=123&typeid=1&author_id=1
INFO: [ app_init ] --START--
INFO: Run Behavior\BuildLiteBehavior [ RunTime:0.000025s ]
INFO: [ app_init ] --END-- [ RunTime:0.000364s ]
INFO: [ app_begin ] --START--
INFO: Run Behavior\ReadHtmlCacheBehavior [ RunTime:0.000432s ]
INFO: [ app_begin ] --END-- [ RunTime:0.000545s ]
SQL: SHOW COLUMNS FROM `news` [ RunTime:0.0016s ]
SQL: INSERT INTO `news` (`title`,`content`,`time`,`type_id`,`author_id`) VALUES ('123','123','1481616086','1','1') [ RunTime:0.0526s ]

[ 2016-12-13T16:01:27+08:00 ] 127.0.0.1 /index.php/home/uci/sendNews?title=123&content=123&typeid=1&author_id=1
INFO: [ app_init ] --START--
INFO: Run Behavior\BuildLiteBehavior [ RunTime:0.000059s ]
INFO: [ app_init ] --END-- [ RunTime:0.000951s ]
INFO: [ app_begin ] --START--
INFO: Run Behavior\ReadHtmlCacheBehavior [ RunTime:0.000704s ]
INFO: [ app_begin ] --END-- [ RunTime:0.000910s ]
SQL: SHOW COLUMNS FROM `news` [ RunTime:0.0034s ]
SQL: INSERT INTO `news` (`title`,`content`,`time`,`type_id`,`author_id`) VALUES ('123','123','1481616087','1','1') [ RunTime:0.0838s ]

[ 2016-12-13T16:02:25+08:00 ] 127.0.0.1 /index.php/home/uci/sendNews?title=123&content=123&typeid=1&author_id=1
INFO: [ app_init ] --START--
INFO: Run Behavior\BuildLiteBehavior [ RunTime:0.000019s ]
INFO: [ app_init ] --END-- [ RunTime:0.000323s ]
INFO: [ app_begin ] --START--
INFO: Run Behavior\ReadHtmlCacheBehavior [ RunTime:0.000457s ]
INFO: [ app_begin ] --END-- [ RunTime:0.000560s ]
SQL: SHOW COLUMNS FROM `news` [ RunTime:0.0032s ]
SQL: INSERT INTO `news` (`title`,`content`,`time`,`type_id`,`author_id`) VALUES ('123','123','1481616145','1','1') [ RunTime:0.0637s ]

[ 2016-12-13T16:02:41+08:00 ] 127.0.0.1 /index.php/home/uci/sendNews?title=123&content=123&typeid=1&author_id=1
INFO: [ app_init ] --START--
INFO: Run Behavior\BuildLiteBehavior [ RunTime:0.000064s ]
INFO: [ app_init ] --END-- [ RunTime:0.000514s ]
INFO: [ app_begin ] --START--
INFO: Run Behavior\ReadHtmlCacheBehavior [ RunTime:0.000458s ]
INFO: [ app_begin ] --END-- [ RunTime:0.000558s ]
SQL: SHOW COLUMNS FROM `news` [ RunTime:0.0016s ]
SQL: INSERT INTO `news` (`title`,`content`,`time`,`type_id`,`author_id`) VALUES ('123','123','1481616161','1','1') [ RunTime:0.0661s ]

[ 2016-12-13T16:02:50+08:00 ] 127.0.0.1 /index.php/home/uci/sendNews?title=123&content=123&typeid=1&author_id=1
INFO: [ app_init ] --START--
INFO: Run Behavior\BuildLiteBehavior [ RunTime:0.000097s ]
INFO: [ app_init ] --END-- [ RunTime:0.000712s ]
INFO: [ app_begin ] --START--
INFO: Run Behavior\ReadHtmlCacheBehavior [ RunTime:0.000575s ]
INFO: [ app_begin ] --END-- [ RunTime:0.000706s ]
SQL: SHOW COLUMNS FROM `news` [ RunTime:0.0033s ]
SQL: INSERT INTO `news` (`title`,`content`,`time`,`type_id`,`author_id`) VALUES ('123','123','1481616170','1','1') [ RunTime:0.1298s ]

[ 2016-12-13T16:03:10+08:00 ] 127.0.0.1 /index.php/home/uci/sendNews?title=123&content=123&typeid=1&author_id=1
INFO: [ app_init ] --START--
INFO: Run Behavior\BuildLiteBehavior [ RunTime:0.000023s ]
INFO: [ app_init ] --END-- [ RunTime:0.000393s ]
INFO: [ app_begin ] --START--
INFO: Run Behavior\ReadHtmlCacheBehavior [ RunTime:0.000478s ]
INFO: [ app_begin ] --END-- [ RunTime:0.000596s ]
SQL: SHOW COLUMNS FROM `news` [ RunTime:0.0030s ]
SQL: INSERT INTO `news` (`title`,`content`,`time`,`type_id`,`author_id`) VALUES ('123','123','1481616189','1','1') [ RunTime:0.7570s ]

[ 2016-12-13T16:03:28+08:00 ] 127.0.0.1 /index.php/home/uci/sendNews?title=123&content=123&typeid=1&author_id=1
INFO: [ app_init ] --START--
INFO: Run Behavior\BuildLiteBehavior [ RunTime:0.000019s ]
INFO: [ app_init ] --END-- [ RunTime:0.000312s ]
INFO: [ app_begin ] --START--
INFO: Run Behavior\ReadHtmlCacheBehavior [ RunTime:0.000331s ]
INFO: [ app_begin ] --END-- [ RunTime:0.000419s ]
SQL: SHOW COLUMNS FROM `news` [ RunTime:0.0027s ]
SQL: INSERT INTO `news` (`title`,`content`,`time`,`type_id`,`author_id`) VALUES ('123','123','1481616208','1','1') [ RunTime:0.0731s ]

[ 2016-12-13T16:03:38+08:00 ] 127.0.0.1 /index.php/home/uci/sendNews?title=123&content=123&typeid=1&author_id=1
INFO: [ app_init ] --START--
INFO: Run Behavior\BuildLiteBehavior [ RunTime:0.000060s ]
INFO: [ app_init ] --END-- [ RunTime:0.000609s ]
INFO: [ app_begin ] --START--
INFO: Run Behavior\ReadHtmlCacheBehavior [ RunTime:0.001085s ]
INFO: [ app_begin ] --END-- [ RunTime:0.001296s ]
SQL: SHOW COLUMNS FROM `news` [ RunTime:0.0031s ]
SQL: INSERT INTO `news` (`title`,`content`,`time`,`type_id`,`author_id`) VALUES ('123','123','1481616218','1','1') [ RunTime:0.0501s ]

[ 2016-12-13T16:04:10+08:00 ] 127.0.0.1 /index.php/home/uci/sendNews?title=123&content=123&typeid=1&author_id=1
INFO: [ app_init ] --START--
INFO: Run Behavior\BuildLiteBehavior [ RunTime:0.000040s ]
INFO: [ app_init ] --END-- [ RunTime:0.000475s ]
INFO: [ app_begin ] --START--
INFO: Run Behavior\ReadHtmlCacheBehavior [ RunTime:0.000636s ]
INFO: [ app_begin ] --END-- [ RunTime:0.000882s ]
SQL: SHOW COLUMNS FROM `news` [ RunTime:0.0020s ]
SQL: INSERT INTO `news` (`title`,`content`,`time`,`type_id`,`author_id`) VALUES ('123','123','1481616250','1','1') [ RunTime:0.0502s ]

[ 2016-12-13T16:04:18+08:00 ] 127.0.0.1 /index.php/home/uci/sendNews?title=123&content=123&typeid=1&author_id=1
INFO: [ app_init ] --START--
INFO: Run Behavior\BuildLiteBehavior [ RunTime:0.000078s ]
INFO: [ app_init ] --END-- [ RunTime:0.000726s ]
INFO: [ app_begin ] --START--
INFO: Run Behavior\ReadHtmlCacheBehavior [ RunTime:0.000575s ]
INFO: [ app_begin ] --END-- [ RunTime:0.000741s ]
SQL: SHOW COLUMNS FROM `news` [ RunTime:0.0015s ]
SQL: INSERT INTO `news` (`title`,`content`,`time`,`type_id`,`author_id`) VALUES ('123','123','1481616257','1','1') [ RunTime:0.0642s ]

[ 2016-12-13T16:05:00+08:00 ] 127.0.0.1 /index.php/home/uci/sendNews?title=123&content=123&typeid=1&author_id=1
INFO: [ app_init ] --START--
INFO: Run Behavior\BuildLiteBehavior [ RunTime:0.000025s ]
INFO: [ app_init ] --END-- [ RunTime:0.000419s ]
INFO: [ app_begin ] --START--
INFO: Run Behavior\ReadHtmlCacheBehavior [ RunTime:0.000509s ]
INFO: [ app_begin ] --END-- [ RunTime:0.000629s ]
SQL: SHOW COLUMNS FROM `news` [ RunTime:0.0015s ]
SQL: INSERT INTO `news` (`title`,`content`,`time`,`type_id`,`author_id`) VALUES ('123','123','1481616300','1','1') [ RunTime:0.0699s ]

[ 2016-12-13T16:06:16+08:00 ] 127.0.0.1 /index.php/home/uci/sendNews?title=123&content=123&typeid=1&author_id=1
INFO: [ app_init ] --START--
INFO: Run Behavior\BuildLiteBehavior [ RunTime:0.000035s ]
INFO: [ app_init ] --END-- [ RunTime:0.000426s ]
INFO: [ app_begin ] --START--
INFO: Run Behavior\ReadHtmlCacheBehavior [ RunTime:0.000428s ]
INFO: [ app_begin ] --END-- [ RunTime:0.000525s ]
SQL: SHOW COLUMNS FROM `news` [ RunTime:0.0030s ]
SQL: INSERT INTO `news` (`title`,`content`,`time`,`type_id`,`author_id`) VALUES ('123','123','1481616376','1','1') [ RunTime:0.0723s ]

[ 2016-12-13T16:07:21+08:00 ] 127.0.0.1 /index.php/home/uci/sendNews?title=123&content=123&typeid=1&author_id=1
INFO: [ app_init ] --START--
INFO: Run Behavior\BuildLiteBehavior [ RunTime:0.000020s ]
INFO: [ app_init ] --END-- [ RunTime:0.000336s ]
INFO: [ app_begin ] --START--
INFO: Run Behavior\ReadHtmlCacheBehavior [ RunTime:0.000471s ]
INFO: [ app_begin ] --END-- [ RunTime:0.000576s ]
SQL: SHOW COLUMNS FROM `news` [ RunTime:0.0017s ]
SQL: INSERT INTO `news` (`title`,`content`,`time`,`type_id`,`author_id`) VALUES ('123','123','1481616441','1','1') [ RunTime:0.0512s ]

[ 2016-12-13T16:07:48+08:00 ] 127.0.0.1 /index.php/home/uci/sendNews?title=123&content=123&typeid=1&author_id=1
INFO: [ app_init ] --START--
INFO: Run Behavior\BuildLiteBehavior [ RunTime:0.000036s ]
INFO: [ app_init ] --END-- [ RunTime:0.000536s ]
INFO: [ app_begin ] --START--
INFO: Run Behavior\ReadHtmlCacheBehavior [ RunTime:0.000932s ]
INFO: [ app_begin ] --END-- [ RunTime:0.001263s ]
SQL: SHOW COLUMNS FROM `news` [ RunTime:0.0018s ]
SQL: INSERT INTO `news` (`title`,`content`,`time`,`type_id`,`author_id`) VALUES ('123','123','1481616468','1','1') [ RunTime:0.0769s ]

[ 2016-12-13T16:08:06+08:00 ] 127.0.0.1 /index.php/home/uci/sendNews?title=123&content=123&typeid=1&author_id=1
INFO: [ app_init ] --START--
INFO: Run Behavior\BuildLiteBehavior [ RunTime:0.000017s ]
INFO: [ app_init ] --END-- [ RunTime:0.000276s ]
INFO: [ app_begin ] --START--
INFO: Run Behavior\ReadHtmlCacheBehavior [ RunTime:0.000340s ]
INFO: [ app_begin ] --END-- [ RunTime:0.000429s ]
SQL: SHOW COLUMNS FROM `news` [ RunTime:0.0019s ]
SQL: INSERT INTO `news` (`title`,`content`,`time`,`type_id`,`author_id`) VALUES ('123','123','1481616486','1','1') [ RunTime:0.0737s ]

[ 2016-12-13T16:10:05+08:00 ] 127.0.0.1 /index.php/home/uci/sendNews?title=123&content=123&typeid=1&author_id=1
INFO: [ app_init ] --START--
INFO: Run Behavior\BuildLiteBehavior [ RunTime:0.000026s ]
INFO: [ app_init ] --END-- [ RunTime:0.000423s ]
INFO: [ app_begin ] --START--
INFO: Run Behavior\ReadHtmlCacheBehavior [ RunTime:0.000515s ]
INFO: [ app_begin ] --END-- [ RunTime:0.000633s ]
SQL: SHOW COLUMNS FROM `news` [ RunTime:0.0024s ]
SQL: INSERT INTO `news` (`title`,`content`,`time`,`type_id`,`author_id`) VALUES ('123','123','1481616605','1','1') [ RunTime:0.0638s ]

[ 2016-12-13T16:11:33+08:00 ] 127.0.0.1 /index.php/home/uci/sendNews?title=123&content=123&typeid=1&author_id=1
INFO: [ app_init ] --START--
INFO: Run Behavior\BuildLiteBehavior [ RunTime:0.000021s ]
INFO: [ app_init ] --END-- [ RunTime:0.000434s ]
INFO: [ app_begin ] --START--
INFO: Run Behavior\ReadHtmlCacheBehavior [ RunTime:0.001705s ]
INFO: [ app_begin ] --END-- [ RunTime:0.002133s ]
SQL: SHOW COLUMNS FROM `news` [ RunTime:0.0019s ]
SQL: INSERT INTO `news` (`title`,`content`,`time`,`type_id`,`author_id`) VALUES ('123','123','1481616693','1','1') [ RunTime:0.0702s ]

[ 2016-12-13T16:12:52+08:00 ] 127.0.0.1 /index.php/home/uci/sendNews?title=123&content=123&typeid=1&author_id=1
INFO: [ app_init ] --START--
INFO: Run Behavior\BuildLiteBehavior [ RunTime:0.000018s ]
INFO: [ app_init ] --END-- [ RunTime:0.000321s ]
INFO: [ app_begin ] --START--
INFO: Run Behavior\ReadHtmlCacheBehavior [ RunTime:0.000405s ]
INFO: [ app_begin ] --END-- [ RunTime:0.000493s ]
SQL: SHOW COLUMNS FROM `news` [ RunTime:0.0014s ]
SQL: INSERT INTO `news` (`title`,`content`,`time`,`type_id`,`author_id`) VALUES ('123','123','1481616772','1','1') [ RunTime:0.0591s ]

[ 2016-12-13T16:14:52+08:00 ] 127.0.0.1 /index.php/home/uci/sendNews?title=123&content=123&typeid=1&author_id=1
INFO: [ app_init ] --START--
INFO: Run Behavior\BuildLiteBehavior [ RunTime:0.000024s ]
INFO: [ app_init ] --END-- [ RunTime:0.000387s ]
INFO: [ app_begin ] --START--
INFO: Run Behavior\ReadHtmlCacheBehavior [ RunTime:0.000386s ]
INFO: [ app_begin ] --END-- [ RunTime:0.000478s ]
SQL: SHOW COLUMNS FROM `news` [ RunTime:0.0013s ]
SQL: INSERT INTO `news` (`title`,`content`,`time`,`type_id`,`author_id`) VALUES ('123','123','1481616892','1','1') [ RunTime:0.0772s ]

[ 2016-12-13T16:16:43+08:00 ] 127.0.0.1 /index.php/home/uci/sendNews?title=123&content=%3Cp%3E123456%3C/p%3E&typeid=1&author_id=1
INFO: [ app_init ] --START--
INFO: Run Behavior\BuildLiteBehavior [ RunTime:0.000041s ]
INFO: [ app_init ] --END-- [ RunTime:0.000635s ]
INFO: [ app_begin ] --START--
INFO: Run Behavior\ReadHtmlCacheBehavior [ RunTime:0.000658s ]
INFO: [ app_begin ] --END-- [ RunTime:0.000861s ]
SQL: SHOW COLUMNS FROM `news` [ RunTime:0.0013s ]
SQL: INSERT INTO `news` (`title`,`content`,`time`,`type_id`,`author_id`) VALUES ('123','&lt;p&gt;123456&lt;/p&gt;','1481617003','1','1') [ RunTime:0.0733s ]

[ 2016-12-13T16:25:31+08:00 ] 127.0.0.1 /index.php/home/uci/sendNews?title=123&content=%3Cp%3E123456%3C/p%3E&typeid=1&author_id=1
INFO: [ app_init ] --START--
INFO: Run Behavior\BuildLiteBehavior [ RunTime:0.000021s ]
INFO: [ app_init ] --END-- [ RunTime:0.000348s ]
INFO: [ app_begin ] --START--
INFO: Run Behavior\ReadHtmlCacheBehavior [ RunTime:0.000460s ]
INFO: [ app_begin ] --END-- [ RunTime:0.000581s ]
SQL: SHOW COLUMNS FROM `news` [ RunTime:0.0040s ]
SQL: INSERT INTO `news` (`title`,`content`,`time`,`type_id`,`author_id`) VALUES ('123','&lt;p&gt;123456&lt;/p&gt;','1481617531','1','1') [ RunTime:0.0618s ]

