[ 2016-12-21T09:51:32+08:00 ] 127.0.0.1 /index.php/home/uci/getNewsList
INFO: [ app_init ] --START--
INFO: Run Behavior\BuildLiteBehavior [ RunTime:0.000032s ]
INFO: [ app_init ] --END-- [ RunTime:0.001266s ]
INFO: [ app_begin ] --START--
INFO: Run Behavior\ReadHtmlCacheBehavior [ RunTime:0.000776s ]
INFO: [ app_begin ] --END-- [ RunTime:0.000969s ]
SQL: SHOW COLUMNS FROM `news` [ RunTime:0.0020s ]
SQL: SELECT news.id,`title`,news.type_id,`author_id`,name as author_name,`time` FROM `news` INNER JOIN user ON news.author_id=user.id  WHERE ( news.isDelete=0 )  [ RunTime:0.0334s ]

[ 2016-12-21T09:51:34+08:00 ] 127.0.0.1 /index.php/home/uci/getDeletedNewsList
INFO: [ app_init ] --START--
INFO: Run Behavior\BuildLiteBehavior [ RunTime:0.000021s ]
INFO: [ app_init ] --END-- [ RunTime:0.000351s ]
INFO: [ app_begin ] --START--
INFO: Run Behavior\ReadHtmlCacheBehavior [ RunTime:0.000432s ]
INFO: [ app_begin ] --END-- [ RunTime:0.000536s ]
SQL: SHOW COLUMNS FROM `news` [ RunTime:0.0015s ]
SQL: SELECT news.id,`title`,news.type_id,`author_id`,name as author_name,`time` FROM `news` INNER JOIN user ON news.author_id=user.id  WHERE ( news.isDelete=1 )  [ RunTime:0.0002s ]

[ 2016-12-21T10:48:11+08:00 ] 127.0.0.1 /index.php/home/uci/getNewsList
INFO: [ app_init ] --START--
INFO: Run Behavior\BuildLiteBehavior [ RunTime:0.000021s ]
INFO: [ app_init ] --END-- [ RunTime:0.000349s ]
INFO: [ app_begin ] --START--
INFO: Run Behavior\ReadHtmlCacheBehavior [ RunTime:0.000625s ]
INFO: [ app_begin ] --END-- [ RunTime:0.000772s ]
SQL: SHOW COLUMNS FROM `news` [ RunTime:0.0019s ]
SQL: SELECT news.id,`title`,news.type_id,`author_id`,name as author_name,`time` FROM `news` INNER JOIN user ON news.author_id=user.id  WHERE ( news.isDelete=0 )  [ RunTime:0.0004s ]

[ 2016-12-21T10:48:24+08:00 ] 127.0.0.1 /index.php/home/uci/getDeletedNewsList
INFO: [ app_init ] --START--
INFO: Run Behavior\BuildLiteBehavior [ RunTime:0.000022s ]
INFO: [ app_init ] --END-- [ RunTime:0.000391s ]
INFO: [ app_begin ] --START--
INFO: Run Behavior\ReadHtmlCacheBehavior [ RunTime:0.000575s ]
INFO: [ app_begin ] --END-- [ RunTime:0.000710s ]
SQL: SHOW COLUMNS FROM `news` [ RunTime:0.0021s ]
SQL: SELECT news.id,`title`,news.type_id,`author_id`,name as author_name,`time` FROM `news` INNER JOIN user ON news.author_id=user.id  WHERE ( news.isDelete=1 )  [ RunTime:0.0005s ]

[ 2016-12-21T10:49:17+08:00 ] 127.0.0.1 /index.php/home/uci/getNewsList
INFO: [ app_init ] --START--
INFO: Run Behavior\BuildLiteBehavior [ RunTime:0.000026s ]
INFO: [ app_init ] --END-- [ RunTime:0.000412s ]
INFO: [ app_begin ] --START--
INFO: Run Behavior\ReadHtmlCacheBehavior [ RunTime:0.000512s ]
INFO: [ app_begin ] --END-- [ RunTime:0.000632s ]
SQL: SHOW COLUMNS FROM `news` [ RunTime:0.0013s ]
SQL: SELECT news.id,`title`,news.type_id,`author_id`,name as author_name,`time` FROM `news` INNER JOIN user ON news.author_id=user.id  WHERE ( news.isDelete=0 )  [ RunTime:0.0002s ]

[ 2016-12-21T12:42:02+08:00 ] 127.0.0.1 /index.php/home/uci/getNewsList
INFO: [ app_init ] --START--
INFO: Run Behavior\BuildLiteBehavior [ RunTime:0.000023s ]
INFO: [ app_init ] --END-- [ RunTime:0.000477s ]
INFO: [ app_begin ] --START--
INFO: Run Behavior\ReadHtmlCacheBehavior [ RunTime:0.001519s ]
INFO: [ app_begin ] --END-- [ RunTime:0.001925s ]
SQL: SHOW COLUMNS FROM `news` [ RunTime:0.0027s ]
SQL: SELECT news.id,`title`,news.type_id,`author_id`,name as author_name,`time` FROM `news` INNER JOIN user ON news.author_id=user.id  WHERE ( news.isDelete=0 )  [ RunTime:0.0003s ]

[ 2016-12-21T12:42:03+08:00 ] 127.0.0.1 /index.php/home/uci/getDeletedNewsList
INFO: [ app_init ] --START--
INFO: Run Behavior\BuildLiteBehavior [ RunTime:0.000017s ]
INFO: [ app_init ] --END-- [ RunTime:0.000276s ]
INFO: [ app_begin ] --START--
INFO: Run Behavior\ReadHtmlCacheBehavior [ RunTime:0.000431s ]
INFO: [ app_begin ] --END-- [ RunTime:0.000514s ]
SQL: SHOW COLUMNS FROM `news` [ RunTime:0.0020s ]
SQL: SELECT news.id,`title`,news.type_id,`author_id`,name as author_name,`time` FROM `news` INNER JOIN user ON news.author_id=user.id  WHERE ( news.isDelete=1 )  [ RunTime:0.0005s ]

